Scenario - 
Logfile written - 12/09/2019 11:04:20

Subject	Trial	Event Type	Code	Time	TTime	Uncertainty	Duration	Uncertainty	ReqTime	ReqDur	Stim Type	Pair Index

103	1	Response	4	163098	162937	0
103	1	Response	1	393113	392953	1
103	1	Response	2	401993	401833	0
103	1	Response	1	414392	414231	1
103	1	Response	2	427273	427112	1
103	1	Response	1	434231	434071	2
103	1	Response	2	445112	444952	0
103	1	Response	1	453752	453592	1
103	1	Response	2	462711	462550	2
103	1	Response	1	468872	468711	0
103	1	Response	2	476871	476711	0
103	1	Response	1	487031	486871	1
103	1	Response	2	523031	522870	1
103	1	Response	1	530550	530390	0
103	1	Response	2	536550	536390	0
103	1	Response	1	569190	569029	0
103	1	Response	2	574309	574149	0
103	1	Response	1	626708	626548	1
103	1	Response	2	632948	632788	1
103	1	Response	1	646387	646227	2
103	1	Response	2	647348	647188	0
103	1	Response	1	686387	686227	1
103	1	Response	2	704866	704706	1
103	1	Response	1	705747	705586	1
103	1	Response	2	725667	725506	1
103	1	Response	1	728466	728306	1
103	1	Response	2	754466	754305	1
103	1	Response	1	759185	759025	1
103	1	Response	2	770305	770145	0
103	1	Response	1	774786	774625	0
103	1	Response	2	801825	801665	1
103	1	Response	1	807505	807344	0
103	1	Response	2	812305	812144	0
103	1	Response	1	823344	823184	1
103	1	Response	2	863584	863424	1
103	1	Response	1	898543	898382	0
103	1	Response	2	906623	906462	1
103	1	Response	1	913743	913582	0
103	1	Response	2	914782	914622	0
103	1	Response	1	1018380	1018220	0
103	1	Response	2	1019261	1019101	1
103	1	Response	1	1023420	1023260	1
103	1	Response	2	1024381	1024220	1
103	1	Response	1	1026619	1026459	2
103	1	Response	2	1027899	1027739	1
103	1	Response	1	1051420	1051259	0
103	1	Response	2	1053019	1052859	0
103	1	Response	1	1063819	1063659	1
103	1	Response	2	1064859	1064699	0
103	1	Response	1	1069097	1068937	3
103	1	Response	2	1069978	1069818	1
103	1	Response	1	1083019	1082858	0
103	1	Response	2	1083979	1083819	0
103	1	Response	1	1146938	1146778	1
103	1	Response	2	1147817	1147656	2
103	1	Response	1	1166777	1166617	1
103	1	Response	2	1167897	1167737	1
103	1	Response	1	1184617	1184457	1
103	1	Response	2	1185497	1185337	1
103	1	Response	1	1224056	1223896	0
103	1	Response	2	1225577	1225416	0
103	1	Response	1	1251175	1251015	1
103	1	Response	2	1252456	1252295	1
103	1	Response	1	1305094	1304934	1
103	1	Response	2	1306214	1306054	0
103	1	Response	1	1352933	1352773	1
103	1	Response	2	1354213	1354053	0
103	1	Response	1	1356853	1356693	0
103	1	Response	2	1357813	1357653	1
103	1	Response	1	1448772	1448611	0
103	1	Response	2	1449891	1449731	0
103	1	Response	1	1452451	1452291	1
103	1	Response	2	1453492	1453331	0
103	1	Response	1	1459411	1459251	0
103	1	Response	2	1460451	1460291	0
103	1	Response	1	1490770	1490610	0
103	1	Response	2	1491890	1491729	1
103	1	Response	1	1605887	1605727	1
103	1	Response	2	1606768	1606608	0
103	1	Response	1	1611488	1611328	1
103	1	Response	2	1612448	1612287	1
103	1	Response	1	1614768	1614608	1
103	1	Response	2	1615968	1615807	0
103	1	Response	1	1626528	1626368	0
103	1	Response	2	1627408	1627247	0
103	2	Response	4	1778665	83950	0
103	3	Response	1	1987001	207958	0
103	3	Response	2	2027640	248597	1
103	3	Response	1	2034040	254997	1
103	3	Response	2	2068998	289956	1
103	3	Response	1	2076679	297636	1
103	3	Response	2	2084997	305955	2
103	3	Response	1	2094838	315795	0
103	3	Response	2	2111958	332915	1
103	3	Response	1	2164997	385954	1
103	3	Response	2	2186596	407554	0
103	3	Response	1	2190836	411794	1
103	3	Response	2	2213956	434913	1
103	3	Response	1	2227236	448193	1
103	3	Response	2	2235954	456912	1
103	3	Response	1	2238756	459713	0
103	3	Response	2	2245635	466592	1
103	3	Response	1	2248595	469552	1
103	3	Response	2	2270514	491472	1
103	3	Response	1	2280434	501392	0
103	3	Response	2	2285555	506512	0
103	3	Response	1	2291794	512751	1
103	3	Response	2	2296034	516991	0
103	3	Response	1	2300274	521231	0
103	3	Response	2	2304195	525152	1
103	3	Response	1	2309314	530271	0
103	3	Response	2	2313394	534351	0
103	3	Response	1	2318594	539551	0
103	3	Response	2	2323953	544910	1
103	3	Response	1	2378672	599630	1
103	3	Response	2	2385952	606910	0
103	3	Response	1	2394912	615869	0
103	3	Response	2	2395952	616909	0
103	3	Response	1	2429151	650109	0
103	3	Response	2	2443711	664668	1
103	3	Response	1	2450831	671788	1
103	3	Response	2	2455711	676669	1
103	3	Response	1	2459471	680429	1
103	3	Response	2	2465311	686268	1
103	3	Response	1	2471550	692507	1
103	3	Response	2	2477310	698268	1
103	3	Response	1	2482910	703868	0
103	3	Response	2	2489950	710907	1
103	3	Response	1	2497550	718508	0
103	3	Response	2	2518750	739707	1
103	3	Response	1	2526109	747066	0
103	3	Response	2	2533310	754267	1
103	3	Response	1	2537709	758667	1
103	3	Response	2	2541549	762506	1
103	3	Response	1	2563868	784825	1
103	3	Response	2	2575548	796505	1
103	3	Response	1	2583788	804745	1
103	3	Response	2	2584668	805625	0
103	4	Response	1	2761544	175055	1
103	4	Response	2	2765784	179295	0
103	4	Response	1	2779783	193293	1
103	4	Response	2	2786184	199694	0
103	4	Response	1	2791944	205454	1
103	4	Response	2	2810503	224014	0
103	4	Response	1	2814503	228014	1
103	4	Response	2	2828903	242413	1
103	4	Response	1	2833143	246653	1
103	4	Response	2	2839783	253293	0
103	4	Response	1	2845862	259372	1
103	4	Response	2	2850980	264490	3
103	4	Response	1	2855383	268893	1
103	4	Response	2	2868102	281613	0
103	4	Response	1	2872102	285612	1
103	4	Response	2	2882661	296171	2
103	4	Response	1	2910741	324252	1
103	4	Response	2	2913701	327211	0
103	4	Response	1	2931942	345452	0
103	4	Response	2	2937221	350731	0
103	4	Response	1	2943701	357211	1
103	4	Response	2	2944741	358251	0
103	4	Response	1	2957381	370891	1
103	4	Response	2	2962100	375610	1
103	4	Response	1	2966099	379609	1
103	4	Response	2	2970340	383851	1
103	4	Response	1	2976260	389770	1
103	4	Response	2	2980579	394090	1
103	4	Response	1	2989619	403129	1
103	4	Response	2	2994019	407530	0
103	4	Response	1	2997060	410570	0
103	4	Response	2	3007940	421451	0
103	4	Response	1	3010179	423690	1
103	4	Response	2	3016339	429849	1
103	4	Response	1	3021539	435049	1
103	4	Response	2	3025139	438650	1
103	4	Response	1	3027939	441449	0
103	4	Response	2	3032259	445769	0
103	4	Response	1	3044819	458329	1
103	4	Response	2	3049059	462569	1
103	4	Response	1	3054738	468249	1
103	4	Response	2	3059618	473129	0
103	4	Response	1	3073218	486728	0
103	4	Response	2	3074098	487608	0
103	5	Video	Vogels_1min	3128454	52830	1			0		other	0
103	6	Response	4	3790383	76634	0
103	7	Response	1	4475429	684685	1
103	7	Response	2	4513028	722284	0
103	7	Response	1	4606947	816202	0
103	7	Response	2	4651266	860522	1
103	7	Response	1	4672465	881721	0
103	7	Response	2	4691425	900681	1
103	7	Response	1	4695264	904520	1
103	7	Response	2	4702385	911641	1
103	7	Response	1	4706784	916040	1
103	7	Response	2	4734864	944120	1
103	7	Response	1	4741503	950759	0
103	7	Response	2	4752463	961718	1
103	7	Response	1	4813022	1022278	1
103	7	Response	2	4826462	1035718	0
103	7	Response	1	4838861	1048117	2
103	7	Response	2	4849423	1058679	0
103	7	Response	1	4874781	1084037	0
103	7	Response	2	4887981	1097237	1
103	7	Response	1	4890781	1100037	1
103	7	Response	2	4905901	1115157	1
103	7	Response	1	4909420	1118676	1
103	7	Response	2	4912779	1122035	1
103	7	Response	1	4917420	1126676	1
103	7	Response	2	4920220	1129476	1
103	7	Response	1	4926780	1136036	0
103	7	Response	2	4930460	1139716	1
103	7	Response	1	4936379	1145635	1
103	7	Response	2	4947019	1156274	1
103	7	Response	1	4951979	1161235	1
103	7	Response	2	4956220	1165476	1
103	7	Response	1	4961339	1170595	1
103	7	Response	2	4964859	1174115	1
103	7	Response	1	4969659	1178915	0
103	7	Response	2	4974219	1183475	1
103	7	Response	1	4980299	1189555	0
103	7	Response	2	4984619	1193875	0
103	7	Response	1	4990619	1199875	0
103	7	Response	2	4995658	1204914	1
103	7	Response	1	5034138	1243394	0
103	7	Response	2	5038297	1247553	0
103	7	Response	1	5043417	1252673	1
103	7	Response	2	5051577	1260833	0
103	7	Response	1	5057098	1266354	0
103	7	Response	2	5073817	1283072	1
103	7	Response	1	5078537	1287793	1
103	7	Response	2	5081657	1290912	1
103	7	Response	1	5086857	1296113	0
103	7	Response	2	5096937	1306193	1
103	7	Response	1	5103496	1312752	1
103	7	Response	2	5108855	1318111	1
103	7	Response	1	5118855	1328111	2
103	7	Response	2	5119816	1329072	0
103	7	Response	1	5140216	1349472	1
103	7	Response	2	5149735	1358991	1
103	7	Response	1	5158215	1367471	1
103	7	Response	2	5164775	1374031	1
103	7	Response	1	5171174	1380430	1
103	7	Response	2	5181655	1390911	1
103	7	Response	1	5188135	1397391	0
103	7	Response	2	5197494	1406750	1
103	7	Response	1	5209255	1418511	1
103	7	Response	2	5217014	1426270	1
103	7	Response	1	5223494	1432750	1
103	7	Response	2	5238454	1447710	1
103	7	Response	1	5252054	1461309	0
103	7	Response	2	5253093	1462349	0
103	8	Video	Whales_1min	5306978	52496	1			0		other	0
103	9	Response	4	6153375	250602	0
103	10	Response	1	6386670	232914	0
103	10	Response	2	6396830	243074	0
103	10	Response	1	6400830	247074	1
103	10	Response	2	6404830	251074	0
103	10	Response	1	6406830	253074	1
103	10	Response	2	6410190	256434	0
103	10	Response	1	6416110	262354	0
103	10	Response	2	6421469	267713	1
103	10	Response	1	6466109	312353	0
103	10	Response	2	6473388	319632	1
103	10	Response	1	6505708	351952	0
103	10	Response	2	6520348	366592	0
103	10	Response	1	6525227	371471	0
103	10	Response	2	6541387	387631	1
103	10	Response	1	6542905	389149	3
103	10	Response	2	6546187	392431	1
103	10	Response	1	6548826	395071	1
103	10	Response	2	6565547	411791	0
103	10	Response	1	6576506	422751	1
103	10	Response	2	6585226	431470	0
103	10	Response	1	6589945	436190	1
103	10	Response	2	6593546	439790	0
103	10	Response	1	6619465	465709	1
103	10	Response	2	6632345	478589	1
103	10	Response	1	6646344	492589	1
103	10	Response	2	6673944	520189	0
103	10	Response	1	6678823	525067	1
103	10	Response	2	6679944	526188	0
103	10	Response	1	6686665	532909	0
103	10	Response	2	6696264	542508	0
103	10	Response	1	6703543	549788	1
103	10	Response	2	6704424	550668	0
103	10	Response	1	6718343	564587	1
103	10	Response	2	6723863	570107	0
103	10	Response	1	6726263	572507	0
103	10	Response	2	6733703	579947	1
103	10	Response	1	6738103	584347	1
103	10	Response	2	6744582	590827	1
103	10	Response	1	6753463	599707	0
103	10	Response	2	6759543	605787	0
103	10	Response	1	6764742	610986	0
103	10	Response	2	6769062	615306	1
103	10	Response	1	6777862	624106	0
103	10	Response	2	6782661	628906	0
103	10	Response	1	6799622	645867	1
103	10	Response	2	6804901	651146	0
103	10	Response	1	6818181	664426	0
103	10	Response	2	6819141	665385	0
103	11	Response	4	7019437	198891	0
103	12	Picture	Start_fixation	7019532	0	7	80162	13	0	next	other	0
103	12	Picture	Start_basket	7099694	80162	7	79995	7	80000	next	other	0
103	12	Response	1	7208813	189281	1
103	12	Response	2	7214013	194481	0
103	12	Response	1	7222572	203040	1
103	12	Response	2	7223693	204161	0
103	13	Picture	Start_fixation	7226018	0	7	80161	13	0	next	other	0
103	13	Picture	F	7306180	80161	7	79995	7	80000	next	other	0
103	13	Response	1	7406090	180072	1
103	13	Response	2	7410650	184632	1
103	13	Response	1	7424009	197990	0
103	13	Response	2	7424969	198951	0
103	14	Picture	Start_fixation	7427339	0	7	80161	13	0	next	other	0
103	14	Picture	B	7507500	80161	7	79995	7	80000	next	other	0
103	14	Response	1	7604165	176826	1
103	14	Response	2	7606485	179146	1
103	14	Response	1	7620645	193307	1
103	14	Response	2	7621445	194106	0
103	15	Picture	Start_fixation	7624159	0	7	80161	13	0	next	other	0
103	15	Picture	E	7704320	80161	7	79995	7	80000	next	other	0
103	15	Response	1	7816881	192722	0
103	15	Response	2	7820719	196561	1
103	15	Response	1	7828800	204642	1
103	15	Response	2	7829921	205762	0
103	16	Picture	Start_fixation	7832145	0	7	80161	13	0	next	other	0
103	16	Picture	A	7912306	80161	7	79995	7	80000	next	other	0
103	16	Response	1	8008477	176332	1
103	16	Response	2	8014077	181931	1
103	16	Response	1	8028796	196651	0
103	16	Response	2	8029596	197451	0
103	17	Picture	Start_fixation	8032132	0	7	80161	13	0	next	other	0
103	17	Picture	D	8112293	80161	7	79995	7	80000	next	other	0
103	17	Response	1	8207832	175701	1
103	17	Response	2	8211912	179780	1
103	17	Response	1	8224471	192339	1
103	17	Response	2	8225512	193380	0
103	18	Picture	Start_fixation	8227952	0	7	80161	13	0	next	other	0
103	18	Picture	C	8308113	80161	7	79995	7	80000	next	other	0
103	18	Response	1	8404228	176276	0
103	18	Response	2	8407828	179876	1
103	18	Response	1	8418227	190275	1
103	18	Response	2	8419268	191316	0
103	19	Response	4	8478047	57441	1
103	20	Picture	1	8564263	80161	7	79995	7	80000	next	other	0
103	20	Response	1	8784381	300279	1
103	20	Response	2	8785901	301799	0
103	20	Response	1	8879739	395637	1
103	20	Response	2	8881099	396997	0
103	21	Picture	B	8975069	80161	7	79995	7	80000	next	other	0
103	21	Response	1	9102374	207466	1
103	21	Response	2	9103414	208506	0
103	21	Response	1	9170933	276025	0
103	21	Response	2	9172133	277225	0
103	22	Picture	P	9266216	80161	7	79995	7	80000	next	other	0
103	22	Response	1	9435087	249032	1
103	22	Response	2	9436448	250393	0
103	22	Response	1	9488606	302551	1
103	22	Response	2	9489727	303671	0
103	23	Picture	C	9583862	80161	7	79995	7	80000	next	other	0
103	23	Response	1	9712920	209220	2
103	23	Response	2	9714121	210421	0
103	23	Response	1	9764921	261220	1
103	23	Response	2	9765961	262260	0
103	24	Picture	J	9860010	80161	7	79995	7	80000	next	other	0
103	24	Response	1	10019636	239787	1
103	24	Response	2	10020835	240986	0
103	24	Response	1	10054035	274186	0
103	24	Response	2	10055475	275626	0
103	25	Picture	2	10149325	80161	7	79995	7	80000	next	other	0
103	25	Response	1	10253231	184068	0
103	25	Response	2	10254351	185187	0
103	25	Response	1	10282910	213747	1
103	25	Response	2	10284110	214947	0
103	26	Picture	U	10377976	80161	7	79995	7	80000	next	other	0
103	26	Response	1	10474426	176611	0
103	26	Response	2	10475466	177652	0
103	26	Response	1	10494186	196371	1
103	26	Response	2	10495385	197571	0
103	27	Picture	N	10589462	80161	7	79995	7	80000	next	other	0
103	27	Response	1	10693460	184160	1
103	27	Response	2	10694421	185120	0
103	27	Response	1	10713061	203760	0
103	27	Response	2	10714421	205121	0
103	28	Picture	L	10808114	80161	7	79995	7	80000	next	other	0
103	28	Response	1	10911137	183185	0
103	28	Response	2	10912417	184464	0
103	28	Response	1	10950896	222944	0
103	28	Response	2	10952016	224063	0
103	29	Picture	Y	11045932	80161	7	79995	7	80000	next	other	0
103	29	Response	1	11147212	181442	1
103	29	Response	2	11148412	182642	0
103	29	Response	1	11169611	203841	1
103	29	Response	2	11171212	205441	0
103	30	Picture	G	11264917	80161	7	79995	7	80000	next	other	0
103	30	Response	1	11378168	193412	0
103	30	Response	2	11379448	194692	0
103	30	Response	1	11398327	213571	0
103	30	Response	2	11399767	215012	0
103	31	Picture	X	11493402	80161	7	79995	7	80000	next	other	0
103	31	Response	1	11587843	174603	1
103	31	Response	2	11589203	175963	0
103	31	Response	1	11625762	212522	1
103	31	Response	2	11626962	213722	0
103	32	Picture	D	11721386	80161	7	79995	7	80000	next	other	0
103	32	Response	1	11822958	181733	1
103	32	Response	2	11824238	183013	0
103	32	Response	1	11851757	210531	1
103	32	Response	2	11852958	211732	0
103	33	Picture	R	11946871	80161	7	79995	7	80000	next	other	0
103	33	Response	1	12044234	177524	1
103	33	Response	2	12045754	179043	0
103	33	Response	1	12065913	199203	0
103	33	Response	2	12067193	200483	0
103	34	Picture	W	12161524	80161	7	79995	7	80000	next	other	0
103	34	Response	1	12257270	175907	0
103	34	Response	2	12258469	177107	0
103	34	Response	1	12288549	207186	1
103	34	Response	2	12289909	208546	0
103	35	Picture	H	12383842	80161	7	79995	7	80000	next	other	0
103	35	Response	1	12478385	174704	1
103	35	Response	2	12479745	176064	0
103	35	Response	1	12509264	205583	1
103	35	Response	2	12510464	206783	0
103	36	Picture	S	12604328	80161	7	79995	7	80000	next	other	0
103	36	Response	1	12698940	174774	1
103	36	Response	2	12700060	175894	0
103	36	Response	1	12732700	208533	0
103	36	Response	2	12734059	209893	0
103	37	Picture	Q	12828313	80161	7	79995	7	80000	next	other	0
103	37	Response	1	12924296	176145	1
103	37	Response	2	12925655	177504	0
103	37	Response	1	12942776	194624	0
103	37	Response	2	12944535	196384	0
103	38	Picture	A	13037965	80161	7	79995	7	80000	next	other	0
103	38	Response	1	13137492	179687	0
103	38	Response	2	13139011	181207	0
103	38	Response	1	13169091	211287	0
103	38	Response	2	13170530	212726	0
103	39	Picture	F	13264284	80161	7	79995	7	80000	next	other	0
103	39	Response	1	13364207	180085	1
103	39	Response	2	13365807	181684	0
103	39	Response	1	13382606	198484	0
103	39	Response	2	13384046	199924	0
103	40	Picture	Z	13477603	80161	7	79995	7	80000	next	other	0
103	40	Response	1	13581962	184521	1
103	40	Response	2	13583482	186041	0
103	40	Response	1	13609482	212041	0
103	40	Response	2	13611242	213800	0
103	41	Picture	M	13704921	80161	7	79995	7	80000	next	other	0
103	41	Response	1	13816117	191358	0
103	41	Response	2	13817317	192558	0
103	41	Response	1	13845157	220397	1
103	41	Response	2	13846597	221837	0
103	42	Picture	E	13940405	80161	7	79995	7	80000	next	other	0
103	42	Response	1	14050032	189789	1
103	42	Response	2	14051152	190909	0
103	42	Response	1	14075072	214828	1
103	42	Response	2	14076432	216188	0
103	43	Picture	T	14170223	80161	7	79995	7	80000	next	other	0
103	43	Response	1	14266988	176926	0
103	43	Response	2	14268668	178606	0
103	43	Response	1	14311547	221485	1
103	43	Response	2	14312907	222845	0
103	44	Picture	V	14406541	80161	7	79995	7	80000	next	other	0
103	44	Response	1	14501943	175564	0
103	44	Response	2	14503063	176683	0
103	44	Response	1	14557382	231002	1
103	44	Response	2	14558582	232202	0
103	45	Picture	O	14652524	80161	7	79995	7	80000	next	other	0
103	45	Response	1	14756578	184215	1
103	45	Response	2	14757698	185335	0
103	45	Response	1	14785617	213254	1
103	45	Response	2	14787057	214694	0
103	46	Picture	K	14880676	80161	7	79995	7	80000	next	other	0
103	46	Response	1	14986094	185579	1
103	46	Response	2	14987373	186859	1
103	46	Response	1	15034573	234058	1
103	46	Response	2	15035612	235098	0
103	47	Picture	I	15129659	80161	7	79995	7	80000	next	other	0
103	47	Response	1	15226408	176910	1
103	47	Response	2	15227768	178270	0
103	47	Response	1	15255528	206030	1
103	47	Response	2	15256648	207150	0
103	48	Response	1	15362165	82516	0
103	48	Response	2	15364006	84357	0
103	48	Quit		17116190	1836541	NA
