Scenario - 
Logfile written - 11/14/2019 15:52:47

Subject	Trial	Event Type	Code	Time	TTime	Uncertainty	Duration	Uncertainty	ReqTime	ReqDur	Stim Type	Pair Index

60	1	Response	4	108708	108381	0
60	1	Response	1	147802	147475	0
60	1	Response	2	158521	158194	1
60	1	Response	1	177881	177554	0
60	1	Response	2	186041	185714	0
60	1	Response	1	195881	195554	0
60	1	Response	2	202681	202354	1
60	1	Response	1	218040	217713	1
60	1	Response	2	223640	223313	1
60	1	Response	1	233160	232833	1
60	1	Response	2	242440	242113	0
60	1	Response	1	248200	247873	1
60	1	Response	2	255879	255552	1
60	1	Response	1	263479	263152	0
60	1	Response	2	269079	268752	1
60	1	Response	1	327638	327311	1
60	1	Response	2	362837	362510	1
60	1	Response	1	377477	377150	0
60	1	Response	2	404517	404190	0
60	1	Response	1	444196	443869	1
60	1	Response	2	447556	447229	1
60	1	Response	1	458595	458268	0
60	1	Response	2	459635	459308	0
60	1	Response	1	491235	490908	0
60	1	Response	2	500434	500108	0
60	1	Response	1	508594	508268	1
60	1	Response	2	513954	513627	1
60	1	Response	1	531634	531307	1
60	1	Response	2	538674	538347	1
60	1	Response	1	548113	547786	1
60	1	Response	2	559473	559146	1
60	1	Response	1	567393	567066	1
60	1	Response	2	574033	573706	0
60	1	Response	1	584993	584666	1
60	1	Response	2	588752	588425	1
60	1	Response	1	597392	597065	0
60	1	Response	2	598992	598665	0
60	1	Response	1	660751	660424	0
60	1	Response	2	662351	662024	0
60	1	Response	1	718830	718503	1
60	1	Response	2	720029	719703	0
60	1	Response	1	728749	728422	1
60	1	Response	2	730189	729862	0
60	1	Response	1	779868	779541	0
60	1	Response	2	781468	781141	0
60	1	Response	3	785708	785381	0
60	1	Response	1	785788	785461	0
60	1	Response	2	785868	785541	0
60	1	Response	1	827628	827301	1
60	1	Response	2	828828	828501	0
60	1	Response	1	871944	871617	3
60	1	Response	2	873467	873140	0
60	1	Response	1	904426	904099	0
60	1	Response	2	905706	905379	0
60	1	Response	1	939065	938739	1
60	1	Response	2	940185	939858	1
60	1	Response	1	970744	970418	1
60	1	Response	2	971945	971618	0
60	1	Response	1	975384	975058	1
60	1	Response	2	976665	976338	0
60	1	Response	1	1013304	1012977	0
60	1	Response	2	1014424	1014097	0
60	1	Response	1	1043223	1042896	1
60	1	Response	2	1044423	1044096	0
60	1	Response	1	1051143	1050816	1
60	1	Response	2	1052503	1052176	0
60	2	Response	4	1202525	78273	0
60	3	Response	1	1439135	236221	0
60	3	Response	2	1446572	243658	3
60	3	Response	1	1454175	251262	0
60	3	Response	2	1463375	260461	1
60	3	Response	1	1480814	277900	0
60	3	Response	2	1484174	281260	1
60	3	Response	1	1489295	286381	0
60	3	Response	2	1491774	288860	1
60	3	Response	1	1499614	296700	0
60	3	Response	2	1503133	300220	1
60	3	Response	1	1539933	337019	0
60	3	Response	2	1543373	340459	1
60	3	Response	1	1556492	353579	0
60	3	Response	2	1560412	357499	0
60	3	Response	1	1568652	365739	1
60	3	Response	2	1570892	367978	1
60	3	Response	1	1576572	373659	0
60	3	Response	2	1577852	374938	0
60	3	Response	1	1606330	403417	1
60	3	Response	2	1610731	407818	1
60	3	Response	1	1617211	414298	1
60	3	Response	2	1621452	418538	1
60	3	Response	1	1629531	426618	1
60	3	Response	2	1633211	430297	1
60	3	Response	1	1639371	436457	1
60	3	Response	2	1642971	440057	0
60	3	Response	1	1651532	448618	1
60	3	Response	2	1655050	452137	0
60	3	Response	1	1663930	461017	0
60	3	Response	2	1668890	465976	1
60	3	Response	1	1671610	468697	0
60	3	Response	2	1674730	471817	0
60	3	Response	1	1682170	479256	1
60	3	Response	2	1683610	480696	0
60	4	Response	1	1863606	178725	0
60	4	Response	2	1869043	184161	3
60	4	Response	1	1901767	216885	0
60	4	Response	2	1923446	238564	0
60	4	Response	1	1974884	290002	0
60	4	Response	2	1976084	291202	0
60	4	Response	1	1982564	297682	1
60	4	Response	2	1985924	301042	1
60	4	Response	1	1995043	310162	1
60	4	Response	2	2000564	315682	0
60	4	Response	1	2009123	324241	1
60	4	Response	2	2017043	332161	1
60	4	Response	1	2023843	338961	0
60	4	Response	2	2030163	345281	0
60	4	Response	1	2041523	356641	1
60	4	Response	2	2053842	368960	0
60	4	Response	1	2075122	390240	1
60	4	Response	2	2082242	397360	0
60	4	Response	1	2106481	421600	0
60	4	Response	2	2111601	426719	0
60	4	Response	1	2120321	435439	0
60	4	Response	2	2121921	437039	0
60	4	Response	1	2146401	461520	1
60	4	Response	2	2153280	468398	1
60	4	Response	1	2162401	477519	0
60	4	Response	2	2169200	484318	1
60	4	Response	1	2176080	491198	0
60	4	Response	2	2183920	499038	1
60	4	Response	1	2189357	504475	4
60	4	Response	2	2195599	510718	0
60	4	Response	1	2203039	518157	1
60	4	Response	2	2208239	523357	1
60	4	Response	1	2231199	546317	1
60	4	Response	2	2234318	549436	0
60	4	Response	1	2253278	568397	1
60	4	Response	2	2254878	569996	0
60	5	Video	Vogels_1min	2308341	52663	1			0		other	0
60	6	Response	4	2942810	49008	0
60	7	Response	1	3182859	239560	1
60	7	Response	2	3187019	243720	1
60	7	Response	1	3212779	269480	0
60	7	Response	2	3218138	274839	1
60	7	Response	1	3224778	281479	1
60	7	Response	2	3228618	285319	0
60	7	Response	1	3237018	293719	0
60	7	Response	2	3271177	327878	0
60	7	Response	1	3289338	346039	1
60	7	Response	2	3297657	354358	0
60	7	Response	1	3304297	360998	1
60	7	Response	2	3305816	362518	0
60	7	Response	1	3327176	383877	0
60	7	Response	2	3332136	388837	1
60	7	Response	1	3340055	396757	1
60	7	Response	2	3344056	400757	1
60	7	Response	1	3351496	408197	1
60	7	Response	2	3356296	412997	1
60	7	Response	1	3361255	417957	1
60	7	Response	2	3368935	425636	1
60	7	Response	1	3375575	432276	1
60	7	Response	2	3380455	437156	1
60	7	Response	1	3393975	450676	1
60	7	Response	2	3395334	452036	0
60	8	Video	Whales_1min	3449099	52663	1			0		other	0
60	9	Response	4	4075667	30941	0
60	10	Response	3	4314916	238859	0
60	10	Response	1	4320356	244298	1
60	10	Response	2	4327796	251738	0
60	10	Response	1	4332836	256779	1
60	10	Response	2	4336995	260938	0
60	10	Response	1	4342595	266538	0
60	10	Response	2	4348755	272698	0
60	10	Response	1	4355713	279656	2
60	10	Response	2	4359795	283738	1
60	10	Response	1	4367235	291177	1
60	10	Response	2	4370594	294537	0
60	10	Response	1	4378514	302457	1
60	10	Response	2	4384994	308937	1
60	10	Response	1	4392115	316058	1
60	10	Response	2	4393314	317257	0
60	10	Response	1	4414514	338456	0
60	10	Response	2	4418593	342536	0
60	10	Response	1	4425953	349896	0
60	10	Response	2	4430513	354456	0
60	10	Response	1	4436034	359976	1
60	10	Response	2	4440353	364296	1
60	10	Response	1	4449233	373176	1
60	10	Response	2	4454273	378216	0
60	10	Response	1	4459393	383335	1
60	10	Response	2	4463153	387096	0
60	10	Response	1	4469313	393255	1
60	10	Response	2	4472753	396696	0
60	10	Response	1	4478913	402855	1
60	10	Response	2	4480033	403975	0
60	11	Response	4	4575256	93892	0
60	12	Picture	Start_fixation	4575358	0	7	80161	13	0	next	other	0
60	12	Picture	Start_basket	4655519	80161	7	79995	7	80000	next	other	0
60	12	Response	1	4767067	191709	1
60	12	Response	2	4776746	201389	0
60	12	Response	1	4790346	214989	1
60	12	Response	2	4793946	218589	1
60	12	Response	1	4806506	231148	1
60	12	Response	2	4807946	232589	0
60	13	Picture	Start_fixation	4809842	0	7	80161	13	0	next	other	0
60	13	Picture	E	4890003	80161	7	79995	7	80000	next	other	0
60	13	Response	1	4988022	178180	0
60	13	Response	2	4997142	187300	0
60	13	Response	1	5002341	192499	1
60	13	Response	2	5004021	194179	1
60	13	Response	1	5013542	203700	0
60	13	Response	2	5016661	206819	0
60	13	Response	3	5019701	209859	0
60	13	Response	1	5026421	216579	0
60	13	Response	2	5027621	217779	0
60	14	Picture	Start_fixation	5029827	0	7	80161	13	0	next	other	0
60	14	Picture	B	5109989	80161	7	79995	7	80000	next	other	0
60	14	Response	1	5212977	183150	0
60	14	Response	2	5216896	187069	1
60	14	Response	1	5228017	198189	0
60	14	Response	2	5229377	199550	0
60	15	Picture	Start_fixation	5231481	0	7	80161	13	0	next	other	0
60	15	Picture	A	5311642	80161	7	79995	7	80000	next	other	0
60	15	Response	1	5414574	183093	1
60	15	Response	2	5417373	185892	0
60	15	Response	1	5426573	195092	0
60	15	Response	2	5427613	196133	0
60	16	Picture	Start_fixation	5429968	0	7	80161	13	0	next	other	0
60	16	Picture	F	5510129	80161	7	79995	7	80000	next	other	0
60	16	Response	1	5611370	181402	1
60	16	Response	2	5621929	191961	1
60	16	Response	1	5633449	203481	1
60	16	Response	2	5636009	206041	0
60	16	Response	1	5645849	215881	1
60	16	Response	2	5647448	217481	0
60	17	Picture	Start_fixation	5649286	0	7	80161	13	0	next	other	0
60	17	Picture	D	5729448	80161	7	79995	7	80000	next	other	0
60	17	Response	1	5834805	185518	0
60	17	Response	2	5837924	188638	1
60	17	Response	1	5841925	192638	0
60	17	Response	2	5844004	194718	1
60	17	Response	1	5863684	214398	1
60	17	Response	2	5864804	215517	0
60	18	Picture	Start_fixation	5867105	0	7	80161	13	0	next	other	0
60	18	Picture	C	5947267	80161	7	79995	7	80000	next	other	0
60	18	Response	1	6046640	179535	1
60	18	Response	2	6056000	188895	1
60	18	Response	1	6064879	197774	1
60	18	Response	2	6066480	199375	0
60	19	Response	4	6124104	56846	0
60	20	Picture	E	6210415	80161	7	79995	7	80000	next	other	0
60	20	Response	1	6354714	224460	1
60	20	Response	2	6356554	226300	0
60	20	Response	1	6552310	422056	1
60	20	Response	2	6553990	423735	0
60	21	Picture	X	6647387	80161	7	79995	7	80000	next	other	0
60	21	Response	1	6760704	193479	2
60	21	Response	2	6762545	195320	0
60	21	Response	1	6787825	220600	1
60	21	Response	2	6789105	221879	0
60	22	Picture	O	6883537	80161	7	79995	7	80000	next	other	0
60	22	Response	1	6991261	187885	0
60	22	Response	2	6993181	189804	0
60	22	Response	1	7029340	225964	0
60	22	Response	2	7030460	227084	0
60	23	Picture	1	7124355	80161	7	79995	7	80000	next	other	0
60	23	Response	1	7232136	187943	0
60	23	Response	2	7233496	189302	0
60	23	Response	1	7255575	211382	1
60	23	Response	2	7256695	212502	0
60	24	Picture	R	7350673	80161	7	79995	7	80000	next	other	0
60	24	Response	1	7466051	195539	0
60	24	Response	2	7467571	197059	0
60	24	Response	1	7505490	234978	0
60	24	Response	2	7507090	236578	0
60	25	Picture	N	7600656	80161	7	79995	7	80000	next	other	0
60	25	Response	1	7722526	202031	0
60	25	Response	2	7724285	203790	0
60	25	Response	1	7749726	229231	0
60	25	Response	2	7751006	230510	0
60	26	Picture	Y	7845140	80161	7	79995	7	80000	next	other	0
60	26	Response	1	7965401	200422	1
60	26	Response	2	7966841	201862	0
60	26	Response	1	8005480	240501	0
60	26	Response	2	8007080	242101	0
60	27	Picture	S	8101623	80161	7	79995	7	80000	next	other	0
60	27	Response	1	8208116	186654	1
60	27	Response	2	8209635	188174	0
60	27	Response	1	8240995	219533	1
60	27	Response	2	8242675	221213	0
60	28	Picture	H	8336941	80161	7	79995	7	80000	next	other	0
60	28	Response	1	8440511	183732	0
60	28	Response	2	8441871	185092	0
60	28	Response	1	8470190	213411	1
60	28	Response	2	8471551	214771	0
60	29	Picture	W	8565259	80161	7	79995	7	80000	next	other	0
60	29	Response	1	8675146	190049	1
60	29	Response	2	8676666	191569	0
60	29	Response	1	8702265	217168	1
60	29	Response	2	8704265	219168	0
60	30	Picture	F	8797576	80161	7	79995	7	80000	next	other	0
60	30	Response	1	8903142	185727	0
60	30	Response	2	8905221	187806	0
60	30	Response	1	8946979	229564	1
60	30	Response	2	8948821	231405	0
60	31	Picture	J	9042060	80161	7	79995	7	80000	next	other	0
60	31	Response	1	9146256	184357	1
60	31	Response	2	9147776	185877	0
60	31	Response	1	9228255	266357	0
60	31	Response	2	9230175	268276	0
60	32	Picture	Q	9323375	80161	7	79995	7	80000	next	other	0
60	32	Response	1	9436410	193197	0
60	32	Response	2	9438410	195197	0
60	32	Response	1	9484890	241676	1
60	32	Response	2	9486329	243116	0
60	33	Picture	U	9580357	80161	7	79995	7	80000	next	other	0
60	33	Response	1	9688646	188449	1
60	33	Response	2	9689765	189569	0
60	33	Response	1	9714005	213809	0
60	33	Response	2	9715284	215088	0
60	34	Picture	T	9809509	80161	7	79995	7	80000	next	other	0
60	34	Response	1	9921201	191853	0
60	34	Response	2	9922720	193373	0
60	34	Response	1	9945840	216493	1
60	34	Response	2	9947600	218252	0
60	35	Picture	V	10040993	80161	7	79995	7	80000	next	other	0
60	35	Response	1	10151116	190284	1
60	35	Response	2	10152956	192124	0
60	35	Response	1	10180956	220123	0
60	35	Response	2	10182555	221723	0
60	36	Picture	B	10276144	80161	7	79995	7	80000	next	other	0
60	36	Response	1	10389991	194008	1
60	36	Response	2	10391751	195768	0
60	36	Response	1	10435110	239127	0
60	36	Response	2	10436710	240727	0
60	37	Picture	2	10530294	80161	7	79995	7	80000	next	other	0
60	37	Response	1	10631346	181213	1
60	37	Response	2	10632546	182413	0
60	37	Response	1	10670386	220253	1
60	37	Response	2	10671985	221852	0
60	38	Picture	I	10765445	80161	7	79995	7	80000	next	other	0
60	38	Response	1	10868381	183097	0
60	38	Response	2	10869581	184297	0
60	38	Response	1	10890621	205337	0
60	38	Response	2	10891740	206457	0
60	39	Picture	K	10985930	80161	7	79995	7	80000	next	other	0
60	39	Response	1	11098137	192368	0
60	39	Response	2	11099897	194128	0
60	39	Response	1	11140696	234927	1
60	39	Response	2	11142056	236287	0
60	40	Picture	A	11235914	80161	7	79995	7	80000	next	other	0
60	40	Response	1	11338851	183099	1
60	40	Response	2	11340291	184539	0
60	40	Response	1	11358611	202859	0
60	40	Response	2	11359811	204059	0
60	41	Picture	M	11453732	80161	7	79994	7	80000	next	other	0
60	41	Response	1	11554127	180556	0
60	41	Response	2	11555727	182156	0
60	41	Response	1	11578127	204556	1
60	41	Response	2	11579647	206075	0
60	42	Picture	L	11673218	80161	7	79995	7	80000	next	other	0
60	42	Response	1	11789162	196106	1
60	42	Response	2	11791082	198026	0
60	42	Response	1	11881401	288344	0
60	42	Response	2	11883320	290264	0
60	43	Picture	D	11976697	80161	7	79995	7	80000	next	other	0
60	43	Response	1	12098436	201900	1
60	43	Response	2	12100596	204060	0
60	43	Response	1	12156435	259899	1
60	43	Response	2	12158435	261898	0
60	44	Picture	C	12251679	80161	7	79995	7	80000	next	other	0
60	44	Response	1	12358591	187074	1
60	44	Response	2	12360671	189153	0
60	44	Response	1	12384190	212672	1
60	44	Response	2	12385870	214352	0
60	45	Picture	G	12479664	80161	7	79995	7	80000	next	other	0
60	45	Response	1	12580266	180764	1
60	45	Response	2	12581626	182123	0
60	45	Response	1	12607945	208443	0
60	45	Response	2	12609465	209962	0
60	46	Picture	Z	12703482	80161	7	79995	7	80000	next	other	0
60	46	Response	1	12807141	183820	0
60	46	Response	2	12808421	185100	0
60	46	Response	1	12829301	205980	0
60	46	Response	2	12830421	207100	0
60	47	Picture	P	12924301	80161	7	79995	7	80000	next	other	0
60	47	Response	1	13034256	190117	1
60	47	Response	2	13035457	191318	0
60	47	Response	1	13056736	212597	0
60	47	Response	2	13057936	213796	0
60	48	Quit		15246342	2165552	NA
