Scenario - 
Logfile written - 11/14/2019 17:38:17

Subject	Trial	Event Type	Code	Time	TTime	Uncertainty	Duration	Uncertainty	ReqTime	ReqDur	Stim Type	Pair Index

62	1	Response	4	142863	142702	0
62	1	Response	1	185317	185156	0
62	1	Response	2	188197	188036	0
62	1	Response	1	202437	202276	1
62	1	Response	2	205957	205796	0
62	1	Response	1	258035	257875	0
62	1	Response	2	259635	259474	1
62	1	Response	1	317074	316913	0
62	1	Response	2	318514	318353	1
62	1	Response	1	352833	352673	0
62	1	Response	2	354352	354191	2
62	1	Response	1	365311	365150	2
62	1	Response	2	366273	366112	0
62	1	Response	1	384353	384192	1
62	1	Response	2	385392	385232	0
62	1	Response	1	392913	392752	0
62	1	Response	2	393952	393792	0
62	1	Response	1	404352	404191	1
62	1	Response	2	405551	405390	2
62	1	Response	1	448192	448031	1
62	1	Response	2	455871	455710	1
62	1	Response	1	469631	469470	1
62	1	Response	2	470991	470830	0
62	1	Response	1	498349	498189	1
62	1	Response	2	499950	499790	1
62	1	Response	1	504990	504829	0
62	1	Response	2	506350	506189	1
62	1	Response	1	531469	531309	1
62	1	Response	2	532748	532587	2
62	1	Response	1	542269	542109	1
62	1	Response	2	544029	543869	1
62	1	Response	1	551790	551629	0
62	1	Response	2	553309	553148	0
62	1	Response	1	558749	558588	1
62	1	Response	2	559949	559788	0
62	1	Response	1	566829	566668	0
62	1	Response	2	570188	570027	2
62	1	Response	1	571948	571787	2
62	1	Response	2	582749	582588	0
62	1	Response	1	604028	603867	0
62	1	Response	2	605307	605146	2
62	1	Response	1	636587	636427	1
62	1	Response	2	638027	637867	0
62	1	Response	3	725146	724985	1
62	1	Response	1	787864	787704	0
62	1	Response	2	789784	789624	0
62	1	Response	1	809064	808903	1
62	1	Response	2	810264	810103	1
62	1	Response	1	835303	835143	1
62	1	Response	2	837062	836901	2
62	1	Response	1	840504	840343	1
62	1	Response	2	841943	841782	1
62	1	Response	1	847623	847463	1
62	1	Response	2	851143	850983	1
62	1	Response	1	859063	858902	0
62	1	Response	2	860022	859862	0
62	1	Response	1	919622	919461	0
62	1	Response	2	921060	920900	2
62	1	Response	1	959940	959780	1
62	1	Response	2	961060	960900	0
62	1	Response	1	971461	971300	0
62	1	Response	2	973221	973060	0
62	1	Response	1	1026099	1025939	0
62	1	Response	2	1027379	1027219	1
62	1	Response	1	1061619	1061458	1
62	1	Response	2	1063059	1062898	1
62	1	Response	1	1097218	1097057	0
62	1	Response	2	1098498	1098337	1
62	1	Response	1	1128417	1128257	0
62	1	Response	2	1129617	1129457	1
62	1	Response	1	1167457	1167296	0
62	1	Response	2	1168816	1168656	1
62	1	Response	1	1208254	1208094	2
62	1	Response	2	1209455	1209295	0
62	1	Response	1	1233855	1233695	0
62	1	Response	2	1235215	1235055	1
62	1	Response	1	1321213	1321053	0
62	1	Response	2	1323613	1323453	0
62	1	Response	1	1373452	1373292	0
62	1	Response	2	1374812	1374652	0
62	1	Response	1	1382012	1381851	0
62	1	Response	2	1383212	1383051	0
62	2	Response	4	1516915	66184	0
62	3	Response	1	1754964	237738	0
62	3	Response	2	1756484	239258	0
62	3	Response	1	1772564	255337	0
62	3	Response	2	1773764	256538	0
62	3	Response	1	1796643	279417	1
62	3	Response	2	1798644	281417	0
62	3	Response	1	1801283	284057	0
62	3	Response	2	1804403	287177	1
62	3	Response	1	1812322	295095	2
62	3	Response	2	1816003	298777	1
62	3	Response	1	1818723	301496	0
62	3	Response	2	1820163	302936	0
62	3	Response	1	1822083	304856	0
62	3	Response	2	1825923	308696	0
62	3	Response	1	1835363	318136	0
62	3	Response	2	1836483	319257	0
62	3	Response	1	1840882	323656	0
62	3	Response	2	1844803	327576	1
62	3	Response	1	1873362	356135	0
62	3	Response	2	1874802	357575	0
62	3	Response	1	1899842	382615	1
62	3	Response	2	1900881	383655	0
62	3	Response	1	1923921	406694	0
62	3	Response	2	1925441	408214	0
62	3	Response	1	1941121	423894	0
62	3	Response	2	1944720	427494	1
62	3	Response	1	1985840	468613	0
62	3	Response	2	1987519	470292	0
62	3	Response	1	2000399	483172	1
62	3	Response	2	2001599	484372	0
62	3	Response	1	2032239	515012	1
62	3	Response	2	2033519	516292	0
62	3	Response	1	2047758	530532	0
62	3	Response	2	2058079	540852	0
62	3	Response	1	2074318	557091	0
62	3	Response	2	2087918	570691	0
62	3	Response	1	2107837	590611	1
62	3	Response	2	2121757	604531	0
62	3	Response	1	2134158	616931	0
62	3	Response	2	2155036	637809	1
62	3	Response	1	2163516	646289	0
62	3	Response	2	2170956	653729	0
62	3	Response	1	2188475	671249	0
62	3	Response	2	2194955	677729	0
62	3	Response	1	2202715	685488	0
62	3	Response	2	2203915	686688	0
62	4	Response	1	2423110	217596	1
62	4	Response	2	2424709	219195	2
62	4	Response	1	2458950	253435	1
62	4	Response	2	2460470	254956	1
62	4	Response	1	2465829	260315	0
62	4	Response	2	2467190	261676	0
62	4	Response	1	2475190	269675	0
62	4	Response	2	2476309	270795	0
62	4	Response	1	2479590	274075	1
62	4	Response	2	2480869	275355	0
62	4	Response	1	2500309	294795	0
62	4	Response	2	2501589	296075	1
62	4	Response	1	2509989	304475	1
62	4	Response	2	2516789	311275	0
62	4	Response	1	2530469	324955	1
62	4	Response	2	2537028	331514	0
62	4	Response	1	2552388	346874	1
62	4	Response	2	2553508	347993	0
62	4	Response	1	2574706	369192	2
62	4	Response	2	2580227	374713	0
62	4	Response	1	2605667	400153	0
62	4	Response	2	2607025	401511	2
62	4	Response	1	2619027	413513	1
62	4	Response	2	2620387	414873	0
62	4	Response	1	2628307	422793	1
62	4	Response	2	2629746	424232	0
62	4	Response	1	2640386	434872	0
62	4	Response	2	2641506	435992	1
62	4	Response	1	2659346	453831	0
62	4	Response	2	2660704	455190	2
62	4	Response	1	2678065	472551	0
62	4	Response	2	2679505	473991	0
62	4	Response	1	2699585	494071	0
62	4	Response	2	2700865	495351	0
62	4	Response	1	2706384	500870	1
62	4	Response	2	2711185	505671	0
62	4	Response	1	2736465	530950	1
62	4	Response	2	2737584	532070	1
62	4	Response	1	2760224	554710	1
62	4	Response	2	2761823	556309	1
62	4	Response	1	2768463	562949	0
62	4	Response	2	2771262	565748	2
62	4	Response	1	2779103	573589	0
62	4	Response	2	2780064	574549	0
62	5	Video	Vogels_1min	2833473	51997	1			0		other	0
62	6	Response	4	3482554	63786	0
62	7	Response	1	3790923	307992	0
62	7	Response	2	3792043	309113	0
62	7	Response	1	3842121	359191	1
62	7	Response	2	3843561	360631	1
62	7	Response	1	3862041	379111	0
62	7	Response	2	3863561	380631	0
62	7	Response	1	3868761	385830	0
62	7	Response	2	3871641	388711	0
62	7	Response	1	3883240	400310	0
62	7	Response	2	3884601	401671	0
62	7	Response	1	3909799	426869	2
62	7	Response	2	3910920	427989	0
62	7	Response	1	3935640	452709	1
62	7	Response	2	3937479	454549	0
62	7	Response	1	3965239	482308	1
62	7	Response	2	3966919	483989	1
62	7	Response	1	3992997	510067	2
62	7	Response	2	3994358	511428	0
62	7	Response	1	4024998	542068	1
62	7	Response	2	4026596	543666	2
62	7	Response	1	4051157	568227	1
62	7	Response	2	4052998	570067	0
62	7	Response	1	4067397	584467	0
62	7	Response	2	4068837	585906	0
62	7	Response	1	4077156	594226	0
62	7	Response	2	4077796	594866	0
62	7	Response	1	4092436	609506	1
62	7	Response	2	4094037	611107	1
62	7	Response	1	4109156	626225	1
62	7	Response	2	4110516	627586	1
62	7	Response	1	4133155	650225	0
62	7	Response	2	4134754	651824	2
62	7	Response	1	4144675	661745	1
62	7	Response	2	4146035	663105	0
62	7	Response	1	4155235	672305	0
62	7	Response	2	4156435	673505	0
62	8	Video	Whales_1min	4209882	52163	1			0		other	0
62	9	Response	4	4877566	71889	0
62	10	Response	1	5142655	264650	1
62	10	Response	2	5144415	266410	0
62	10	Response	1	5158734	280729	1
62	10	Response	2	5160494	282489	0
62	10	Response	1	5165374	287369	1
62	10	Response	2	5166975	288970	1
62	10	Response	1	5170974	292969	1
62	10	Response	2	5175534	297529	0
62	10	Response	1	5195214	317209	0
62	10	Response	2	5196254	318249	0
62	10	Response	1	5211453	333448	0
62	10	Response	2	5212895	334890	1
62	10	Response	1	5222173	344168	0
62	10	Response	2	5223533	345528	1
62	10	Response	1	5231133	353128	0
62	10	Response	2	5235693	357688	0
62	10	Response	1	5257053	379048	1
62	10	Response	2	5258252	380247	1
62	10	Response	1	5272172	394167	1
62	10	Response	2	5274092	396087	1
62	10	Response	1	5277212	399207	1
62	10	Response	2	5278492	400487	1
62	10	Response	1	5287531	409526	0
62	10	Response	2	5288492	410487	0
62	10	Response	1	5317611	439606	0
62	10	Response	2	5319211	441206	0
62	10	Response	1	5330331	452325	0
62	10	Response	2	5331610	453605	1
62	10	Response	1	5343131	465126	0
62	10	Response	2	5344170	466165	1
62	10	Response	1	5370010	492005	1
62	10	Response	2	5371289	493284	2
62	10	Response	1	5407530	529525	1
62	10	Response	2	5409129	531124	0
62	10	Response	1	5415209	537204	1
62	10	Response	2	5416328	538323	1
62	10	Response	1	5439289	561283	1
62	10	Response	2	5440327	562322	2
62	10	Response	1	5453128	575123	1
62	10	Response	2	5455849	577844	0
62	10	Response	1	5462088	584083	1
62	10	Response	2	5463688	585683	1
62	10	Response	1	5468648	590643	1
62	10	Response	2	5469848	591843	0
62	10	Response	1	5498727	620722	1
62	10	Response	2	5500087	622082	0
62	11	Response	4	5625950	124820	0
62	12	Picture	Start_fixation	5626122	0	7	80161	13	0	next	other	0
62	12	Picture	Start_basket	5706284	80161	7	79995	7	80000	next	other	0
62	12	Response	1	5816081	189959	0
62	12	Response	2	5818001	191879	0
62	12	Response	1	5820960	194838	1
62	12	Response	2	5822480	196358	1
62	12	Response	1	5834560	208438	0
62	12	Response	2	5836080	209958	0
62	13	Picture	Start_fixation	5837942	0	7	80161	13	0	next	other	0
62	13	Picture	D	5918103	80161	7	79995	7	80000	next	other	0
62	13	Response	1	6025677	187735	0
62	13	Response	2	6039596	201655	0
62	13	Response	1	6057676	219734	1
62	13	Response	2	6059036	221094	0
62	14	Picture	Start_fixation	6061093	0	7	80162	13	0	next	other	0
62	14	Picture	C	6141255	80162	7	79995	7	80000	next	other	0
62	14	Response	1	6252392	191299	1
62	14	Response	2	6253832	192738	0
62	14	Response	1	6283991	222898	0
62	14	Response	2	6285111	224018	0
62	15	Picture	Start_fixation	6287412	0	7	80161	13	0	next	other	0
62	15	Picture	E	6367573	80161	7	79995	7	80000	next	other	0
62	15	Response	1	6473667	186256	0
62	15	Response	2	6475026	187614	2
62	15	Response	1	6490227	202815	0
62	15	Response	2	6491187	203775	0
62	16	Picture	Start_fixation	6494231	0	7	80161	13	0	next	other	0
62	16	Picture	F	6574393	80161	7	79995	7	80000	next	other	0
62	16	Response	1	6678383	184152	0
62	16	Response	2	6679823	185591	0
62	16	Response	1	6686703	192471	1
62	16	Response	2	6688063	193831	1
62	16	Response	1	6702064	207832	1
62	16	Response	2	6703182	208951	0
62	17	Picture	Start_fixation	6705551	0	7	80161	13	0	next	other	0
62	17	Picture	A	6785712	80161	7	79995	7	80000	next	other	0
62	17	Response	1	6885099	179548	1
62	17	Response	2	6886378	180828	1
62	17	Response	1	6898779	193228	1
62	17	Response	2	6899899	194348	0
62	17	Response	1	6902218	196668	0
62	17	Response	2	6903178	197627	0
62	18	Picture	Start_fixation	6905704	0	7	80161	13	0	next	other	0
62	18	Picture	B	6985865	80161	7	79995	7	80000	next	other	0
62	18	Response	1	7093895	188191	0
62	18	Response	2	7095094	189390	1
62	18	Response	1	7110615	204911	1
62	18	Response	2	7111894	206190	0
62	19	Response	4	7145439	32415	0
62	20	Picture	Y	7231682	80161	7	79995	7	80000	next	other	0
62	20	Response	1	7385329	233808	1
62	20	Response	2	7386608	235088	0
62	20	Response	1	7508526	357005	1
62	20	Response	2	7510206	358685	0
62	21	Picture	D	7603824	80161	7	79995	7	80000	next	other	0
62	21	Response	1	7758281	234618	0
62	21	Response	2	7759721	236058	0
62	21	Response	1	7890757	367094	2
62	21	Response	2	7892518	368855	0
62	22	Picture	O	7986299	80161	7	79994	7	80000	next	other	0
62	22	Response	1	8107714	201577	0
62	22	Response	2	8109394	203257	0
62	22	Response	1	8133233	227096	1
62	22	Response	2	8134913	228776	0
62	23	Picture	E	8228449	80161	7	79995	7	80000	next	other	0
62	23	Response	1	8340909	192621	0
62	23	Response	2	8342429	194141	0
62	23	Response	1	8384109	235821	1
62	23	Response	2	8385468	237180	0
62	24	Picture	R	8479099	80161	7	79995	7	80000	next	other	0
62	24	Response	1	8582184	183246	1
62	24	Response	2	8583464	184526	1
62	24	Response	1	8617863	218925	0
62	24	Response	2	8619303	220365	0
62	25	Picture	M	8713750	80161	7	79995	7	80000	next	other	0
62	25	Response	1	8811620	178031	1
62	25	Response	2	8813380	179791	0
62	25	Response	1	8830819	197230	1
62	25	Response	2	8832099	198510	0
62	26	Picture	P	8925903	80162	7	79995	7	80000	next	other	0
62	26	Response	1	9023615	177874	1
62	26	Response	2	9025375	179634	0
62	26	Response	1	9051054	205313	0
62	26	Response	2	9052655	206913	0
62	27	Picture	I	9146055	80161	7	79994	7	80000	next	other	0
62	27	Response	1	9252331	186437	1
62	27	Response	2	9253930	188037	0
62	27	Response	1	9283610	217716	0
62	27	Response	2	9284969	219076	0
62	28	Picture	X	9378706	80161	7	79995	7	80000	next	other	0
62	28	Response	1	9538404	239860	1
62	28	Response	2	9539364	240819	0
62	28	Response	1	9568724	270179	1
62	28	Response	2	9570403	271859	0
62	29	Picture	1	9664354	80161	7	79995	7	80000	next	other	0
62	29	Response	1	9773040	188848	1
62	29	Response	2	9774479	190287	0
62	29	Response	1	9810879	226686	0
62	29	Response	2	9812159	227967	0
62	30	Picture	L	9906004	80161	7	79995	7	80000	next	other	0
62	30	Response	1	10016155	190312	0
62	30	Response	2	10017994	192152	0
62	30	Response	1	10039034	213191	0
62	30	Response	2	10041034	215191	0
62	31	Picture	Q	10134155	80161	7	79995	7	80000	next	other	0
62	31	Response	1	10241350	187356	0
62	31	Response	2	10243590	189596	0
62	31	Response	1	10266229	212235	0
62	31	Response	2	10267589	213595	0
62	32	Picture	J	10361307	80161	7	79995	7	80000	next	other	0
62	32	Response	1	10467025	185879	1
62	32	Response	2	10468465	187320	0
62	32	Response	1	10492145	210999	0
62	32	Response	2	10493904	212759	0
62	33	Picture	K	10587292	80161	7	79995	7	80000	next	other	0
62	33	Response	1	10706221	199090	0
62	33	Response	2	10708140	201009	0
62	33	Response	1	10753339	246209	0
62	33	Response	2	10754779	247649	0
62	34	Picture	G	10848441	80161	7	79995	7	80000	next	other	0
62	34	Response	1	10985015	216735	1
62	34	Response	2	10986374	218095	0
62	34	Response	1	11034934	266654	1
62	34	Response	2	11036613	268334	0
62	35	Picture	S	11129922	80162	7	79994	7	80000	next	other	0
62	35	Response	1	11248689	198929	1
62	35	Response	2	11251009	201248	0
62	35	Response	1	11296688	246928	0
62	35	Response	2	11299168	249407	0
62	36	Picture	A	11391905	80161	7	79995	7	80000	next	other	0
62	36	Response	1	11508364	196621	1
62	36	Response	2	11510364	198621	0
62	36	Response	1	11535162	223419	2
62	36	Response	2	11537563	225820	0
62	37	Picture	Z	11630222	80161	7	79995	7	80000	next	other	0
62	37	Response	1	11763639	213578	0
62	37	Response	2	11765558	215498	0
62	37	Response	1	11792838	242777	1
62	37	Response	2	11795318	245257	0
62	38	Picture	2	11888038	80161	7	79995	7	80000	next	other	0
62	38	Response	1	11992994	185117	1
62	38	Response	2	11995234	187357	0
62	38	Response	1	12020354	212477	0
62	38	Response	2	12022593	214716	0
62	39	Picture	T	12116356	80161	7	79995	7	80000	next	other	0
62	39	Response	1	12214669	178474	1
62	39	Response	2	12217069	180874	0
62	39	Response	1	12236269	200074	0
62	39	Response	2	12237629	201434	0
62	40	Picture	V	12331342	80161	7	79995	7	80000	next	other	0
62	40	Response	1	12430425	179244	1
62	40	Response	2	12432424	181244	0
62	40	Response	1	12450824	199644	1
62	40	Response	2	12452665	201484	0
62	41	Picture	C	12545994	80161	7	79995	7	80000	next	other	0
62	41	Response	1	12647861	182028	0
62	41	Response	2	12650021	184187	0
62	41	Response	1	12674420	208587	0
62	41	Response	2	12675940	210107	0
62	42	Picture	W	12769479	80161	7	79995	7	80000	next	other	0
62	42	Response	1	12867936	178618	0
62	42	Response	2	12869615	180297	0
62	42	Response	1	12898096	208778	1
62	42	Response	2	12899616	210298	0
62	43	Picture	U	12993798	80161	7	79995	7	80000	next	other	0
62	43	Response	1	13095691	182055	0
62	43	Response	2	13097451	183815	0
62	43	Response	1	13121211	207575	0
62	43	Response	2	13122250	208614	0
62	44	Picture	B	13217449	80161	7	79995	7	80000	next	other	0
62	44	Response	1	13319607	182319	1
62	44	Response	2	13321606	184318	0
62	44	Response	1	13353046	215758	0
62	44	Response	2	13355206	217918	0
62	45	Picture	F	13448267	80161	7	79995	7	80000	next	other	0
62	45	Response	1	13551841	183735	1
62	45	Response	2	13553522	185416	0
62	45	Response	1	13572881	204775	0
62	45	Response	2	13574561	206455	0
62	46	Picture	N	13668253	80161	7	79995	7	80000	next	other	0
62	46	Response	1	13763517	175426	1
62	46	Response	2	13765197	177106	0
62	46	Response	1	13783917	195825	1
62	46	Response	2	13785597	197505	1
62	47	Picture	H	13878905	80161	7	79995	7	80000	next	other	0
62	47	Response	1	13978153	179409	1
62	47	Response	2	13979673	180929	0
62	47	Response	1	14001433	202689	0
62	47	Response	2	14003272	204529	0
62	48	Quit		14815307	789745	NA
