Scenario - 
Logfile written - 11/21/2019 13:44:22

Subject	Trial	Event Type	Code	Time	TTime	Uncertainty	Duration	Uncertainty	ReqTime	ReqDur	Stim Type	Pair Index

74	1	Response	4	85981	85655	0
74	1	Response	1	143148	142822	1
74	1	Response	2	144589	144262	0
74	1	Response	1	186986	186659	2
74	1	Response	2	188507	188180	0
74	1	Response	1	217786	217459	0
74	1	Response	2	219066	218739	1
74	1	Response	1	241466	241139	1
74	1	Response	2	242905	242579	0
74	1	Response	1	271224	270897	0
74	1	Response	2	272504	272178	1
74	1	Response	1	326423	326096	0
74	1	Response	2	327623	327296	0
74	1	Response	1	340422	340095	1
74	1	Response	2	341702	341375	1
74	1	Response	1	375461	375134	0
74	1	Response	2	377061	376734	0
74	1	Response	1	409540	409213	0
74	1	Response	2	410820	410493	1
74	1	Response	1	434179	433852	0
74	1	Response	2	435540	435213	1
74	1	Response	1	460898	460571	0
74	1	Response	2	462098	461771	1
74	1	Response	1	485538	485211	0
74	1	Response	2	487296	486969	2
74	1	Response	1	505697	505370	0
74	1	Response	2	507057	506730	0
74	1	Response	1	524976	524649	0
74	1	Response	2	526096	525769	1
74	1	Response	1	544016	543689	1
74	1	Response	2	545456	545129	0
74	1	Response	1	629213	628886	1
74	1	Response	2	631053	630726	0
74	1	Response	1	671851	671524	1
74	1	Response	2	672971	672644	1
74	1	Response	1	686891	686564	1
74	1	Response	2	688411	688084	1
74	1	Response	1	842006	841679	1
74	1	Response	2	843446	843119	0
74	1	Response	1	895604	895278	1
74	1	Response	2	896724	896397	1
74	1	Response	1	933283	932956	0
74	1	Response	2	934482	934155	2
74	1	Response	1	1012001	1011674	0
74	1	Response	2	1013200	1012873	1
74	1	Response	1	1054959	1054632	0
74	1	Response	2	1056399	1056072	0
74	1	Response	1	1098238	1097911	0
74	1	Response	2	1099598	1099271	1
74	1	Response	1	1132157	1131830	0
74	1	Response	2	1133357	1133030	1
74	1	Response	1	1164236	1163909	0
74	1	Response	2	1165276	1164949	0
74	1	Response	1	1186715	1186388	0
74	1	Response	2	1187755	1187428	0
74	2	Response	4	1326021	73125	0
74	3	Response	1	1536303	209913	1
74	3	Response	2	1537423	211033	1
74	3	Response	1	1550303	223913	1
74	3	Response	2	1551263	224873	1
74	3	Response	1	1576782	250392	1
74	3	Response	2	1578702	252312	1
74	3	Response	1	1587342	260952	1
74	3	Response	2	1588542	262152	0
74	3	Response	1	1630781	304391	1
74	3	Response	2	1632301	305911	0
74	3	Response	1	1654940	328549	0
74	3	Response	2	1656060	329669	1
74	3	Response	1	1667180	340789	1
74	3	Response	2	1668300	341909	0
74	3	Response	1	1683339	356949	0
74	3	Response	2	1684699	358309	0
74	3	Response	1	1721498	395108	0
74	3	Response	2	1723338	396947	1
74	3	Response	1	1737417	411027	1
74	3	Response	2	1739017	412627	0
74	3	Response	1	1746217	419827	0
74	3	Response	2	1747417	421027	1
74	3	Response	1	1760696	434306	0
74	3	Response	2	1762776	436386	0
74	3	Response	1	1780456	454066	1
74	3	Response	2	1781656	455265	1
74	3	Response	1	1796375	469985	1
74	3	Response	2	1797736	471345	0
74	3	Response	1	1809175	482785	0
74	3	Response	2	1811175	484785	0
74	4	Response	1	1996208	184356	1
74	4	Response	2	1997649	185796	1
74	4	Response	1	2022688	210836	0
74	4	Response	2	2024287	212434	1
74	4	Response	1	2049888	238036	0
74	4	Response	2	2051007	239155	0
74	4	Response	1	2060287	248435	1
74	4	Response	2	2061407	249555	1
74	4	Response	1	2076366	264514	0
74	4	Response	2	2077327	265475	0
74	4	Response	1	2105165	293313	0
74	4	Response	2	2106284	294432	1
74	4	Response	1	2120205	308352	1
74	4	Response	2	2122045	310193	0
74	4	Response	1	2152043	340191	0
74	4	Response	2	2153323	341470	1
74	4	Response	1	2160284	348431	1
74	4	Response	2	2161324	349471	1
74	4	Response	1	2173243	361391	0
74	4	Response	2	2174123	362271	0
74	4	Response	1	2182283	370430	0
74	4	Response	2	2183163	371311	0
74	4	Response	1	2192682	380830	1
74	4	Response	2	2193802	381950	1
74	4	Response	1	2205562	393710	1
74	4	Response	2	2207002	395150	1
74	4	Response	1	2232201	420349	0
74	4	Response	2	2233321	421469	0
74	4	Response	1	2245081	433228	0
74	4	Response	2	2246680	434828	0
74	5	Video	Vogels_1min	2299814	52329	1			0		other	0
74	6	Response	4	2922530	37261	0
74	7	Response	1	3160571	237639	1
74	7	Response	2	3162011	239078	1
74	7	Response	1	3193290	270358	1
74	7	Response	2	3194570	271637	0
74	7	Response	1	3241529	318596	1
74	7	Response	2	3243369	320436	1
74	7	Response	1	3262328	339395	0
74	7	Response	2	3263607	340675	1
74	7	Response	1	3276247	353315	0
74	7	Response	2	3277608	354675	0
74	7	Response	1	3285767	362834	1
74	7	Response	2	3286887	363955	1
74	7	Response	1	3297526	374594	1
74	7	Response	2	3299367	376434	0
74	7	Response	1	3330166	407233	1
74	7	Response	2	3331606	408673	0
74	7	Response	1	3337365	414433	0
74	7	Response	2	3338325	415393	1
74	7	Response	1	3349045	426112	1
74	7	Response	2	3350006	427073	0
74	7	Response	1	3359845	436912	1
74	7	Response	2	3360965	438032	0
74	7	Response	1	3371684	448752	0
74	7	Response	2	3372964	450032	1
74	7	Response	1	3383284	460351	0
74	7	Response	2	3384484	461552	0
74	7	Response	1	3393764	470831	0
74	7	Response	2	3395524	472591	0
74	8	Video	Whales_1min	3448725	52496	1			0		other	0
74	9	Response	4	4068173	23661	0
74	10	Response	1	4342453	273943	1
74	10	Response	2	4344212	275702	1
74	10	Response	1	4357973	289463	1
74	10	Response	2	4359493	290983	1
74	10	Response	1	4391891	323381	0
74	10	Response	2	4393411	324901	1
74	10	Response	1	4418290	349780	1
74	10	Response	2	4419490	350980	1
74	10	Response	1	4427090	358580	0
74	10	Response	2	4428210	359700	1
74	10	Response	1	4442370	373859	0
74	10	Response	2	4443729	375219	0
74	10	Response	1	4451570	383060	0
74	10	Response	2	4453329	384819	0
74	10	Response	1	4481808	413298	1
74	10	Response	2	4483008	414498	1
74	10	Response	1	4495168	426658	0
74	10	Response	2	4496608	428098	0
74	10	Response	1	4522447	453937	0
74	10	Response	2	4523567	455057	0
74	10	Response	1	4539406	470896	0
74	10	Response	2	4540687	472177	1
74	10	Response	1	4563726	495216	0
74	10	Response	2	4564605	496095	1
74	10	Response	1	4583085	514575	1
74	10	Response	2	4584125	515615	0
74	10	Response	1	4603805	535295	0
74	10	Response	2	4605244	536734	0
74	11	Response	4	4685992	79857	0
74	12	Picture	Start_fixation	4686129	0	7	80161	13	0	next	other	0
74	12	Picture	Start_basket	4766289	80161	7	79994	7	80000	next	other	0
74	12	Response	1	4870836	184707	1
74	12	Response	2	4872196	186067	0
74	12	Response	1	4891395	205266	0
74	12	Response	2	4893075	206946	0
74	13	Picture	Start_fixation	4894779	0	7	80161	13	0	next	other	0
74	13	Picture	A	4974940	80161	7	79994	7	80000	next	other	0
74	13	Response	1	5084510	189730	1
74	13	Response	2	5086189	191410	0
74	13	Response	1	5102989	208210	0
74	13	Response	2	5104588	209809	0
74	14	Picture	Start_fixation	5106429	0	7	80160	13	0	next	other	0
74	14	Picture	C	5186590	80160	7	79994	7	80000	next	other	0
74	14	Response	1	5290182	183753	0
74	14	Response	2	5291862	185433	0
74	14	Response	1	5307302	200873	0
74	14	Response	2	5308982	202552	0
74	15	Picture	Start_fixation	5310747	0	7	80160	13	0	next	other	0
74	15	Picture	D	5390907	80160	7	79994	7	80000	next	other	0
74	15	Response	1	5500575	189829	0
74	15	Response	2	5502495	191748	1
74	15	Response	1	5518895	208148	1
74	15	Response	2	5520415	209668	0
74	16	Picture	Start_fixation	5522730	0	7	80160	13	0	next	other	0
74	16	Picture	B	5602891	80160	7	79994	7	80000	next	other	0
74	16	Response	1	5710089	187358	1
74	16	Response	2	5711769	189038	0
74	16	Response	1	5726009	203279	1
74	16	Response	2	5727688	204958	0
74	17	Picture	Start_fixation	5729381	0	7	80160	14	0	next	other	0
74	17	Picture	E	5809541	80160	7	79994	7	80000	next	other	0
74	17	Response	1	5916082	186701	0
74	17	Response	2	5917601	188220	1
74	17	Response	1	5933282	203901	0
74	17	Response	2	5934720	205340	1
74	18	Picture	Start_fixation	5936698	0	7	80160	13	0	next	other	0
74	18	Picture	F	6016858	80160	7	79994	7	80000	next	other	0
74	18	Response	1	6120395	183698	0
74	18	Response	2	6122316	185618	1
74	18	Response	1	6139995	203298	1
74	18	Response	2	6141675	204977	0
74	19	Response	4	6181784	39436	0
74	20	Picture	M	6268005	80160	7	79994	7	80000	next	other	0
74	20	Response	1	6433185	245341	0
74	20	Response	2	6434945	247101	0
74	20	Response	1	6551902	364057	0
74	20	Response	2	6553261	365416	0
74	21	Picture	J	6647642	80160	7	79994	7	80000	next	other	0
74	21	Response	1	6769334	201853	1
74	21	Response	2	6770854	203373	0
74	21	Response	1	6821973	254491	1
74	21	Response	2	6823253	255771	0
74	22	Picture	Z	6917454	80160	7	79994	7	80000	next	other	0
74	22	Response	1	7052125	214831	1
74	22	Response	2	7054045	216751	0
74	22	Response	1	7091804	254510	0
74	22	Response	2	7093324	256030	0
74	23	Picture	G	7186933	80160	7	79994	7	80000	next	other	0
74	23	Response	1	7298437	191665	0
74	23	Response	2	7299877	193104	0
74	23	Response	1	7335396	228624	1
74	23	Response	2	7336756	229983	0
74	24	Picture	A	7430581	80160	7	79994	7	80000	next	other	0
74	24	Response	1	7540750	190329	1
74	24	Response	2	7542429	192009	0
74	24	Response	1	7566669	216249	0
74	24	Response	2	7568188	217768	0
74	25	Picture	S	7661896	80160	7	79994	7	80000	next	other	0
74	25	Response	1	7791381	209646	1
74	25	Response	2	7793221	211486	0
74	25	Response	1	7824740	243005	1
74	25	Response	2	7826420	244684	0
74	26	Picture	T	7919876	80160	7	79994	7	80000	next	other	0
74	26	Response	1	8030974	191259	0
74	26	Response	2	8032414	192699	0
74	26	Response	1	8067613	227897	1
74	26	Response	2	8069132	229417	0
74	27	Picture	V	8162690	80160	7	79993	7	80000	next	other	0
74	27	Response	1	8282806	200276	0
74	27	Response	2	8285206	202676	0
74	27	Response	1	8326964	244434	0
74	27	Response	2	8328884	246355	0
74	28	Picture	F	8422169	80160	7	79994	7	80000	next	other	0
74	28	Response	1	8530158	188149	0
74	28	Response	2	8531678	189669	0
74	28	Response	1	8561837	219827	1
74	28	Response	2	8563677	221668	0
74	29	Picture	L	8657151	80160	7	79994	7	80000	next	other	0
74	29	Response	1	8775190	198199	1
74	29	Response	2	8776630	199639	0
74	29	Response	1	8807669	230678	0
74	29	Response	2	8809028	232038	0
74	30	Picture	K	8902799	80160	7	79994	7	80000	next	other	0
74	30	Response	1	9000382	177744	0
74	30	Response	2	9002222	179584	0
74	30	Response	1	9034781	212143	1
74	30	Response	2	9036221	213583	0
74	31	Picture	1	9129781	80160	7	79994	7	80000	next	other	0
74	31	Response	1	9251015	201394	0
74	31	Response	2	9252934	203314	0
74	31	Response	1	9287894	238274	0
74	31	Response	2	9289573	239953	0
74	32	Picture	U	9382927	80160	7	79994	7	80000	next	other	0
74	32	Response	1	9486607	183840	0
74	32	Response	2	9488207	185440	0
74	32	Response	1	9521165	218398	1
74	32	Response	2	9522846	220079	0
74	33	Picture	Q	9616576	80161	7	79994	7	80000	next	other	0
74	33	Response	1	9733079	196664	0
74	33	Response	2	9734518	198103	0
74	33	Response	1	9758918	222503	1
74	33	Response	2	9760678	224263	0
74	34	Picture	R	9854057	80160	7	79994	7	80000	next	other	0
74	34	Response	1	9966271	192374	0
74	34	Response	2	9967951	194054	0
74	34	Response	1	9997950	224053	0
74	34	Response	2	10000270	226373	0
74	35	Picture	E	10093205	80160	7	79994	7	80000	next	other	0
74	35	Response	1	10211303	198258	1
74	35	Response	2	10212583	199538	0
74	35	Response	1	10242422	229378	1
74	35	Response	2	10243862	230818	0
74	36	Picture	B	10337686	80160	7	79994	7	80000	next	other	0
74	36	Response	1	10445535	188010	1
74	36	Response	2	10447295	189770	0
74	36	Response	1	10474415	216890	1
74	36	Response	2	10476015	218490	0
74	37	Picture	2	10569667	80160	7	79994	7	80000	next	other	0
74	37	Response	1	10666088	176581	1
74	37	Response	2	10667769	178261	0
74	37	Response	1	10695687	206180	0
74	37	Response	2	10697127	207620	0
74	38	Picture	X	10790817	80160	7	79994	7	80000	next	other	0
74	38	Response	1	10911121	200464	1
74	38	Response	2	10912800	202144	0
74	38	Response	1	10934880	224223	1
74	38	Response	2	10936400	225743	0
74	39	Picture	N	11029965	80160	7	79994	7	80000	next	other	0
74	39	Response	1	11161352	211548	1
74	39	Response	2	11162552	212748	0
74	39	Response	1	11199271	249467	1
74	39	Response	2	11201031	251226	0
74	40	Picture	P	11294277	80160	7	79994	7	80000	next	other	0
74	40	Response	1	11405985	191868	1
74	40	Response	2	11407264	193147	0
74	40	Response	1	11440944	226827	1
74	40	Response	2	11442064	227947	0
74	41	Picture	W	11536092	80160	7	79994	7	80000	next	other	0
74	41	Response	1	11646297	190366	0
74	41	Response	2	11647577	191646	0
74	41	Response	1	11674536	218605	0
74	41	Response	2	11675895	219964	0
74	42	Picture	H	11769740	80161	7	79994	7	80000	next	other	0
74	42	Response	1	11887969	198390	0
74	42	Response	2	11889169	199590	0
74	42	Response	1	11915808	226229	1
74	42	Response	2	11917248	227669	0
74	43	Picture	O	12010888	80160	7	79994	7	80000	next	other	0
74	43	Response	1	12111402	180674	1
74	43	Response	2	12112922	182195	0
74	43	Response	1	12148201	217474	1
74	43	Response	2	12149960	219233	0
74	44	Picture	I	12243203	80160	7	79994	7	80000	next	other	0
74	44	Response	1	12349794	186752	1
74	44	Response	2	12351794	188752	0
74	44	Response	1	12373473	210431	1
74	44	Response	2	12375073	212031	0
74	45	Picture	Y	12468518	80160	7	79994	7	80000	next	other	0
74	45	Response	1	12603866	215508	1
74	45	Response	2	12606266	217908	0
74	45	Response	1	12630185	241827	0
74	45	Response	2	12631545	243187	0
74	46	Picture	C	12726498	80160	7	79994	7	80000	next	other	0
74	46	Response	1	12834338	188001	1
74	46	Response	2	12837219	190881	0
74	46	Response	1	12859137	212800	1
74	46	Response	2	12860657	214320	0
74	47	Picture	D	12954313	80160	7	79994	7	80000	next	other	0
74	47	Response	1	13062171	188018	1
74	47	Response	2	13065051	190898	0
74	47	Response	1	13087690	213537	1
74	47	Response	2	13089690	215537	0
74	48	Quit		13183247	71446	NA
