Scenario - 
Logfile written - 11/26/2019 11:09:04

Subject	Trial	Event Type	Code	Time	TTime	Uncertainty	Duration	Uncertainty	ReqTime	ReqDur	Stim Type	Pair Index

83	1	Response	4	135953	135626	1
83	1	Response	1	207998	207671	0
83	1	Response	2	216078	215751	0
83	1	Response	1	221597	221270	1
83	1	Response	2	228317	227990	0
83	1	Response	1	230638	230311	0
83	1	Response	2	237996	237669	2
83	1	Response	1	266637	266310	0
83	1	Response	2	277356	277029	1
83	1	Response	1	289116	288789	0
83	1	Response	2	296795	296468	1
83	1	Response	1	301196	300868	1
83	1	Response	2	306076	305749	1
83	1	Response	1	308314	307987	2
83	1	Response	2	314556	314229	1
83	1	Response	1	321675	321348	1
83	1	Response	2	334235	333908	1
83	1	Response	1	338075	337748	1
83	1	Response	2	352795	352467	1
83	1	Response	1	365034	364707	1
83	1	Response	2	373034	372707	0
83	1	Response	1	387514	387187	0
83	1	Response	2	412873	412546	1
83	1	Response	1	423753	423426	1
83	1	Response	2	424553	424226	0
83	1	Response	1	450712	450385	0
83	1	Response	2	475672	475345	0
83	1	Response	1	481032	480705	1
83	1	Response	2	509192	508865	1
83	1	Response	1	519031	518704	0
83	1	Response	2	532630	532303	1
83	1	Response	1	545750	545423	1
83	1	Response	2	554550	554223	1
83	1	Response	1	576070	575742	0
83	1	Response	2	583989	583662	0
83	1	Response	1	597349	597022	0
83	1	Response	2	605509	605182	1
83	1	Response	1	622948	622621	0
83	1	Response	2	634229	633902	0
83	1	Response	1	652468	652141	1
83	1	Response	2	653267	652940	0
83	1	Response	1	732226	731899	0
83	1	Response	2	732946	732619	0
83	1	Response	1	738626	738299	0
83	1	Response	2	739186	738859	0
83	1	Response	1	819263	818936	1
83	1	Response	2	820064	819737	1
83	1	Response	1	857263	856936	1
83	1	Response	2	858063	857736	0
83	1	Response	1	924862	924535	0
83	1	Response	2	925021	924694	1
83	1	Response	1	986780	986453	1
83	1	Response	2	987660	987333	0
83	1	Response	1	1019099	1018772	1
83	1	Response	2	1019739	1019412	0
83	1	Response	1	1079818	1079491	0
83	1	Response	2	1080538	1080211	0
83	1	Response	1	1119335	1119008	1
83	1	Response	2	1120137	1119810	0
83	1	Response	1	1160296	1159969	0
83	1	Response	2	1161416	1161089	0
83	1	Response	1	1166456	1166128	1
83	1	Response	2	1167416	1167089	1
83	1	Response	1	1169976	1169649	0
83	1	Response	2	1170776	1170449	1
83	1	Response	1	1178135	1177808	1
83	1	Response	2	1178935	1178608	1
83	1	Response	1	1182535	1182208	1
83	1	Response	2	1183495	1183168	0
83	1	Response	1	1287014	1286687	1
83	1	Response	2	1287893	1287566	0
83	1	Response	1	1321012	1320685	0
83	1	Response	2	1321972	1321645	1
83	1	Response	1	1423250	1422923	1
83	1	Response	2	1424210	1423883	1
83	1	Response	1	1433489	1433162	0
83	1	Response	2	1433969	1433642	0
83	2	Response	4	1585919	78530	0
83	3	Response	4	1667118	80901	0
83	3	Response	1	1769722	183504	0
83	3	Response	2	1772362	186144	1
83	3	Response	1	1792601	206384	0
83	3	Response	2	1812761	226544	0
83	3	Response	1	1817401	231183	0
83	3	Response	2	1821000	234783	1
83	3	Response	1	1840840	254623	1
83	3	Response	2	1861238	275021	2
83	3	Response	1	1865720	279502	1
83	3	Response	2	1877959	291742	1
83	3	Response	1	1886679	300461	1
83	3	Response	2	1899319	313101	0
83	3	Response	1	1908599	322381	0
83	3	Response	2	1909638	323421	0
83	3	Response	1	1986998	400780	0
83	3	Response	2	2009396	423179	1
83	3	Response	1	2022676	436458	0
83	3	Response	2	2036276	450058	1
83	3	Response	1	2042276	456059	1
83	3	Response	2	2062915	476698	0
83	3	Response	1	2149633	563415	1
83	3	Response	2	2184112	597895	0
83	3	Response	1	2191552	605334	1
83	3	Response	2	2192432	606215	0
83	4	Response	4	2206705	12363	0
83	4	Response	4	2237104	42762	0
83	4	Response	1	2253230	58888	0
83	4	Response	2	2254271	59928	0
83	4	Response	1	2373228	178886	0
83	4	Response	2	2378108	183765	0
83	4	Response	1	2385947	191605	1
83	4	Response	2	2390347	196005	1
83	4	Response	1	2400187	205845	0
83	4	Response	2	2424667	230325	1
83	4	Response	1	2440427	246084	1
83	4	Response	2	2443706	249364	1
83	4	Response	1	2449466	255124	1
83	4	Response	2	2456106	261763	0
83	4	Response	1	2499865	305523	0
83	4	Response	2	2507305	312962	0
83	4	Response	1	2516344	322002	0
83	4	Response	2	2521784	327442	0
83	4	Response	1	2538024	343681	0
83	4	Response	2	2562903	368561	0
83	4	Response	1	2586103	391761	0
83	4	Response	2	2586983	392641	0
83	4	Response	1	2604743	410400	0
83	4	Response	2	2614182	419840	0
83	4	Response	1	2624102	429759	1
83	4	Response	2	2645781	451439	0
83	4	Response	1	2656981	462639	0
83	4	Response	2	2669620	475278	1
83	4	Response	1	2681140	486798	1
83	4	Response	2	2685860	491518	1
83	4	Response	1	2693860	499518	1
83	4	Response	2	2698180	503838	1
83	4	Response	1	2713540	519198	1
83	4	Response	2	2722579	528237	0
83	4	Response	1	2737939	543597	0
83	4	Response	2	2742099	547757	0
83	4	Response	1	2756897	562555	2
83	4	Response	2	2768498	574156	0
83	4	Response	1	2781938	587596	1
83	4	Response	2	2782739	588396	0
83	5	Video	Vogels_1min	2837132	52830	1			0		other	0
83	6	Response	4	3480915	58657	0
83	7	Response	4	3530194	48940	0
83	7	Response	1	3835754	354500	1
83	7	Response	2	3861033	379779	0
83	7	Response	1	3882953	401699	0
83	7	Response	2	3912232	430978	0
83	7	Response	1	3918312	437058	0
83	7	Response	2	3927911	446657	1
83	7	Response	1	3943111	461857	1
83	7	Response	2	3954631	473377	1
83	7	Response	1	3964391	483136	1
83	7	Response	2	4048309	567055	1
83	7	Response	1	4057349	576095	1
83	7	Response	2	4057828	576574	0
83	7	Response	1	4084468	603214	1
83	7	Response	2	4096068	614814	0
83	7	Response	1	4104627	623373	0
83	7	Response	2	4125507	644253	1
83	7	Response	1	4132546	651292	0
83	7	Response	2	4256624	775370	0
83	7	Response	1	4266464	785210	1
83	7	Response	2	4327743	846489	1
83	7	Response	1	4334142	852888	0
83	7	Response	2	4385741	904487	0
83	7	Response	1	4398461	917207	1
83	7	Response	2	4435820	954566	1
83	7	Response	1	4444059	962805	0
83	7	Response	2	4444700	963446	0
83	8	Video	Whales_1min	4499018	52496	1			0		other	0
83	9	Response	4	5134077	39267	0
83	10	Response	1	5386917	252443	1
83	10	Response	2	5391397	256923	0
83	10	Response	1	5400277	265803	1
83	10	Response	2	5405477	271003	1
83	10	Response	1	5424036	289562	1
83	10	Response	2	5430356	295882	1
83	10	Response	1	5472676	338201	0
83	10	Response	2	5488756	354282	0
83	10	Response	1	5496995	362521	1
83	10	Response	2	5528034	393560	0
83	10	Response	1	5535634	401160	0
83	10	Response	2	5558192	423718	3
83	10	Response	1	5583951	449477	2
83	10	Response	2	5589874	455399	1
83	10	Response	1	5610993	476518	1
83	10	Response	2	5623072	488598	1
83	10	Response	1	5632833	498359	1
83	10	Response	2	5644752	510277	1
83	10	Response	1	5652991	518517	0
83	10	Response	2	5653552	519077	1
83	10	Response	1	5683951	549477	1
83	10	Response	2	5691390	556916	1
83	10	Response	1	5698750	564276	1
83	10	Response	2	5703710	569236	0
83	10	Response	1	5726189	591715	1
83	10	Response	2	5746669	612195	1
83	10	Response	1	5766829	632355	1
83	10	Response	2	5791068	656594	1
83	10	Response	1	5798828	664354	0
83	10	Response	2	5802028	667554	1
83	10	Response	1	5810108	675633	1
83	10	Response	2	5813868	679393	0
83	10	Response	1	5821867	687393	0
83	10	Response	2	5822667	688193	0
83	11	Response	4	5889260	64999	0
83	12	Picture	Start_fixation	5889423	0	7	80161	13	0	next	other	0
83	12	Picture	Start_basket	5969584	80161	7	79995	7	80000	next	other	0
83	12	Response	4	6041177	151754	0
83	12	Response	1	6074101	184679	1
83	12	Response	2	6091941	202519	0
83	12	Response	1	6101541	212118	1
83	12	Response	2	6102261	212838	0
83	13	Picture	Start_fixation	6104908	0	7	80161	13	0	next	other	0
83	13	Picture	A	6185069	80161	7	79995	7	80000	next	other	0
83	13	Response	1	6286817	181909	1
83	13	Response	2	6294737	189829	1
83	13	Response	1	6303856	198949	1
83	13	Response	2	6304256	199348	0
83	14	Picture	Start_fixation	6307227	0	7	80161	13	0	next	other	0
83	14	Picture	E	6387388	80161	7	79994	7	80000	next	other	0
83	14	Response	1	6528812	221584	0
83	14	Response	2	6532171	224943	1
83	14	Response	1	6540971	233744	1
83	14	Response	2	6541611	234384	1
83	15	Picture	Start_fixation	6544878	0	7	80161	13	0	next	other	0
83	15	Picture	C	6625039	80161	7	79995	7	80000	next	other	0
83	15	Response	1	6728566	183689	0
83	15	Response	2	6751526	206648	0
83	15	Response	1	6759686	214808	0
83	15	Response	2	6760406	215528	0
83	16	Picture	Start_fixation	6763029	0	7	80162	13	0	next	other	0
83	16	Picture	F	6843190	80162	7	79994	7	80000	next	other	0
83	16	Response	1	6940961	177932	1
83	16	Response	2	6950321	187292	1
83	16	Response	1	6957761	194732	1
83	16	Response	2	6958401	195372	0
83	17	Picture	Start_fixation	6961182	0	7	80161	13	0	next	other	0
83	17	Picture	D	7041343	80161	7	79995	7	80000	next	other	0
83	17	Response	1	7141277	180095	1
83	17	Response	2	7156716	195534	1
83	17	Response	1	7162956	201774	0
83	17	Response	2	7167756	206574	1
83	17	Response	1	7176556	215374	1
83	17	Response	2	7177676	216494	0
83	18	Picture	Start_fixation	7180000	0	7	80161	13	0	next	other	0
83	18	Picture	B	7260161	80161	7	79994	7	80000	next	other	0
83	18	Response	1	7360391	180391	0
83	18	Response	2	7375912	195912	0
83	18	Response	1	7384151	204150	0
83	18	Response	2	7384791	204791	0
83	19	Response	4	7428424	41938	0
83	20	Picture	P	7515144	80161	7	79995	7	80000	next	other	0
83	20	Response	1	7688304	253322	0
83	20	Response	2	7689504	254521	0
83	20	Response	1	7824381	389398	1
83	20	Response	2	7825581	390598	0
83	21	Picture	G	7919449	80161	7	79995	7	80000	next	other	0
83	21	Response	1	8058613	219325	3
83	21	Response	2	8059655	220367	0
83	21	Response	1	8089655	250367	0
83	21	Response	2	8090695	251407	1
83	22	Picture	M	8184764	80161	7	79994	7	80000	next	other	0
83	22	Response	1	8294290	189687	0
83	22	Response	2	8295090	190487	0
83	22	Response	1	8314530	209927	0
83	22	Response	2	8315729	211127	0
83	23	Picture	I	8409749	80161	7	79995	7	80000	next	other	0
83	23	Response	1	8508045	178457	1
83	23	Response	2	8509085	179497	0
83	23	Response	1	8575963	246376	1
83	23	Response	2	8577243	247656	0
83	24	Picture	2	8672230	80161	7	79994	7	80000	next	other	0
83	24	Response	1	8772279	180209	0
83	24	Response	2	8772918	180849	0
83	24	Response	1	8811958	219889	1
83	24	Response	2	8812598	220528	0
83	25	Picture	O	8907047	80161	7	79995	7	80000	next	other	0
83	25	Response	1	9016833	189947	0
83	25	Response	2	9017473	190586	1
83	25	Response	1	9036752	209866	0
83	25	Response	2	9037873	210986	0
83	26	Picture	W	9132865	80161	7	79994	7	80000	next	other	0
83	26	Response	1	9223948	171244	1
83	26	Response	2	9225308	172604	0
83	26	Response	1	9242748	190044	1
83	26	Response	2	9244108	191404	0
83	27	Picture	F	9338017	80161	7	79994	7	80000	next	other	0
83	27	Response	1	9438823	180967	0
83	27	Response	2	9439783	181927	0
83	27	Response	1	9458343	200486	0
83	27	Response	2	9459303	201447	0
83	28	Picture	H	9554336	80161	7	79994	7	80000	next	other	0
83	28	Response	1	9668258	194083	0
83	28	Response	2	9668978	194803	0
83	28	Response	1	9711457	237282	0
83	28	Response	2	9712337	238162	0
83	29	Picture	S	9806485	80161	7	79995	7	80000	next	other	0
83	29	Response	1	9911213	184889	1
83	29	Response	2	9912092	185768	0
83	29	Response	1	9937532	211208	0
83	29	Response	2	9938171	211848	0
83	30	Picture	T	10032636	80161	7	79994	7	80000	next	other	0
83	30	Response	1	10147127	194652	1
83	30	Response	2	10148166	195691	0
83	30	Response	1	10167046	214571	1
83	30	Response	2	10167606	215131	0
83	31	Picture	N	10262287	80161	7	79994	7	80000	next	other	0
83	31	Response	1	10376721	194596	1
83	31	Response	2	10377281	195156	0
83	31	Response	1	10432880	250755	0
83	31	Response	2	10433680	251554	0
83	32	Picture	Z	10527935	80161	7	79994	7	80000	next	other	0
83	32	Response	1	10644155	196381	0
83	32	Response	2	10644795	197021	0
83	32	Response	1	10676715	228941	0
83	32	Response	2	10677514	229741	0
83	33	Picture	X	10771751	80161	7	79995	7	80000	next	other	0
83	33	Response	1	10885669	194079	1
83	33	Response	2	10886949	195359	1
83	33	Response	1	10903349	211759	1
83	33	Response	2	10904389	212799	0
83	34	Picture	E	10998569	80161	7	79994	7	80000	next	other	0
83	34	Response	1	11114464	196056	1
83	34	Response	2	11114544	196137	1
83	34	Response	1	11135904	217496	0
83	34	Response	2	11136544	218136	0
83	35	Picture	K	11231053	80161	7	79994	7	80000	next	other	0
83	35	Response	1	11345179	194287	0
83	35	Response	2	11345899	195007	0
83	35	Response	1	11367418	216527	0
83	35	Response	2	11368138	217246	0
83	36	Picture	C	11462703	80161	7	79994	7	80000	next	other	0
83	36	Response	1	11598693	216151	0
83	36	Response	2	11598773	216230	1
83	36	Response	1	11618852	236310	0
83	36	Response	2	11619572	237030	0
83	37	Picture	Y	11713853	80161	7	79994	7	80000	next	other	0
83	37	Response	1	11806686	172994	3
83	37	Response	2	11808848	175157	0
83	37	Response	1	11826288	192596	0
83	37	Response	2	11827407	193716	0
83	38	Picture	U	11921338	80161	7	79995	7	80000	next	other	0
83	38	Response	1	12025003	183826	1
83	38	Response	2	12025963	184786	0
83	38	Response	1	12043802	202625	1
83	38	Response	2	12044922	203745	0
83	39	Picture	J	12139490	80161	7	79994	7	80000	next	other	0
83	39	Response	1	12268437	209109	1
83	39	Response	2	12269318	209989	0
83	39	Response	1	12294837	235508	1
83	39	Response	2	12295877	236548	0
83	40	Picture	R	12390139	80161	7	79994	7	80000	next	other	0
83	40	Response	1	12480353	170375	1
83	40	Response	2	12482032	172054	0
83	40	Response	1	12499152	189174	0
83	40	Response	2	12500432	190454	0
83	41	Picture	1	12594291	80161	7	79995	7	80000	next	other	0
83	41	Response	1	12697068	182938	0
83	41	Response	2	12698028	183897	0
83	41	Response	1	12723067	208937	1
83	41	Response	2	12724187	210056	0
83	42	Picture	A	12818276	80161	7	79995	7	80000	next	other	0
83	42	Response	1	12911702	173588	0
83	42	Response	2	12912662	174547	1
83	42	Response	1	12951381	213266	1
83	42	Response	2	12951942	213827	0
83	43	Picture	L	13046593	80161	7	79994	7	80000	next	other	0
83	43	Response	1	13150337	183905	1
83	43	Response	2	13152017	185585	0
83	43	Response	1	13198496	232064	0
83	43	Response	2	13200256	233824	0
83	44	Picture	Q	13293743	80161	7	79995	7	80000	next	other	0
83	44	Response	1	13390572	176990	1
83	44	Response	2	13391771	178189	0
83	44	Response	1	13407771	194189	1
83	44	Response	2	13409050	195469	0
83	45	Picture	D	13503228	80161	7	79994	7	80000	next	other	0
83	45	Response	1	13628566	205498	1
83	45	Response	2	13630806	207738	0
83	45	Response	1	13660805	237738	1
83	45	Response	2	13661765	238698	0
83	46	Picture	B	13756377	80161	7	79995	7	80000	next	other	0
83	46	Response	1	13855680	179464	1
83	46	Response	2	13857040	180824	0
83	46	Response	1	13911359	235143	1
83	46	Response	2	13912719	236503	0
83	47	Picture	V	14006360	80161	7	79994	7	80000	next	other	0
83	47	Response	1	14169753	243554	1
83	47	Response	2	14170873	244674	0
83	47	Response	1	14197353	271154	0
83	47	Response	2	14198632	272433	0
83	48	Quit		21034054	6812542	NA
