Scenario - 
Logfile written - 11/29/2019 12:24:27

Subject	Trial	Event Type	Code	Time	TTime	Uncertainty	Duration	Uncertainty	ReqTime	ReqDur	Stim Type	Pair Index

89	1	Response	4	110590	110429	0
89	1	Response	1	146920	146759	0
89	1	Response	2	165000	164839	1
89	1	Response	1	173639	173478	0
89	1	Response	2	203558	203398	0
89	1	Response	1	221717	221557	1
89	1	Response	2	241636	241475	1
89	1	Response	1	254356	254196	1
89	1	Response	2	265716	265556	1
89	1	Response	1	275796	275635	1
89	1	Response	2	286516	286355	1
89	1	Response	1	304195	304034	1
89	1	Response	2	312515	312354	0
89	1	Response	1	328674	328513	1
89	1	Response	2	335874	335713	1
89	1	Response	1	345154	344993	0
89	1	Response	2	346353	346193	0
89	1	Response	1	369473	369312	1
89	1	Response	2	403952	403791	0
89	1	Response	1	418831	418670	1
89	1	Response	2	434431	434270	0
89	1	Response	1	446910	446750	0
89	1	Response	2	477149	476989	0
89	1	Response	1	486349	486188	1
89	1	Response	2	496029	495868	1
89	1	Response	1	512988	512827	1
89	1	Response	2	529947	529787	0
89	1	Response	1	540427	540267	0
89	1	Response	2	555947	555786	0
89	1	Response	1	569227	569066	0
89	1	Response	2	570106	569946	0
89	1	Response	1	624905	624745	1
89	1	Response	2	626504	626344	0
89	1	Response	1	642424	642263	1
89	1	Response	2	643624	643464	1
89	1	Response	1	654184	654023	1
89	1	Response	2	655303	655143	1
89	1	Response	1	707779	707618	3
89	1	Response	2	708582	708421	1
89	1	Response	1	721381	721221	0
89	1	Response	2	722421	722260	0
89	1	Response	1	788739	788578	1
89	1	Response	2	789699	789538	1
89	1	Response	1	831938	831777	0
89	1	Response	2	833218	833057	0
89	1	Response	1	870096	869936	1
89	1	Response	2	871056	870896	1
89	1	Response	1	910255	910094	0
89	1	Response	2	911215	911055	0
89	1	Response	1	939454	939294	0
89	1	Response	2	940574	940413	0
89	1	Response	1	944494	944334	0
89	1	Response	2	945534	945373	1
89	1	Response	1	956014	955853	0
89	1	Response	2	956814	956653	0
89	1	Response	1	1004492	1004332	0
89	1	Response	2	1005852	1005691	1
89	1	Response	1	1009772	1009612	0
89	1	Response	2	1011052	1010891	1
89	1	Response	1	1047131	1046970	1
89	1	Response	2	1048087	1047926	4
89	1	Response	1	1101129	1100968	0
89	1	Response	2	1102089	1101928	0
89	1	Response	1	1109129	1108968	0
89	1	Response	2	1110329	1110168	0
89	2	Response	4	1252873	78971	0
89	3	Response	1	1452158	198929	0
89	3	Response	2	1465197	211968	0
89	3	Response	1	1472958	219729	0
89	3	Response	2	1483197	229968	0
89	3	Response	1	1489757	236527	1
89	3	Response	2	1497836	244607	1
89	3	Response	1	1510316	257087	1
89	3	Response	2	1517676	264446	1
89	3	Response	1	1528795	275566	0
89	3	Response	2	1535195	281966	0
89	3	Response	1	1549595	296366	1
89	3	Response	2	1556233	303004	2
89	3	Response	1	1563834	310605	1
89	3	Response	2	1565354	312125	0
89	3	Response	1	1589672	336443	2
89	3	Response	2	1597433	344204	0
89	3	Response	1	1603592	350363	1
89	3	Response	2	1614793	361563	1
89	3	Response	1	1627912	374683	1
89	3	Response	2	1634312	381083	1
89	3	Response	1	1641512	388282	0
89	3	Response	2	1647351	394122	1
89	3	Response	1	1660151	406922	1
89	3	Response	2	1665671	412442	0
89	3	Response	1	1675990	422761	1
89	3	Response	2	1680630	427401	0
89	3	Response	1	1686390	433161	0
89	3	Response	2	1687750	434521	0
89	4	Response	1	1868545	179349	1
89	4	Response	2	1875984	186789	1
89	4	Response	1	1885584	196389	1
89	4	Response	2	1902543	213348	0
89	4	Response	1	1913743	224548	0
89	4	Response	2	1918622	229427	1
89	4	Response	1	1931582	242387	0
89	4	Response	2	1936222	247027	0
89	4	Response	1	1942782	253587	1
89	4	Response	2	1947582	258386	1
89	4	Response	1	1966621	277426	0
89	4	Response	2	1970381	281186	0
89	4	Response	1	1981261	292065	1
89	4	Response	2	1982461	293265	0
89	4	Response	1	2002538	313343	2
89	4	Response	2	2011740	322544	1
89	4	Response	1	2022699	333504	0
89	4	Response	2	2029499	340304	0
89	4	Response	1	2045819	356623	1
89	4	Response	2	2051018	361823	0
89	4	Response	1	2060298	371103	1
89	4	Response	2	2065578	376383	1
89	4	Response	1	2073498	384303	1
89	4	Response	2	2078937	389742	0
89	4	Response	1	2087657	398462	0
89	4	Response	2	2092297	403102	1
89	4	Response	1	2101577	412381	1
89	4	Response	2	2102777	413581	0
89	5	Video	Vogels_1min	2156326	52329	1			0		other	0
89	6	Response	4	2784584	42637	0
89	7	Response	1	3030027	245083	1
89	7	Response	2	3037307	252363	0
89	7	Response	1	3043786	258843	1
89	7	Response	2	3045466	260523	1
89	7	Response	1	3058586	273642	0
89	7	Response	2	3059706	274762	0
89	7	Response	1	3082265	297322	0
89	7	Response	2	3083225	298282	1
89	7	Response	1	3093945	309001	0
89	7	Response	2	3094985	310041	0
89	7	Response	1	3108504	323561	1
89	7	Response	2	3109624	324681	0
89	7	Response	1	3126583	341640	1
89	7	Response	2	3127543	342600	1
89	7	Response	1	3134823	349880	0
89	7	Response	2	3137063	352120	0
89	7	Response	1	3156264	371321	0
89	7	Response	2	3157142	372199	0
89	7	Response	1	3164422	379479	0
89	7	Response	2	3165462	380519	1
89	7	Response	1	3168582	383638	1
89	7	Response	2	3169622	384679	1
89	7	Response	1	3177942	392998	0
89	7	Response	2	3178901	393957	2
89	7	Response	1	3204261	419317	0
89	7	Response	2	3205381	420437	1
89	7	Response	1	3223700	438757	0
89	7	Response	2	3224741	439797	0
89	7	Response	1	3239140	454196	1
89	7	Response	2	3240500	455556	1
89	7	Response	1	3250579	465636	0
89	7	Response	2	3251939	466996	1
89	7	Response	1	3259699	474756	0
89	7	Response	2	3262019	477076	1
89	8	Video	Whales_1min	3314402	52329	1			0		other	0
89	9	Response	4	3953746	43723	0
89	10	Response	1	4186230	232044	1
89	10	Response	2	4187508	233323	2
89	10	Response	1	4207507	253321	2
89	10	Response	2	4208868	254682	1
89	10	Response	1	4259587	305402	1
89	10	Response	2	4260707	306522	1
89	10	Response	1	4268626	314441	0
89	10	Response	2	4269985	315800	1
89	10	Response	1	4288466	334280	1
89	10	Response	2	4289586	335400	1
89	10	Response	1	4304785	350599	0
89	10	Response	2	4306225	352040	0
89	10	Response	1	4315825	361640	0
89	10	Response	2	4317025	362839	0
89	10	Response	1	4337104	382919	0
89	10	Response	2	4338144	383959	1
89	10	Response	1	4365423	411238	0
89	10	Response	2	4366463	412278	1
89	10	Response	1	4381661	427475	3
89	10	Response	2	4382703	428518	0
89	10	Response	1	4406463	452277	1
89	10	Response	2	4407662	453477	1
89	10	Response	1	4427982	473796	1
89	10	Response	2	4429181	474996	0
89	10	Response	1	4455180	500995	0
89	10	Response	2	4456220	502035	1
89	10	Response	1	4461900	507715	0
89	10	Response	2	4462941	508756	0
89	11	Response	4	4564926	100613	0
89	12	Picture	Start_fixation	4564972	0	7	80160	13	0	next	other	0
89	12	Picture	Start_basket	4645132	80160	7	79994	7	80000	next	other	0
89	12	Response	1	4773330	208358	1
89	12	Response	2	4774610	209638	1
89	12	Response	1	4789090	224118	0
89	12	Response	2	4790610	225638	0
89	13	Picture	Start_fixation	4792454	0	7	80160	13	0	next	other	0
89	13	Picture	D	4872615	80160	7	79994	7	80000	next	other	0
89	13	Response	1	4981084	188630	1
89	13	Response	2	4985804	193349	0
89	13	Response	1	4995803	203349	1
89	13	Response	2	4999323	206869	0
89	13	Response	1	5002123	209669	1
89	13	Response	2	5003723	211269	0
89	14	Picture	Start_fixation	5005604	0	7	80160	13	0	next	other	0
89	14	Picture	B	5085765	80160	7	79994	7	80000	next	other	0
89	14	Response	1	5185957	180353	1
89	14	Response	2	5186917	181312	1
89	14	Response	1	5189237	183632	1
89	14	Response	2	5190197	184592	0
89	14	Response	1	5217556	211951	1
89	14	Response	2	5221635	216031	0
89	14	Response	1	5230594	224989	2
89	14	Response	2	5231955	226351	0
89	15	Picture	Start_fixation	5234087	0	7	80160	13	0	next	other	0
89	15	Picture	C	5314247	80160	7	79994	7	80000	next	other	0
89	15	Response	1	5413950	179863	1
89	15	Response	2	5418830	184743	1
89	15	Response	1	5432269	198183	1
89	15	Response	2	5433549	199462	0
89	16	Picture	Start_fixation	5436904	0	7	80161	13	0	next	other	0
89	16	Picture	A	5517064	80161	7	79994	7	80000	next	other	0
89	16	Response	1	5614023	177120	1
89	16	Response	2	5620024	183120	1
89	16	Response	1	5630662	193759	0
89	16	Response	2	5632343	195439	0
89	17	Picture	Start_fixation	5634388	0	7	80161	13	0	next	other	0
89	17	Picture	F	5714549	80161	7	79994	7	80000	next	other	0
89	17	Response	1	5821456	187068	1
89	17	Response	2	5822257	187868	0
89	17	Response	1	5835776	201388	1
89	17	Response	2	5836976	202587	0
89	18	Picture	Start_fixation	5839206	0	7	80160	13	0	next	other	0
89	18	Picture	E	5919366	80160	7	79994	7	80000	next	other	0
89	18	Response	1	6019610	180404	0
89	18	Response	2	6020730	181524	1
89	18	Response	1	6043049	203843	0
89	18	Response	2	6044009	204804	0
89	18	Response	1	6054089	214883	1
89	18	Response	2	6055209	216003	0
89	19	Response	4	6126955	70433	0
89	20	Picture	1	6214010	80160	7	79994	7	80000	next	other	0
89	20	Response	1	6330640	196791	1
89	20	Response	2	6332000	198150	1
89	20	Response	1	6405117	271268	1
89	20	Response	2	6406637	272788	0
89	21	Picture	N	6500154	80160	7	79994	7	80000	next	other	0
89	21	Response	1	6631350	211357	0
89	21	Response	2	6632470	212476	0
89	21	Response	1	6664069	244075	0
89	21	Response	2	6665349	245355	0
89	22	Picture	O	6759134	80161	7	79994	7	80000	next	other	0
89	22	Response	1	6860463	181490	0
89	22	Response	2	6862223	183249	0
89	22	Response	1	6892782	213808	1
89	22	Response	2	6894302	215328	0
89	23	Picture	P	6987783	80161	7	79994	7	80000	next	other	0
89	23	Response	1	7112455	204833	0
89	23	Response	2	7114055	206433	0
89	23	Response	1	7135014	227392	1
89	23	Response	2	7136774	229152	0
89	24	Picture	A	7230430	80160	7	79994	7	80000	next	other	0
89	24	Response	1	7332688	182418	0
89	24	Response	2	7334127	183858	0
89	24	Response	1	7375886	225617	1
89	24	Response	2	7377406	227136	1
89	25	Picture	K	7470911	80160	7	79994	7	80000	next	other	0
89	25	Response	1	7577160	186409	0
89	25	Response	2	7578519	187768	0
89	25	Response	1	7609318	218567	1
89	25	Response	2	7610758	220007	1
89	26	Picture	W	7704393	80160	7	79994	7	80000	next	other	0
89	26	Response	1	7807873	183640	1
89	26	Response	2	7809872	185640	0
89	26	Response	1	7882670	258437	0
89	26	Response	2	7883790	259558	0
89	27	Picture	2	7977871	80160	7	79994	7	80000	next	other	0
89	27	Response	1	8087543	189832	0
89	27	Response	2	8088743	191032	0
89	27	Response	1	8127062	229351	1
89	27	Response	2	8128662	230950	0
89	28	Picture	G	8222186	80160	7	79994	7	80000	next	other	0
89	28	Response	1	8319056	177030	1
89	28	Response	2	8320896	178870	0
89	28	Response	1	8365294	223269	1
89	28	Response	2	8366894	224869	0
89	29	Picture	H	8460334	80160	7	79994	7	80000	next	other	0
89	29	Response	1	8556488	176315	0
89	29	Response	2	8558248	178074	0
89	29	Response	1	8590807	210633	0
89	29	Response	2	8592647	212474	0
89	30	Picture	X	8685816	80160	7	79994	7	80000	next	other	0
89	30	Response	1	8787681	182025	1
89	30	Response	2	8789920	184265	0
89	30	Response	1	8829279	223624	0
89	30	Response	2	8830799	225143	0
89	31	Picture	J	8924298	80160	7	79994	7	80000	next	other	0
89	31	Response	1	9031753	187615	0
89	31	Response	2	9033353	189215	0
89	31	Response	1	9075431	231294	0
89	31	Response	2	9076391	232254	0
89	32	Picture	R	9170445	80160	7	79994	7	80000	next	other	0
89	32	Response	1	9281585	191300	1
89	32	Response	2	9283265	192980	0
89	32	Response	1	9319583	229299	0
89	32	Response	2	9321183	230899	0
89	33	Picture	V	9414592	80160	7	79994	7	80000	next	other	0
89	33	Response	1	9512457	178025	1
89	33	Response	2	9513897	179465	0
89	33	Response	1	9564856	230424	1
89	33	Response	2	9566455	232023	0
89	34	Picture	Z	9659906	80160	7	79994	7	80000	next	other	0
89	34	Response	1	9763249	183503	1
89	34	Response	2	9764689	184943	0
89	34	Response	1	9784528	204782	0
89	34	Response	2	9786288	206542	0
89	35	Picture	T	9879556	80160	7	79994	7	80000	next	other	0
89	35	Response	1	9985882	186486	1
89	35	Response	2	9989802	190406	0
89	35	Response	1	10014441	215045	1
89	35	Response	2	10015721	216325	0
89	36	Picture	E	10109705	80161	7	79994	7	80000	next	other	0
89	36	Response	1	10229554	200010	1
89	36	Response	2	10230754	201210	1
89	36	Response	1	10260833	231289	1
89	36	Response	2	10262273	232729	0
89	37	Picture	L	10355852	80161	7	79994	7	80000	next	other	0
89	37	Response	1	10466587	190895	1
89	37	Response	2	10468506	192815	0
89	37	Response	1	10494985	219294	1
89	37	Response	2	10496825	221134	0
89	38	Picture	D	10590167	80160	7	79994	7	80000	next	other	0
89	38	Response	1	10694819	184812	0
89	38	Response	2	10695619	185612	1
89	38	Response	1	10744577	234571	1
89	38	Response	2	10747377	237371	0
89	39	Picture	U	10840647	80160	7	79994	7	80000	next	other	0
89	39	Response	1	10939611	179125	0
89	39	Response	2	10941051	180564	0
89	39	Response	1	10969130	208643	1
89	39	Response	2	10971450	210963	0
89	40	Picture	C	11064296	80160	7	79994	7	80000	next	other	0
89	40	Response	1	11185043	200907	0
89	40	Response	2	11186163	202027	0
89	40	Response	1	11260641	276505	1
89	40	Response	2	11261921	277785	0
89	41	Picture	I	11355773	80161	7	79994	7	80000	next	other	0
89	41	Response	3	11449833	174220	2
89	41	Response	1	11502313	226700	1
89	41	Response	2	11503753	228140	0
89	42	Picture	Y	11597421	80160	7	79994	7	80000	next	other	0
89	42	Response	1	11706627	189366	0
89	42	Response	2	11707826	190565	0
89	42	Response	1	11736866	219605	1
89	42	Response	2	11737825	220564	0
89	43	Picture	M	11831903	80161	7	79994	7	80000	next	other	0
89	43	Response	1	11947338	195596	1
89	43	Response	2	11948698	196956	0
89	43	Response	1	11976698	224955	1
89	43	Response	2	11978537	226795	0
89	44	Picture	B	12072384	80160	7	79994	7	80000	next	other	0
89	44	Response	1	12181491	189267	0
89	44	Response	2	12182531	190307	0
89	44	Response	1	12217010	224786	1
89	44	Response	2	12218610	226386	0
89	45	Picture	F	12313198	80160	7	79994	7	80000	next	other	0
89	45	Response	1	12424283	191245	1
89	45	Response	2	12425003	191965	0
89	45	Response	1	12449162	216124	0
89	45	Response	2	12449962	216924	0
89	46	Picture	Q	12544180	80160	7	79994	7	80000	next	other	0
89	46	Response	1	12651636	187616	1
89	46	Response	2	12652756	188736	0
89	46	Response	1	12677635	213615	1
89	46	Response	2	12679635	215615	0
89	47	Picture	S	12772662	80160	7	79994	7	80000	next	other	0
89	47	Response	1	12871789	179287	1
89	47	Response	2	12873388	180886	0
89	47	Response	1	12905788	213286	0
89	47	Response	2	12907147	214645	0
