Scenario - 
Logfile written - 12/02/2019 12:54:12

Subject	Trial	Event Type	Code	Time	TTime	Uncertainty	Duration	Uncertainty	ReqTime	ReqDur	Stim Type	Pair Index

92	1	Response	4	104269	104109	0
92	1	Response	1	125959	125798	0
92	1	Response	2	126839	126678	0
92	1	Response	1	151478	151318	1
92	1	Response	2	152358	152197	1
92	1	Response	1	171557	171397	0
92	1	Response	2	172517	172357	0
92	1	Response	1	179797	179636	1
92	1	Response	2	180837	180676	1
92	1	Response	1	197716	197556	0
92	1	Response	2	198676	198515	1
92	1	Response	1	203076	202915	1
92	1	Response	2	204116	203956	1
92	1	Response	1	213876	213715	0
92	1	Response	2	214915	214755	1
92	1	Response	1	227715	227554	1
92	1	Response	2	228675	228515	0
92	1	Response	1	241874	241714	1
92	1	Response	2	247554	247394	0
92	1	Response	1	256434	256273	0
92	1	Response	2	257474	257313	0
92	1	Response	1	296512	296352	1
92	1	Response	2	297552	297392	0
92	1	Response	1	305632	305471	1
92	1	Response	2	306832	306671	1
92	1	Response	1	324512	324351	0
92	1	Response	2	325551	325391	1
92	1	Response	1	337551	337390	1
92	1	Response	2	338831	338670	1
92	1	Response	1	342191	342030	0
92	1	Response	2	343550	343390	0
92	1	Response	1	356670	356509	0
92	1	Response	2	358110	357949	0
92	1	Response	1	361150	360989	0
92	1	Response	2	362350	362189	1
92	1	Response	1	376029	375869	0
92	1	Response	2	377069	376909	0
92	1	Response	1	434107	433947	1
92	1	Response	2	435067	434907	0
92	1	Response	1	451946	451786	1
92	1	Response	2	453066	452906	0
92	1	Response	1	461626	461465	1
92	1	Response	2	462826	462665	0
92	1	Response	1	476746	476585	1
92	1	Response	2	477785	477625	0
92	1	Response	1	512744	512584	1
92	1	Response	2	513784	513624	0
92	1	Response	1	525864	525703	1
92	1	Response	2	526904	526743	1
92	1	Response	1	541783	541623	0
92	1	Response	2	542903	542742	0
92	1	Response	1	590421	590260	0
92	1	Response	2	590981	590820	0
92	1	Response	1	604901	604740	1
92	1	Response	2	605940	605780	0
92	1	Response	1	608820	608660	0
92	1	Response	2	609780	609620	1
92	1	Response	1	629700	629539	0
92	1	Response	2	630579	630419	1
92	1	Response	1	657779	657618	0
92	1	Response	2	658979	658818	0
92	1	Response	1	693857	693697	1
92	1	Response	2	694897	694736	1
92	1	Response	1	715216	715056	1
92	1	Response	2	716256	716096	0
92	1	Response	1	730256	730095	1
92	1	Response	2	731216	731055	0
92	1	Response	1	733616	733455	0
92	1	Response	2	734655	734495	0
92	1	Response	1	763294	763134	1
92	1	Response	2	764334	764174	0
92	1	Response	1	780494	780333	0
92	1	Response	2	781374	781213	1
92	1	Response	1	800253	800093	1
92	1	Response	2	801693	801533	0
92	1	Response	1	813373	813212	1
92	1	Response	2	814413	814252	0
92	1	Response	1	831052	830891	1
92	1	Response	2	832012	831851	1
92	1	Response	1	853531	853370	0
92	1	Response	2	854811	854651	0
92	1	Response	1	880090	879930	0
92	1	Response	2	881290	881130	1
92	1	Response	1	950647	950487	1
92	1	Response	2	951687	951527	1
92	1	Response	1	954967	954807	1
92	1	Response	2	955847	955686	1
92	1	Response	1	958807	958647	0
92	1	Response	2	959767	959606	1
92	1	Response	1	1006885	1006725	1
92	1	Response	2	1008245	1008085	1
92	1	Response	1	1012005	1011845	1
92	1	Response	2	1013045	1012885	1
92	1	Response	1	1051443	1051283	0
92	1	Response	2	1052403	1052243	0
92	1	Response	1	1054803	1054643	0
92	1	Response	2	1055763	1055603	1
92	1	Response	1	1068483	1068322	1
92	1	Response	2	1069523	1069362	0
92	2	Response	4	1197908	62009	0
92	3	Response	1	1392711	194484	1
92	3	Response	2	1393751	195524	0
92	3	Response	1	1411030	212803	1
92	3	Response	2	1419829	221603	0
92	3	Response	1	1431909	233683	0
92	3	Response	2	1442709	244482	1
92	3	Response	1	1453748	255522	1
92	3	Response	2	1464388	266161	0
92	3	Response	1	1469907	271681	0
92	3	Response	2	1478388	280161	0
92	3	Response	1	1488387	290160	1
92	3	Response	2	1497107	298880	0
92	3	Response	1	1556704	358477	1
92	3	Response	2	1564703	366476	2
92	3	Response	1	1571744	373517	1
92	3	Response	2	1575503	377277	1
92	3	Response	1	1581743	383517	0
92	3	Response	2	1584783	386557	1
92	3	Response	1	1594543	396316	1
92	3	Response	2	1598783	400557	1
92	3	Response	1	1621582	423355	1
92	3	Response	2	1622542	424315	0
92	3	Response	1	1648781	450554	1
92	3	Response	2	1649981	451754	0
92	3	Response	1	1665100	466874	0
92	3	Response	2	1665980	467753	0
92	3	Response	1	1674380	476153	0
92	3	Response	2	1685899	487673	0
92	3	Response	1	1692299	494073	0
92	3	Response	2	1717498	519272	0
92	3	Response	1	1723898	525671	1
92	3	Response	2	1724938	526711	0
92	3	Response	1	1730458	532231	1
92	3	Response	2	1735658	537431	0
92	3	Response	1	1746537	548310	1
92	3	Response	2	1747977	549750	1
92	3	Response	1	1766056	567830	0
92	3	Response	2	1767896	569670	0
92	3	Response	1	1782696	584469	0
92	3	Response	2	1783736	585509	1
92	3	Response	1	1795495	597269	1
92	3	Response	2	1797975	599749	1
92	3	Response	1	1830534	632307	1
92	3	Response	2	1831814	633588	0
92	4	Response	1	2022847	189507	1
92	4	Response	2	2023807	190466	1
92	4	Response	1	2026286	192946	1
92	4	Response	2	2028046	194706	1
92	4	Response	1	2041006	207666	0
92	4	Response	2	2053566	220226	1
92	4	Response	1	2062605	229265	0
92	4	Response	2	2063565	230225	1
92	4	Response	1	2071325	237985	0
92	4	Response	2	2072364	239024	1
92	4	Response	1	2097404	264064	0
92	4	Response	2	2098604	265264	1
92	4	Response	1	2133162	299822	1
92	4	Response	2	2139643	306302	1
92	4	Response	1	2150682	317341	1
92	4	Response	2	2217559	384219	1
92	4	Response	1	2228119	394779	1
92	4	Response	2	2240518	407178	1
92	4	Response	1	2263158	429817	0
92	4	Response	2	2264358	431018	0
92	4	Response	1	2283637	450297	1
92	4	Response	2	2284757	451416	1
92	4	Response	1	2287396	454056	0
92	4	Response	2	2291716	458376	1
92	4	Response	1	2302116	468776	1
92	4	Response	2	2303556	470216	0
92	4	Response	1	2325955	492615	0
92	4	Response	2	2335795	502455	0
92	4	Response	1	2341874	508534	1
92	4	Response	2	2352434	519094	1
92	4	Response	1	2365470	532130	4
92	4	Response	2	2370353	537013	1
92	4	Response	1	2378433	545093	1
92	4	Response	2	2387873	554533	1
92	4	Response	1	2397712	564372	0
92	4	Response	2	2434191	600851	0
92	4	Response	1	2447470	614130	1
92	4	Response	2	2448830	615490	0
92	5	Video	Vogels_1min	2502284	52329	1			0		other	0
92	6	Response	4	3186072	98337	0
92	7	Response	1	3441033	254639	0
92	7	Response	2	3462072	275678	0
92	7	Response	1	3469111	282717	1
92	7	Response	2	3473831	287437	1
92	7	Response	1	3481591	295197	1
92	7	Response	2	3488871	302477	0
92	7	Response	1	3499430	313036	1
92	7	Response	2	3507110	320716	1
92	7	Response	1	3516550	330156	0
92	7	Response	2	3523990	337596	0
92	7	Response	1	3531909	345515	0
92	7	Response	2	3539189	352795	0
92	7	Response	1	3549108	362714	0
92	7	Response	2	3550389	363995	0
92	7	Response	1	3570707	384313	0
92	7	Response	2	3577987	391593	0
92	7	Response	1	3585107	398713	1
92	7	Response	2	3590387	403993	0
92	7	Response	1	3599266	412872	1
92	7	Response	2	3604066	417672	0
92	7	Response	1	3612946	426552	1
92	7	Response	2	3619426	433032	1
92	7	Response	1	3626066	439672	0
92	7	Response	2	3633985	447591	0
92	7	Response	1	3641265	454871	1
92	7	Response	2	3645265	458871	1
92	7	Response	1	3651104	464710	1
92	7	Response	2	3666784	480390	1
92	7	Response	1	3676783	490389	1
92	7	Response	2	3679504	493110	1
92	7	Response	1	3689984	503589	0
92	7	Response	2	3691103	504709	0
92	8	Video	Whales_1min	3744681	52329	1			0		other	0
92	9	Response	4	4386506	45875	0
92	10	Response	1	4623948	236987	1
92	10	Response	2	4633947	246986	1
92	10	Response	1	4640987	254026	1
92	10	Response	2	4667386	280426	0
92	10	Response	1	4673466	286506	0
92	10	Response	2	4686345	299385	0
92	10	Response	1	4698585	311624	0
92	10	Response	2	4705144	318184	1
92	10	Response	1	4711224	324264	0
92	10	Response	2	4715143	328182	1
92	10	Response	1	4722344	335384	0
92	10	Response	2	4726584	339623	0
92	10	Response	1	4729384	342423	0
92	10	Response	2	4733304	346343	0
92	10	Response	1	4748743	361782	1
92	10	Response	2	4759703	372743	0
92	10	Response	1	4769462	382501	1
92	10	Response	2	4770582	383621	0
92	10	Response	1	4786502	399541	0
92	10	Response	2	4792821	405861	1
92	10	Response	1	4800181	413221	0
92	10	Response	2	4807540	420580	0
92	10	Response	1	4815700	428740	0
92	10	Response	2	4841139	454179	0
92	10	Response	1	4848097	461136	3
92	10	Response	2	4854818	467858	1
92	10	Response	1	4859139	472178	1
92	10	Response	2	4863058	476098	1
92	10	Response	1	4878978	492017	1
92	10	Response	2	4890898	503937	0
92	10	Response	1	4899138	512178	1
92	10	Response	2	4910257	523296	0
92	10	Response	1	4913617	526656	1
92	10	Response	2	4917376	530416	1
92	10	Response	1	4923936	536975	1
92	10	Response	2	4925216	538256	0
92	11	Response	4	5011763	85347	1
92	12	Picture	Start_fixation	5011908	0	7	80160	13	0	next	other	0
92	12	Picture	Start_basket	5092068	80160	7	79993	7	80000	next	other	0
92	12	Response	1	5204086	192177	1
92	12	Response	2	5211285	199377	0
92	12	Response	1	5224325	212417	1
92	12	Response	2	5228165	216256	1
92	12	Response	1	5234405	222496	0
92	12	Response	2	5238804	226896	0
92	12	Response	1	5251524	239615	1
92	12	Response	2	5252964	241055	0
92	13	Picture	Start_fixation	5254888	0	7	80160	13	0	next	other	0
92	13	Picture	F	5335048	80160	7	79993	7	80000	next	other	0
92	13	Response	1	5432797	177909	1
92	13	Response	2	5443196	188308	1
92	13	Response	1	5453276	198388	0
92	13	Response	2	5454796	199908	0
92	14	Picture	Start_fixation	5456705	0	7	80160	13	0	next	other	0
92	14	Picture	D	5536865	80160	7	79993	7	80000	next	other	0
92	14	Response	1	5642789	186085	1
92	14	Response	2	5643749	187045	1
92	14	Response	1	5646308	189604	1
92	14	Response	2	5647509	190804	1
92	14	Response	1	5661588	204884	0
92	14	Response	2	5662868	206163	0
92	15	Picture	Start_fixation	5665020	0	8	80160	14	0	next	other	0
92	15	Picture	B	5745180	80160	7	79993	7	80000	next	other	0
92	15	Response	1	5846301	181281	1
92	15	Response	2	5847341	182321	0
92	15	Response	1	5862380	197360	1
92	15	Response	2	5863581	198560	0
92	16	Picture	Start_fixation	5865837	0	7	80160	13	0	next	other	0
92	16	Picture	E	5945997	80160	7	79993	7	80000	next	other	0
92	16	Response	1	6048934	183097	1
92	16	Response	2	6049813	183976	0
92	16	Response	1	6053173	187336	0
92	16	Response	2	6054133	188296	0
92	16	Response	1	6065972	200135	0
92	16	Response	2	6067092	201255	0
92	17	Picture	Start_fixation	6069320	0	7	80160	13	0	next	other	0
92	17	Picture	C	6149480	80160	7	79993	7	80000	next	other	0
92	17	Response	1	6256366	187046	0
92	17	Response	2	6261085	191766	0
92	17	Response	1	6272045	202725	0
92	17	Response	2	6273485	204165	0
92	18	Picture	Start_fixation	6275469	0	7	80160	13	0	next	other	0
92	18	Picture	A	6355629	80160	7	79993	7	80000	next	other	0
92	18	Response	1	6462517	187048	0
92	18	Response	2	6468598	193128	1
92	18	Response	1	6479157	203688	0
92	18	Response	2	6480597	205128	0
92	19	Response	4	6526265	44646	0
92	20	Picture	D	6612608	80160	7	79993	7	80000	next	other	0
92	20	Response	1	6748827	216379	1
92	20	Response	2	6750587	218139	0
92	20	Response	1	6861543	329095	0
92	20	Response	2	6863382	330935	0
92	21	Picture	E	6956745	80160	7	79993	7	80000	next	other	0
92	21	Response	1	7120093	243507	0
92	21	Response	2	7121773	245187	0
92	21	Response	1	7176971	300386	0
92	21	Response	2	7178970	302385	0
92	22	Picture	R	7272052	80160	7	79993	7	80000	next	other	0
92	22	Response	1	7385123	193231	0
92	22	Response	2	7386963	195071	0
92	22	Response	1	7415281	223389	0
92	22	Response	2	7417282	225390	0
92	23	Picture	1	7510365	80160	7	79993	7	80000	next	other	0
92	23	Response	1	7622634	192428	1
92	23	Response	2	7623834	193628	0
92	23	Response	1	7672791	242586	1
92	23	Response	2	7674391	244186	0
92	24	Picture	2	7768344	80160	7	79993	7	80000	next	other	0
92	24	Response	1	7915903	227719	1
92	24	Response	2	7917422	229239	0
92	24	Response	1	7948621	260438	1
92	24	Response	2	7950541	262358	0
92	25	Picture	S	8043654	80160	7	79993	7	80000	next	other	0
92	25	Response	1	8163253	199759	1
92	25	Response	2	8164613	201119	0
92	25	Response	1	8188372	224878	0
92	25	Response	2	8189812	226318	0
92	26	Picture	O	8283634	80160	7	79993	7	80000	next	other	0
92	26	Response	1	8390365	186891	0
92	26	Response	2	8391484	188010	0
92	26	Response	1	8427003	223529	0
92	26	Response	2	8428603	225129	0
92	27	Picture	N	8522114	80160	7	79993	7	80000	next	other	0
92	27	Response	1	8627556	185602	0
92	27	Response	2	8628755	186802	0
92	27	Response	1	8658034	216080	0
92	27	Response	2	8659234	217280	0
92	28	Picture	Z	8753094	80160	7	79993	7	80000	next	other	0
92	28	Response	1	8867866	194932	1
92	28	Response	2	8869306	196372	0
92	28	Response	1	8894025	221091	0
92	28	Response	2	8895785	222850	0
92	29	Picture	F	8989241	80160	7	79993	7	80000	next	other	0
92	29	Response	1	9099537	190456	0
92	29	Response	2	9100657	191576	0
92	29	Response	1	9131616	222535	1
92	29	Response	2	9133216	224135	0
92	30	Picture	Y	9226721	80160	7	79993	7	80000	next	other	0
92	30	Response	1	9346568	200007	0
92	30	Response	2	9348088	201527	0
92	30	Response	1	9375367	228806	1
92	30	Response	2	9376806	230245	0
92	31	Picture	V	9470367	80160	7	79993	7	80000	next	other	0
92	31	Response	1	9586479	196272	1
92	31	Response	2	9588158	197951	0
92	31	Response	1	9620637	230430	0
92	31	Response	2	9622477	232270	0
92	32	Picture	H	9716013	80160	7	79993	7	80000	next	other	0
92	32	Response	1	9827110	191257	1
92	32	Response	2	9828629	192776	0
92	32	Response	1	9860468	224615	1
92	32	Response	2	9862548	226695	0
92	33	Picture	K	9955493	80160	7	79994	7	80000	next	other	0
92	33	Response	1	10070300	194967	1
92	33	Response	2	10071740	196407	0
92	33	Response	1	10138218	262885	1
92	33	Response	2	10139738	264405	0
92	34	Picture	I	10233303	80160	7	79993	7	80000	next	other	0
92	34	Response	1	10336210	183067	0
92	34	Response	2	10337490	184347	0
92	34	Response	1	10395488	242345	0
92	34	Response	2	10397808	244665	0
92	35	Picture	Q	10490781	80160	7	79993	7	80000	next	other	0
92	35	Response	1	10600760	190139	0
92	35	Response	2	10602040	191419	0
92	35	Response	1	10626519	215898	1
92	35	Response	2	10627959	217338	0
92	36	Picture	G	10721762	80160	7	79993	7	80000	next	other	0
92	36	Response	1	10842031	200429	0
92	36	Response	2	10843311	201709	0
92	36	Response	1	10867470	225868	1
92	36	Response	2	10868990	227388	0
92	37	Picture	B	10962741	80160	7	79993	7	80000	next	other	0
92	37	Response	1	11063544	180962	1
92	37	Response	2	11064902	182321	0
92	37	Response	1	11101220	218638	2
92	37	Response	2	11102501	219919	0
92	38	Picture	T	11196222	80160	7	79993	7	80000	next	other	0
92	38	Response	1	11307933	191871	1
92	38	Response	2	11309453	193391	0
92	38	Response	1	11333692	217630	1
92	38	Response	2	11335452	219390	0
92	39	Picture	X	11428869	80160	7	79993	7	80000	next	other	0
92	39	Response	1	11534484	185776	1
92	39	Response	2	11535684	186975	0
92	39	Response	1	11565683	216974	1
92	39	Response	2	11567443	218734	0
92	40	Picture	W	11660683	80160	7	79993	7	80000	next	other	0
92	40	Response	1	11823194	242671	0
92	40	Response	2	11824473	243951	0
92	40	Response	1	11850473	269950	1
92	40	Response	2	11852552	272030	0
92	41	Picture	P	11945492	80160	7	79993	7	80000	next	other	0
92	41	Response	1	12051185	185853	0
92	41	Response	2	12052545	187213	0
92	41	Response	1	12076544	211212	1
92	41	Response	2	12077664	212332	0
92	42	Picture	J	12171640	80160	7	79993	7	80000	next	other	0
92	42	Response	1	12280057	188578	1
92	42	Response	2	12281816	190336	0
92	42	Response	1	12318055	226575	0
92	42	Response	2	12319975	228495	0
92	43	Picture	L	12413119	80160	7	79993	7	80000	next	other	0
92	43	Response	1	12519807	186848	1
92	43	Response	2	12521167	188208	0
92	43	Response	1	12554766	221806	1
92	43	Response	2	12555966	223006	0
92	44	Picture	M	12649766	80160	7	79993	7	80000	next	other	0
92	44	Response	1	12752039	182433	0
92	44	Response	2	12753238	183632	0
92	44	Response	1	12784837	215231	1
92	44	Response	2	12786837	217231	0
92	45	Picture	A	12880247	80160	7	79993	7	80000	next	other	0
92	45	Response	1	12982590	182503	0
92	45	Response	2	12983709	183623	0
92	45	Response	1	13009548	209462	0
92	45	Response	2	13011308	211221	0
92	46	Picture	C	13104728	80160	7	79993	7	80000	next	other	0
92	46	Response	1	13206341	181774	0
92	46	Response	2	13207621	183053	0
92	46	Response	1	13233620	209052	0
92	46	Response	2	13235220	210652	0
92	47	Picture	U	13328709	80160	7	79993	7	80000	next	other	0
92	47	Response	1	13444252	195703	0
92	47	Response	2	13445771	197223	0
92	47	Response	1	13490090	241541	0
92	47	Response	2	13492490	243941	0
92	48	Response	1	13550088	35895	0
92	48	Response	2	13551688	37494	0
92	48	Response	4	13696552	182359	0
92	48	Response	4	14044299	530105	0
92	48	Response	1	16136121	2621928	0
92	48	Response	2	16137560	2623367	0
92	48	Response	1	16214118	2699924	0
92	48	Response	2	16215478	2701284	0
92	48	Response	1	16724818	3210625	0
92	48	Response	2	16726258	3212065	0
92	48	Response	1	16801164	3286971	0
92	48	Response	2	16802284	3288091	0
92	48	Response	1	17249598	3735405	0
92	48	Response	2	17250798	3736605	0
92	48	Response	1	17442871	3928678	0
92	48	Response	2	17444231	3930038	0
92	48	Response	4	17904212	4390019	0
92	48	Quit		18565947	5051754	NA
