Scenario - 
Logfile written - 12/02/2019 13:51:44

Subject	Trial	Event Type	Code	Time	TTime	Uncertainty	Duration	Uncertainty	ReqTime	ReqDur	Stim Type	Pair Index

93	1	Response	4	106364	106204	0
93	1	Response	1	143333	143172	1
93	1	Response	2	145013	144852	1
93	1	Response	1	164772	164612	0
93	1	Response	2	166131	165970	2
93	1	Response	1	179012	178851	1
93	1	Response	2	180691	180531	0
93	1	Response	1	195651	195490	0
93	1	Response	2	196931	196770	0
93	1	Response	1	211090	210930	1
93	1	Response	2	212210	212050	1
93	1	Response	1	225170	225009	1
93	1	Response	2	226370	226209	1
93	1	Response	1	248289	248128	0
93	1	Response	2	249569	249408	1
93	1	Response	1	257568	257408	1
93	1	Response	2	258849	258688	1
93	1	Response	1	266608	266448	1
93	1	Response	2	268048	267888	1
93	1	Response	1	278608	278447	1
93	1	Response	2	279888	279727	1
93	1	Response	1	326206	326045	1
93	1	Response	2	327646	327485	1
93	1	Response	1	335485	335325	1
93	1	Response	2	337006	336845	0
93	1	Response	1	368284	368124	1
93	1	Response	2	369564	369404	1
93	1	Response	1	388764	388603	1
93	1	Response	2	390123	389963	1
93	1	Response	1	392443	392283	1
93	1	Response	2	393802	393642	1
93	1	Response	1	395883	395722	0
93	1	Response	2	397164	397004	0
93	1	Response	1	415563	415402	0
93	1	Response	2	416282	416122	0
93	1	Response	1	462041	461880	1
93	1	Response	2	463401	463240	0
93	1	Response	1	477400	477240	0
93	1	Response	2	478920	478760	1
93	1	Response	1	499719	499559	0
93	1	Response	2	500679	500519	0
93	1	Response	1	511399	511238	1
93	1	Response	2	512359	512199	0
93	1	Response	1	524199	524038	1
93	1	Response	2	525559	525398	0
93	1	Response	1	543558	543398	1
93	1	Response	2	544758	544597	0
93	1	Response	1	557157	556997	1
93	1	Response	2	558437	558276	1
93	1	Response	1	566277	566116	0
93	1	Response	2	567478	567317	0
93	1	Response	1	570436	570276	1
93	1	Response	2	571636	571476	0
93	1	Response	1	596836	596675	0
93	1	Response	2	597956	597795	0
93	1	Response	1	685873	685712	0
93	1	Response	2	687471	687310	2
93	1	Response	1	749710	749549	1
93	1	Response	2	751230	751069	0
93	1	Response	1	758509	758349	0
93	1	Response	2	759790	759629	1
93	1	Response	1	764349	764189	0
93	1	Response	2	765629	765469	1
93	1	Response	1	818588	818427	1
93	1	Response	2	819627	819467	0
93	1	Response	1	842826	842666	0
93	1	Response	2	843706	843546	0
93	1	Response	1	915944	915783	1
93	1	Response	2	917144	916983	1
93	1	Response	1	931383	931222	1
93	1	Response	2	932823	932662	1
93	1	Response	1	952742	952581	1
93	1	Response	2	953862	953701	0
93	1	Response	1	966982	966821	0
93	1	Response	2	968341	968181	1
93	1	Response	1	987541	987380	1
93	1	Response	2	988821	988660	0
93	1	Response	1	1006020	1005859	1
93	1	Response	2	1007540	1007380	1
93	1	Response	1	1016020	1015859	0
93	1	Response	2	1017380	1017219	1
93	1	Response	1	1027220	1027060	0
93	1	Response	2	1028179	1028019	1
93	1	Response	1	1056418	1056257	0
93	1	Response	2	1057458	1057298	1
93	1	Response	1	1059698	1059538	0
93	1	Response	2	1060578	1060417	0
93	1	Response	1	1065938	1065777	0
93	1	Response	2	1067218	1067057	1
93	1	Response	1	1075698	1075537	1
93	1	Response	2	1076977	1076817	0
93	1	Response	1	1126415	1126255	0
93	1	Response	2	1127775	1127615	1
93	1	Response	1	1171133	1170973	1
93	1	Response	2	1172571	1172410	3
93	1	Response	1	1176893	1176733	0
93	1	Response	2	1178172	1178012	2
93	1	Response	1	1185373	1185213	0
93	1	Response	2	1186573	1186412	0
93	2	Response	4	1353836	103781	0
93	3	Response	1	1555119	200906	1
93	3	Response	2	1556719	202505	1
93	3	Response	1	1566319	212105	0
93	3	Response	2	1567600	213386	0
93	3	Response	1	1584718	230505	0
93	3	Response	2	1586078	231864	1
93	3	Response	1	1601838	247624	0
93	3	Response	2	1603197	248983	1
93	3	Response	1	1614876	260662	2
93	3	Response	2	1616237	262023	0
93	3	Response	1	1628156	273943	0
93	3	Response	2	1629277	275063	1
93	3	Response	1	1637995	283781	2
93	3	Response	2	1639356	285142	1
93	3	Response	1	1648316	294102	1
93	3	Response	2	1649676	295462	0
93	3	Response	1	1658475	304261	1
93	3	Response	2	1659676	305462	0
93	3	Response	1	1675035	320821	1
93	3	Response	2	1676713	322500	2
93	3	Response	1	1682634	328421	0
93	3	Response	2	1683995	329782	1
93	3	Response	1	1699834	345620	1
93	3	Response	2	1701354	347140	0
93	3	Response	1	1718953	364739	1
93	3	Response	2	1719913	365699	1
93	3	Response	1	1749352	395138	0
93	3	Response	2	1750552	396338	0
93	3	Response	1	1767992	413779	0
93	3	Response	2	1769351	415137	0
93	3	Response	1	1811030	456816	0
93	3	Response	2	1812469	458255	1
93	3	Response	1	1825029	470815	0
93	3	Response	2	1826229	472015	1
93	3	Response	1	1831669	477455	1
93	3	Response	2	1832948	478735	0
93	3	Response	1	1850788	496574	0
93	3	Response	2	1851907	497694	1
93	3	Response	1	1877987	523773	0
93	3	Response	2	1879347	525133	0
93	3	Response	1	1893987	539773	0
93	3	Response	2	1896786	542572	1
93	3	Response	1	1915745	561532	1
93	3	Response	2	1926225	572011	1
93	3	Response	1	1933345	579132	0
93	3	Response	2	1934865	580651	1
93	3	Response	1	1943424	589211	1
93	3	Response	2	1944624	590411	1
93	3	Response	1	1951504	597290	0
93	3	Response	2	1952144	597930	0
93	3	Response	1	2000542	646328	0
93	3	Response	2	2003422	649208	1
93	3	Response	1	2016621	662408	0
93	3	Response	2	2017662	663448	0
93	4	Response	1	2221734	202409	1
93	4	Response	2	2223254	203929	0
93	4	Response	1	2234453	215129	1
93	4	Response	2	2235893	216568	1
93	4	Response	1	2247093	227768	1
93	4	Response	2	2248293	228968	1
93	4	Response	1	2259332	240007	1
93	4	Response	2	2260452	241128	1
93	4	Response	1	2277733	258408	1
93	4	Response	2	2278852	259527	0
93	4	Response	1	2291412	272087	0
93	4	Response	2	2293172	273847	0
93	4	Response	1	2304851	285526	0
93	4	Response	2	2307011	287686	0
93	4	Response	1	2316770	297445	1
93	4	Response	2	2317970	298645	0
93	4	Response	1	2343489	324164	1
93	4	Response	2	2344849	325525	1
93	4	Response	1	2354529	335204	1
93	4	Response	2	2356848	337524	1
93	4	Response	1	2361889	342564	0
93	4	Response	2	2363169	343844	0
93	4	Response	1	2379088	359763	1
93	4	Response	2	2380607	361283	1
93	4	Response	1	2411807	392482	0
93	4	Response	2	2413887	394562	0
93	4	Response	1	2427566	408241	0
93	4	Response	2	2428926	409601	0
93	4	Response	1	2435806	416481	1
93	4	Response	2	2436926	417601	0
93	4	Response	1	2445086	425761	1
93	4	Response	2	2446125	426800	1
93	4	Response	1	2451805	432480	1
93	4	Response	2	2453245	433921	0
93	4	Response	1	2470604	451279	1
93	4	Response	2	2471804	452479	0
93	5	Video	Vogels_1min	2525283	52329	1			0		other	0
93	6	Response	4	3142649	31915	0
93	7	Response	1	3416968	273904	1
93	7	Response	2	3418328	275264	1
93	7	Response	1	3421448	278384	1
93	7	Response	2	3422648	279583	1
93	7	Response	1	3441927	298863	0
93	7	Response	2	3443207	300143	1
93	7	Response	1	3450167	307102	1
93	7	Response	2	3451207	308142	0
93	7	Response	1	3459366	316302	0
93	7	Response	2	3460566	317502	1
93	7	Response	1	3462566	319502	0
93	7	Response	2	3464327	321262	1
93	7	Response	1	3470806	327742	1
93	7	Response	2	3472165	329100	2
93	7	Response	1	3478806	335742	0
93	7	Response	2	3479925	336860	2
93	7	Response	1	3492485	349421	0
93	7	Response	2	3494004	350940	2
93	7	Response	1	3508085	365020	0
93	7	Response	2	3509285	366220	1
93	7	Response	1	3516085	373021	1
93	7	Response	2	3517204	374140	1
93	7	Response	1	3539125	396060	1
93	7	Response	2	3540564	397499	0
93	7	Response	1	3576803	433738	0
93	7	Response	2	3578402	435338	1
93	7	Response	1	3582402	439338	0
93	7	Response	2	3586962	443897	1
93	7	Response	1	3608561	465496	1
93	7	Response	2	3609842	466778	1
93	7	Response	1	3617601	474537	1
93	7	Response	2	3618960	475896	0
93	7	Response	1	3629759	486694	1
93	7	Response	2	3630800	487736	0
93	7	Response	1	3655679	512615	1
93	7	Response	2	3656800	513736	0
93	7	Response	1	3668880	525815	1
93	7	Response	2	3670318	527254	1
93	7	Response	1	3682079	539014	0
93	7	Response	2	3683518	540454	1
93	7	Response	1	3691598	548533	1
93	7	Response	2	3692959	549894	1
93	7	Response	1	3697918	554853	0
93	7	Response	2	3699517	556453	1
93	7	Response	1	3705997	562933	0
93	7	Response	2	3708957	565893	0
93	7	Response	1	3719598	576533	1
93	7	Response	2	3720797	577732	0
93	7	Response	1	3727596	584532	1
93	7	Response	2	3728636	585572	0
93	7	Response	1	3731116	588052	0
93	7	Response	2	3732476	589412	0
93	7	Response	1	3734557	591493	1
93	7	Response	2	3735996	592931	1
93	7	Response	1	3780234	637170	1
93	7	Response	2	3781673	638609	1
93	7	Response	1	3784794	641730	1
93	7	Response	2	3786074	643010	1
93	7	Response	1	3800234	657169	1
93	7	Response	2	3801434	658369	1
93	7	Response	1	3811113	668049	0
93	7	Response	2	3812313	669249	0
93	8	Video	Whales_1min	3865838	52329	1			0		other	0
93	9	Response	4	4482438	20650	0
93	10	Response	1	4718839	236053	1
93	10	Response	2	4720199	237412	0
93	10	Response	1	4731319	248533	0
93	10	Response	2	4732598	249812	1
93	10	Response	1	4736838	254052	1
93	10	Response	2	4740518	257732	0
93	10	Response	1	4745317	262531	0
93	10	Response	2	4746678	263891	1
93	10	Response	1	4749477	266691	1
93	10	Response	2	4750837	268051	0
93	10	Response	1	4765477	282690	1
93	10	Response	2	4766357	283570	0
93	10	Response	1	4777795	295009	2
93	10	Response	2	4779156	296370	0
93	10	Response	1	4797076	314290	1
93	10	Response	2	4798676	315889	0
93	10	Response	1	4811395	328609	1
93	10	Response	2	4812515	329729	0
93	10	Response	1	4832354	349568	1
93	10	Response	2	4833476	350689	0
93	10	Response	1	4847793	365007	0
93	10	Response	2	4849073	366286	2
93	10	Response	1	4862994	380208	0
93	10	Response	2	4864513	381727	0
93	10	Response	1	4867793	385007	0
93	10	Response	2	4871952	389166	0
93	10	Response	1	4879553	396766	1
93	10	Response	2	4881153	398366	1
93	10	Response	1	4883472	400686	1
93	10	Response	2	4884752	401966	0
93	10	Response	1	4903472	420686	1
93	10	Response	2	4904750	421964	1
93	10	Response	1	4909871	427085	0
93	10	Response	2	4913311	430525	0
93	10	Response	1	4918511	435725	1
93	10	Response	2	4920111	437325	0
93	10	Response	1	4935792	453005	0
93	10	Response	2	4936510	453724	0
93	11	Response	4	5014577	76329	0
93	12	Picture	Start_fixation	5014742	0	7	80160	13	0	next	other	0
93	12	Picture	Start_basket	5094902	80160	7	79993	7	80000	next	other	0
93	12	Response	1	5209460	194718	0
93	12	Response	2	5211300	196558	1
93	12	Response	1	5213780	199038	1
93	12	Response	2	5218500	203758	1
93	12	Response	1	5237219	222477	0
93	12	Response	2	5238099	223357	0
93	13	Picture	Start_fixation	5240556	0	7	80160	13	0	next	other	0
93	13	Picture	C	5320716	80160	7	79993	7	80000	next	other	0
93	13	Response	1	5434892	194335	1
93	13	Response	2	5436411	195855	1
93	13	Response	1	5439931	199375	1
93	13	Response	2	5443291	202735	1
93	13	Response	1	5532168	291611	1
93	13	Response	2	5533848	293291	0
93	14	Picture	Start_fixation	5535532	0	7	80160	13	0	next	other	0
93	14	Picture	E	5615692	80160	7	79993	7	80000	next	other	0
93	14	Response	1	5731441	195909	0
93	14	Response	2	5733281	197749	1
93	14	Response	1	5751999	216468	0
93	14	Response	2	5753039	217507	0
93	15	Picture	Start_fixation	5756180	0	7	80160	13	0	next	other	0
93	15	Picture	A	5836340	80160	7	79993	7	80000	next	other	0
93	15	Response	1	5947192	191012	0
93	15	Response	2	5948711	192531	2
93	15	Response	1	5964392	208212	0
93	15	Response	2	5968711	212531	1
93	15	Response	1	5989431	233251	0
93	15	Response	2	5990710	234530	0
93	16	Picture	Start_fixation	5992827	0	7	80160	13	0	next	other	0
93	16	Picture	D	6072987	80160	7	79993	7	80000	next	other	0
93	16	Response	1	6173663	180836	1
93	16	Response	2	6175343	182516	1
93	16	Response	1	6177743	184916	1
93	16	Response	2	6180863	188036	1
93	16	Response	1	6197662	204835	1
93	16	Response	2	6198783	205956	0
93	17	Picture	Start_fixation	6201143	0	7	80160	13	0	next	other	0
93	17	Picture	F	6281303	80160	7	79993	7	80000	next	other	0
93	17	Response	1	6383735	182593	0
93	17	Response	2	6385175	184033	1
93	17	Response	1	6410855	209712	0
93	17	Response	2	6411975	210832	0
93	18	Picture	Start_fixation	6414291	0	7	80160	13	0	next	other	0
93	18	Picture	B	6494451	80160	7	79993	7	80000	next	other	0
93	18	Response	1	6596128	181837	1
93	18	Response	2	6597408	183116	0
93	18	Response	1	6613167	198875	0
93	18	Response	2	6614127	199835	0
93	19	Response	4	6652275	36667	0
93	20	Picture	2	6738598	80160	7	79993	7	80000	next	other	0
93	20	Response	1	6986513	328075	1
93	20	Response	2	6988273	329835	0
93	20	Response	1	7096269	437831	1
93	20	Response	2	7098588	440150	0
93	21	Picture	Y	7191393	80160	7	79993	7	80000	next	other	0
93	21	Response	1	7304980	193747	0
93	21	Response	2	7306580	195347	0
93	21	Response	1	7387137	275904	0
93	21	Response	2	7388577	277344	0
93	22	Picture	M	7482202	80160	7	79993	7	80000	next	other	0
93	22	Response	1	7598569	196527	1
93	22	Response	2	7600329	198287	0
93	22	Response	1	7651287	249245	1
93	22	Response	2	7653127	251085	0
93	23	Picture	T	7746346	80160	7	79993	7	80000	next	other	0
93	23	Response	1	7871519	205332	0
93	23	Response	2	7872878	206692	0
93	23	Response	1	7940237	274050	1
93	23	Response	2	7941756	275569	0
93	24	Picture	O	8035322	80160	7	79993	7	80000	next	other	0
93	24	Response	1	8137189	182027	0
93	24	Response	2	8139349	184186	0
93	24	Response	1	8198226	243064	1
93	24	Response	2	8200786	245624	0
93	25	Picture	G	8293301	80160	7	79993	7	80000	next	other	0
93	25	Response	1	8407818	194678	0
93	25	Response	2	8409258	196118	0
93	25	Response	1	8486215	273075	0
93	25	Response	2	8488055	274915	0
93	26	Picture	A	8581443	80160	7	79993	7	80000	next	other	0
93	26	Response	1	8701967	200684	1
93	26	Response	2	8703807	202524	0
93	26	Response	1	8768365	267082	0
93	26	Response	2	8770045	268762	0
93	27	Picture	L	8863419	80160	7	79993	7	80000	next	other	0
93	27	Response	1	8965798	182539	0
93	27	Response	2	8967557	184298	0
93	27	Response	1	8996194	212935	2
93	27	Response	2	8997876	214617	0
93	28	Picture	K	9091234	80160	7	79993	7	80000	next	other	0
93	28	Response	1	9188588	177515	1
93	28	Response	2	9190268	179195	0
93	28	Response	1	9218508	207434	1
93	28	Response	2	9220187	209114	0
93	29	Picture	P	9313881	80160	7	79993	7	80000	next	other	0
93	29	Response	1	9414580	180858	1
93	29	Response	2	9416419	182698	0
93	29	Response	1	9447699	213977	0
93	29	Response	2	9449139	215418	0
93	30	Picture	1	9542696	80160	7	79993	7	80000	next	other	0
93	30	Response	1	9652731	190195	0
93	30	Response	2	9654251	191715	0
93	30	Response	1	9691529	228994	0
93	30	Response	2	9692969	230434	0
93	31	Picture	Z	9786675	80160	7	79993	7	80000	next	other	0
93	31	Response	1	9896402	189887	1
93	31	Response	2	9898001	191486	0
93	31	Response	1	9931681	225166	0
93	31	Response	2	9933280	226765	0
93	32	Picture	R	10026821	80160	7	79993	7	80000	next	other	0
93	32	Response	1	10134233	187571	0
93	32	Response	2	10135913	189251	0
93	32	Response	1	10163672	217010	1
93	32	Response	2	10165512	218850	0
93	33	Picture	W	10258802	80160	7	79993	7	80000	next	other	0
93	33	Response	1	10397183	218541	0
93	33	Response	2	10398543	219901	0
93	33	Response	1	10431902	253260	0
93	33	Response	2	10433901	255259	0
93	34	Picture	V	10526946	80160	7	79993	7	80000	next	other	0
93	34	Response	1	10627814	181028	0
93	34	Response	2	10629173	182387	0
93	34	Response	1	10699011	252225	0
93	34	Response	2	10701091	254305	0
93	35	Picture	F	10794257	80160	7	79993	7	80000	next	other	0
93	35	Response	1	10895004	180907	0
93	35	Response	2	10896524	182427	0
93	35	Response	1	10919803	205706	1
93	35	Response	2	10921163	207066	0
93	36	Picture	I	11014905	80160	7	79993	7	80000	next	other	0
93	36	Response	1	11154274	219529	1
93	36	Response	2	11155794	221049	0
93	36	Response	1	11190992	256247	0
93	36	Response	2	11192832	258087	0
93	37	Picture	N	11286049	80160	7	79993	7	80000	next	other	0
93	37	Response	1	11406104	200216	0
93	37	Response	2	11407224	201335	0
93	37	Response	1	11433383	227494	1
93	37	Response	2	11434904	229015	0
93	38	Picture	H	11528528	80160	7	79993	7	80000	next	other	0
93	38	Response	1	11651295	202927	1
93	38	Response	2	11652975	204606	0
93	38	Response	1	11684974	236605	1
93	38	Response	2	11687294	238926	0
93	39	Picture	X	11780341	80160	7	79993	7	80000	next	other	0
93	39	Response	1	11880486	180306	0
93	39	Response	2	11881846	181665	0
93	39	Response	1	11903205	203025	0
93	39	Response	2	11904565	204385	0
93	40	Picture	J	11998322	80160	7	79993	7	80000	next	other	0
93	40	Response	1	12094398	176236	1
93	40	Response	2	12096078	177916	0
93	40	Response	1	12127997	209835	0
93	40	Response	2	12129597	211434	0
93	41	Picture	D	12223303	80160	7	79993	7	80000	next	other	0
93	41	Response	1	12333109	189965	1
93	41	Response	2	12334949	191805	0
93	41	Response	1	12382547	239404	0
93	41	Response	2	12384067	240924	0
93	42	Picture	S	12477615	80160	7	79993	7	80000	next	other	0
93	42	Response	1	12575740	178285	0
93	42	Response	2	12577100	179644	0
93	42	Response	1	12601898	204443	0
93	42	Response	2	12603418	205963	0
93	43	Picture	B	12697430	80160	7	79993	7	80000	next	other	0
93	43	Response	1	12795171	177901	0
93	43	Response	2	12796532	179262	0
93	43	Response	1	12827730	210460	1
93	43	Response	2	12829330	212060	0
93	44	Picture	U	12922744	80160	7	79993	7	80000	next	other	0
93	44	Response	1	13024043	181458	0
93	44	Response	2	13025562	182978	0
93	44	Response	1	13062041	219457	1
93	44	Response	2	13063801	221217	0
93	45	Picture	Q	13157058	80160	7	79993	7	80000	next	other	0
93	45	Response	1	13252114	175216	1
93	45	Response	2	13253714	176816	0
93	45	Response	1	13280753	203855	1
93	45	Response	2	13282193	205295	0
93	46	Picture	E	13376039	80160	7	79993	7	80000	next	other	0
93	46	Response	1	13476265	180386	0
93	46	Response	2	13477786	181906	0
93	46	Response	1	13516744	220864	1
93	46	Response	2	13518424	222544	0
93	47	Picture	C	13612020	80160	7	79993	7	80000	next	other	0
93	47	Response	1	13720576	188717	0
93	47	Response	2	13722736	190876	0
93	47	Response	1	13744095	212235	0
93	47	Response	2	13746015	214155	0
93	48	Quit		14958020	1189847	NA
