Scenario - 
Logfile written - 12/05/2019 16:30:06

Subject	Trial	Event Type	Code	Time	TTime	Uncertainty	Duration	Uncertainty	ReqTime	ReqDur	Stim Type	Pair Index

97	1	Response	4	175248	175088	0
97	1	Response	1	211792	211632	0
97	1	Response	2	212672	212511	1
97	1	Response	1	225150	224990	1
97	1	Response	2	228672	228511	1
97	1	Response	1	234991	234831	0
97	1	Response	2	238831	238670	1
97	1	Response	1	247952	247791	1
97	1	Response	2	254271	254111	0
97	1	Response	1	336989	336828	0
97	1	Response	2	345469	345308	1
97	1	Response	1	357388	357227	0
97	1	Response	2	364108	363948	0
97	1	Response	1	430026	429866	1
97	1	Response	2	431946	431786	0
97	1	Response	1	436826	436665	1
97	1	Response	2	438026	437865	1
97	1	Response	1	452025	451865	1
97	1	Response	2	453145	452985	0
97	1	Response	1	496744	496583	0
97	1	Response	2	498264	498103	1
97	1	Response	1	500663	500502	1
97	1	Response	2	501704	501543	1
97	1	Response	1	516744	516583	0
97	1	Response	2	517623	517463	0
97	1	Response	1	542744	542583	0
97	1	Response	2	543782	543622	0
97	1	Response	1	549382	549222	1
97	1	Response	2	550422	550262	0
97	1	Response	1	553622	553462	1
97	1	Response	2	554422	554262	1
97	1	Response	1	560822	560661	0
97	1	Response	2	561702	561541	1
97	1	Response	1	566181	566021	0
97	1	Response	2	566902	566741	0
97	1	Response	1	627460	627299	0
97	1	Response	2	628260	628100	0
97	1	Response	1	635620	635459	1
97	1	Response	2	636660	636500	0
97	1	Response	1	649219	649059	0
97	1	Response	2	650500	650339	0
97	1	Response	1	689138	688978	0
97	1	Response	2	689858	689697	1
97	1	Response	1	694658	694498	0
97	1	Response	2	695697	695536	1
97	1	Response	1	724977	724816	1
97	1	Response	2	725777	725616	1
97	1	Response	1	728657	728496	1
97	1	Response	2	729618	729457	1
97	1	Response	1	744415	744255	1
97	1	Response	2	745377	745216	0
97	1	Response	1	801295	801134	1
97	1	Response	2	802175	802014	1
97	1	Response	1	805695	805534	0
97	1	Response	2	806895	806735	0
97	1	Response	1	812575	812414	1
97	1	Response	2	813535	813374	1
97	1	Response	1	816254	816094	0
97	1	Response	2	817215	817054	0
97	1	Response	1	820974	820814	0
97	1	Response	2	822174	822014	0
97	1	Response	1	845534	845373	0
97	1	Response	2	846734	846573	0
97	1	Response	1	848974	848813	0
97	1	Response	2	850014	849853	0
97	1	Response	1	852254	852093	1
97	1	Response	2	853293	853133	1
97	1	Response	1	878573	878412	0
97	1	Response	2	879613	879452	0
97	1	Response	1	882092	881932	1
97	1	Response	2	883053	882892	0
97	1	Response	1	904012	903852	1
97	1	Response	2	905372	905211	0
97	1	Response	1	937451	937290	0
97	1	Response	2	938491	938330	1
97	1	Response	1	941371	941210	1
97	1	Response	2	942331	942170	0
97	1	Response	1	968490	968329	0
97	1	Response	2	969370	969209	1
97	1	Response	1	972970	972809	0
97	1	Response	2	973928	973767	2
97	1	Response	1	1004249	1004089	1
97	1	Response	2	1005129	1004968	1
97	1	Response	1	1034408	1034248	0
97	1	Response	2	1035208	1035047	1
97	1	Response	1	1037368	1037207	1
97	1	Response	2	1038008	1037848	1
97	1	Response	1	1042808	1042647	1
97	1	Response	2	1043608	1043447	0
97	2	Response	4	1243537	131627	0
97	3	Response	1	1452956	209056	1
97	3	Response	2	1454156	210255	0
97	3	Response	1	1487675	243775	0
97	3	Response	2	1488475	244574	0
97	3	Response	1	1509274	265374	0
97	3	Response	2	1510475	266574	1
97	3	Response	1	1515914	272014	0
97	3	Response	2	1517274	273374	0
97	3	Response	1	1542793	298893	0
97	3	Response	2	1543673	299773	1
97	3	Response	1	1551592	307691	2
97	3	Response	2	1552393	308493	0
97	3	Response	1	1566072	322172	0
97	3	Response	2	1567272	323372	0
97	3	Response	1	1610231	366331	0
97	3	Response	2	1611671	367771	1
97	3	Response	1	1629751	385851	1
97	3	Response	2	1630631	386731	0
97	3	Response	1	1643349	399449	1
97	3	Response	2	1644470	400570	0
97	3	Response	1	1665910	422010	1
97	3	Response	2	1666870	422970	0
97	3	Response	1	1708068	464168	1
97	3	Response	2	1709109	465208	0
97	3	Response	1	1743266	499366	1
97	3	Response	2	1744387	500487	1
97	3	Response	1	1757027	513127	1
97	3	Response	2	1758147	514247	0
97	3	Response	1	1767747	523847	0
97	3	Response	2	1768627	524726	1
97	3	Response	1	1789107	545207	0
97	3	Response	2	1790226	546326	1
97	3	Response	1	1802226	558326	1
97	3	Response	2	1803105	559205	0
97	3	Response	1	1839425	595525	0
97	3	Response	2	1840704	596804	0
97	4	Response	1	2023499	181310	1
97	4	Response	2	2024779	182590	0
97	4	Response	1	2029099	186910	1
97	4	Response	2	2030139	187950	0
97	4	Response	1	2038539	196350	0
97	4	Response	2	2039979	197790	0
97	4	Response	1	2047658	205470	0
97	4	Response	2	2048940	206751	1
97	4	Response	1	2055419	213230	0
97	4	Response	2	2056538	214350	1
97	4	Response	1	2067178	224989	0
97	4	Response	2	2068298	226109	0
97	4	Response	1	2076697	234509	1
97	4	Response	2	2078138	235949	1
97	4	Response	1	2084618	242429	0
97	4	Response	2	2085818	243629	0
97	4	Response	1	2105097	262909	0
97	4	Response	2	2106616	264428	0
97	4	Response	1	2112777	270588	0
97	4	Response	2	2113977	271788	1
97	4	Response	1	2130456	288268	0
97	4	Response	2	2131816	289627	0
97	4	Response	1	2137174	294986	2
97	4	Response	2	2138216	296027	0
97	4	Response	1	2140936	298747	0
97	4	Response	2	2141895	299707	1
97	4	Response	1	2149015	306827	1
97	4	Response	2	2150136	307947	0
97	4	Response	1	2163735	321546	0
97	4	Response	2	2164695	322506	0
97	4	Response	1	2169735	327546	0
97	4	Response	2	2171255	329066	0
97	4	Response	1	2174216	332027	0
97	4	Response	2	2175735	333546	1
97	4	Response	1	2185735	343546	0
97	4	Response	2	2186934	344746	0
97	5	Video	Vogels_1min	2240992	52829	1			0		other	0
97	6	Response	4	2871089	44807	0
97	7	Response	1	3114107	242662	1
97	7	Response	2	3115627	244182	1
97	7	Response	1	3130587	259142	1
97	7	Response	2	3131865	260420	1
97	7	Response	1	3147306	275861	0
97	7	Response	2	3148666	277221	1
97	7	Response	1	3158105	286660	2
97	7	Response	2	3159466	288021	1
97	7	Response	1	3176106	304661	0
97	7	Response	2	3177225	305780	0
97	7	Response	1	3186905	315460	1
97	7	Response	2	3187785	316340	0
97	7	Response	1	3207865	336420	0
97	7	Response	2	3209384	337939	0
97	7	Response	1	3232824	361378	1
97	7	Response	2	3233943	362498	0
97	7	Response	1	3239144	367699	1
97	7	Response	2	3240264	368818	0
97	7	Response	1	3277782	406337	0
97	7	Response	2	3279141	407696	1
97	7	Response	1	3290742	419297	1
97	7	Response	2	3291942	420497	0
97	7	Response	1	3310661	439216	1
97	7	Response	2	3311461	440016	0
97	8	Video	Whales_1min	3365408	52329	1			0		other	0
97	9	Response	4	4012735	51705	0
97	10	Response	1	4258713	245520	1
97	10	Response	2	4259833	246640	1
97	10	Response	1	4273833	260640	1
97	10	Response	2	4274874	261681	1
97	10	Response	1	4278873	265680	1
97	10	Response	2	4279992	266799	1
97	10	Response	1	4293273	280080	1
97	10	Response	2	4294313	281120	1
97	10	Response	1	4325192	311999	1
97	10	Response	2	4326392	313199	1
97	10	Response	1	4338872	325679	0
97	10	Response	2	4339991	326798	0
97	10	Response	1	4349111	335918	1
97	10	Response	2	4349991	336798	0
97	10	Response	1	4356470	343277	0
97	10	Response	2	4357351	344158	1
97	10	Response	1	4371111	357918	0
97	10	Response	2	4372070	358877	1
97	10	Response	1	4381350	368157	1
97	10	Response	2	4382630	369437	0
97	10	Response	1	4405429	392236	1
97	10	Response	2	4406469	393276	1
97	10	Response	1	4422709	409516	1
97	10	Response	2	4423829	410636	1
97	10	Response	1	4433668	420475	1
97	10	Response	2	4434629	421436	1
97	10	Response	1	4476787	463594	0
97	10	Response	2	4477908	464715	0
97	10	Response	1	4488467	475274	0
97	10	Response	2	4489587	476394	1
97	10	Response	1	4500546	487353	1
97	10	Response	2	4501664	488471	3
97	10	Response	1	4506466	493273	0
97	10	Response	2	4507506	494313	1
97	10	Response	1	4515985	502792	1
97	10	Response	2	4517266	504073	1
97	10	Response	1	4523026	509833	1
97	10	Response	2	4524066	510873	0
97	11	Response	4	4618637	92483	0
97	12	Picture	Start_fixation	4618814	0	7	80161	13	0	next	other	0
97	12	Picture	Start_basket	4698975	80161	7	79994	7	80000	next	other	0
97	12	Response	1	4815578	196764	0
97	12	Response	2	4817417	198603	0
97	12	Response	1	4822057	203242	1
97	12	Response	2	4823337	204523	1
97	12	Response	1	4826297	207483	0
97	12	Response	2	4827657	208843	0
97	12	Response	1	4831097	212282	0
97	12	Response	2	4833897	215082	0
97	12	Response	1	4841656	222842	0
97	12	Response	2	4842856	224042	1
97	12	Response	1	4852136	233321	1
97	12	Response	2	4852776	233962	0
97	13	Picture	Start_fixation	4855463	0	7	80161	13	0	next	other	0
97	13	Picture	B	4935624	80161	7	79994	7	80000	next	other	0
97	13	Response	1	5038851	183387	1
97	13	Response	2	5039971	184507	1
97	13	Response	1	5042930	187467	0
97	13	Response	2	5045570	190107	0
97	13	Response	1	5050210	194747	1
97	13	Response	2	5052530	197067	0
97	13	Response	1	5065650	210186	0
97	13	Response	2	5066690	211226	0
97	14	Picture	Start_fixation	5069281	0	7	80161	13	0	next	other	0
97	14	Picture	D	5149441	80161	7	79994	7	80000	next	other	0
97	14	Response	1	5250364	181084	1
97	14	Response	2	5251484	182204	1
97	14	Response	1	5254684	185404	1
97	14	Response	2	5255964	186684	1
97	14	Response	1	5258444	189164	1
97	14	Response	2	5259564	190284	1
97	14	Response	1	5272045	202764	1
97	14	Response	2	5272683	203403	0
97	15	Picture	Start_fixation	5275765	0	7	80161	13	0	next	other	0
97	15	Picture	E	5355926	80161	7	79994	7	80000	next	other	0
97	15	Response	1	5452359	176593	1
97	15	Response	2	5453719	177954	0
97	15	Response	1	5461638	185873	1
97	15	Response	2	5463078	187313	0
97	15	Response	1	5465557	189792	1
97	15	Response	2	5466598	190833	1
97	15	Response	1	5479238	203473	1
97	15	Response	2	5480197	204432	0
97	16	Picture	Start_fixation	5482583	0	7	80161	13	0	next	other	0
97	16	Picture	F	5562744	80161	7	79994	7	80000	next	other	0
97	16	Response	1	5660752	178169	0
97	16	Response	2	5661633	179050	1
97	16	Response	1	5669952	187369	0
97	16	Response	2	5671152	188569	0
97	16	Response	1	5683152	200569	1
97	16	Response	2	5684191	201608	0
97	17	Picture	Start_fixation	5686734	0	7	80161	13	0	next	other	0
97	17	Picture	A	5766895	80161	7	79994	7	80000	next	other	0
97	17	Response	1	5868106	181372	1
97	17	Response	2	5869627	182893	0
97	17	Response	1	5881226	194492	0
97	17	Response	2	5882346	195612	0
97	18	Picture	Start_fixation	5884886	0	7	80161	13	0	next	other	0
97	18	Picture	C	5965047	80161	7	79994	7	80000	next	other	0
97	18	Response	1	6062820	177934	1
97	18	Response	2	6064341	179455	1
97	18	Response	1	6067940	183054	0
97	18	Response	2	6070580	185694	1
97	18	Response	1	6081140	196254	0
97	18	Response	2	6082260	197374	0
97	19	Response	4	6139633	56095	0
97	20	Picture	Q	6225860	80161	7	79994	7	80000	next	other	0
97	20	Response	1	6424731	279031	0
97	20	Response	2	6426330	280631	0
97	20	Response	1	6572486	426786	1
97	20	Response	2	6578326	432626	0
97	21	Picture	X	6667494	80161	7	79994	7	80000	next	other	0
97	21	Response	1	6779440	192107	1
97	21	Response	2	6780960	193627	0
97	21	Response	1	6822159	234826	1
97	21	Response	2	6824798	237465	0
97	22	Picture	W	6917308	80161	7	79994	7	80000	next	other	0
97	22	Response	1	7021353	184205	1
97	22	Response	2	7022552	185405	0
97	22	Response	1	7055832	218684	0
97	22	Response	2	7057271	220124	0
97	23	Picture	G	7150957	80161	7	79994	7	80000	next	other	0
97	23	Response	1	7261825	191029	1
97	23	Response	2	7263026	192229	0
97	23	Response	1	7301665	230868	0
97	23	Response	2	7303104	232308	0
97	24	Picture	A	7396939	80161	7	79994	7	80000	next	other	0
97	24	Response	1	7537338	220560	1
97	24	Response	2	7539178	222400	0
97	24	Response	1	7565817	249039	1
97	24	Response	2	7567097	250319	0
97	25	Picture	2	7661085	80161	7	79994	7	80000	next	other	0
97	25	Response	1	7764211	183286	1
97	25	Response	2	7765411	184486	0
97	25	Response	1	7794930	214006	0
97	25	Response	2	7797730	216805	0
97	26	Picture	N	7890068	80161	7	79994	7	80000	next	other	0
97	26	Response	1	8005884	195976	0
97	26	Response	2	8007565	197657	0
97	26	Response	1	8043403	233495	1
97	26	Response	2	8044763	234855	0
97	27	Picture	S	8138549	80161	7	79994	7	80000	next	other	0
97	27	Response	1	8238357	179968	0
97	27	Response	2	8239557	181168	0
97	27	Response	1	8274596	216207	1
97	27	Response	2	8275556	217167	0
97	28	Picture	H	8369699	80161	7	79994	7	80000	next	other	0
97	28	Response	1	8474510	184972	0
97	28	Response	2	8475710	186172	0
97	28	Response	1	8514589	225051	0
97	28	Response	2	8515949	226411	0
97	29	Picture	1	8609681	80161	7	79994	7	80000	next	other	0
97	29	Response	1	8716503	186983	0
97	29	Response	2	8717703	188183	0
97	29	Response	1	8746903	217383	0
97	29	Response	2	8748262	218742	0
97	30	Picture	R	8841996	80161	7	79994	7	80000	next	other	0
97	30	Response	1	8946495	184659	2
97	30	Response	2	8948256	186420	0
97	30	Response	1	8974656	212820	1
97	30	Response	2	8975935	214100	0
97	31	Picture	E	9069813	80161	7	79994	7	80000	next	other	0
97	31	Response	1	9174410	184758	0
97	31	Response	2	9175689	186037	0
97	31	Response	1	9204169	214517	0
97	31	Response	2	9205288	215637	0
97	32	Picture	D	9299462	80161	7	79994	7	80000	next	other	0
97	32	Response	1	9404164	184862	1
97	32	Response	2	9405603	186302	0
97	32	Response	1	9435042	215741	1
97	32	Response	2	9436402	217101	0
97	33	Picture	I	9530111	80161	7	79994	7	80000	next	other	0
97	33	Response	1	9626796	176846	1
97	33	Response	2	9628156	178206	0
97	33	Response	1	9651436	201485	0
97	33	Response	2	9652715	202765	0
97	34	Picture	T	9746428	80161	7	79994	7	80000	next	other	0
97	34	Response	1	9849909	183641	2
97	34	Response	2	9850870	184602	0
97	34	Response	1	9917028	250761	1
97	34	Response	2	9918227	251960	0
97	35	Picture	M	10012075	80161	7	79994	7	80000	next	other	0
97	35	Response	1	10134701	202787	1
97	35	Response	2	10136221	204307	0
97	35	Response	1	10166141	234226	1
97	35	Response	2	10167660	235746	0
97	36	Picture	O	10261389	80161	7	79994	7	80000	next	other	0
97	36	Response	1	10374454	193226	0
97	36	Response	2	10376215	194986	0
97	36	Response	1	10401733	220505	1
97	36	Response	2	10403094	221865	0
97	37	Picture	K	10496871	80161	7	79994	7	80000	next	other	0
97	37	Response	1	10606048	189337	1
97	37	Response	2	10607487	190777	0
97	37	Response	1	10633807	217096	1
97	37	Response	2	10634927	218216	0
97	38	Picture	U	10728854	80161	7	79994	7	80000	next	other	0
97	38	Response	1	10829242	180548	1
97	38	Response	2	10830441	181748	0
97	38	Response	1	10862681	213987	1
97	38	Response	2	10864040	215347	0
97	39	Picture	L	10957670	80161	7	79994	7	80000	next	other	0
97	39	Response	1	11062275	184765	0
97	39	Response	2	11063554	186045	0
97	39	Response	1	11091473	213964	0
97	39	Response	2	11092593	215084	0
97	40	Picture	B	11186653	80161	7	79994	7	80000	next	other	0
97	40	Response	1	11288348	181856	1
97	40	Response	2	11289627	183135	0
97	40	Response	1	11318347	211855	1
97	40	Response	2	11319866	213374	0
97	41	Picture	C	11413635	80160	7	79994	7	80000	next	other	0
97	41	Response	1	11514421	180946	1
97	41	Response	2	11515701	182226	0
97	41	Response	1	11541060	207585	0
97	41	Response	2	11542260	208785	0
97	42	Picture	P	11636119	80161	7	79994	7	80000	next	other	0
97	42	Response	1	11735615	179657	1
97	42	Response	2	11738735	182777	0
97	42	Response	1	11762094	206135	1
97	42	Response	2	11763613	207655	0
97	43	Picture	Y	11857102	80161	7	79994	7	80000	next	other	0
97	43	Response	1	11954328	177387	1
97	43	Response	2	11962728	185786	0
97	43	Response	1	11984407	207466	1
97	43	Response	2	11985607	208665	0
97	44	Picture	J	12079419	80161	7	79994	7	80000	next	other	0
97	44	Response	1	12196401	197143	0
97	44	Response	2	12197761	198503	0
97	44	Response	1	12242880	243622	0
97	44	Response	2	12244399	245142	0
97	45	Picture	V	12337899	80161	7	79994	7	80000	next	other	0
97	45	Response	1	12450634	192896	1
97	45	Response	2	12451833	194095	0
97	45	Response	1	12487752	230014	1
97	45	Response	2	12489032	231294	0
97	46	Picture	F	12583047	80161	7	79994	7	80000	next	other	0
97	46	Response	1	12691027	188140	0
97	46	Response	2	12693106	190220	0
97	46	Response	1	12715506	212619	1
97	46	Response	2	12716945	214059	0
97	47	Picture	Z	12810530	80161	7	79994	7	80000	next	other	0
97	47	Response	1	12917180	186811	1
97	47	Response	2	12918779	188410	0
97	47	Response	1	12943739	213370	1
97	47	Response	2	12945179	214810	0
97	48	Quit		15408798	2440947	NA
