Scenario - 
Logfile written - 11/08/2019 20:07:01

Subject	Trial	Event Type	Code	Time	TTime	Uncertainty	Duration	Uncertainty	ReqTime	ReqDur	Stim Type	Pair Index

13	1	Response	4	108180	108014	0
13	1	Response	1	253826	253660	1
13	1	Response	2	262227	262061	0
13	1	Response	1	304147	303981	0
13	1	Response	2	325107	324941	0
13	1	Response	1	342708	342542	0
13	1	Response	2	358948	358781	0
13	1	Response	1	375828	375662	0
13	1	Response	2	401907	401741	0
13	1	Response	1	422307	422141	0
13	1	Response	2	438949	438782	0
13	1	Response	1	458387	458221	0
13	1	Response	2	480628	480461	0
13	1	Response	1	504147	503981	0
13	1	Response	2	505267	505101	0
13	1	Response	1	538707	538540	0
13	1	Response	2	572153	571986	0
13	1	Response	1	617269	617102	0
13	1	Response	2	641507	641340	0
13	1	Response	1	654788	654621	0
13	1	Response	2	667107	666941	0
13	1	Response	1	681987	681821	0
13	1	Response	2	713666	713500	0
13	1	Response	1	803434	803268	0
13	1	Response	2	822147	821981	0
13	1	Response	1	845267	845101	0
13	1	Response	2	846307	846141	0
13	1	Response	1	969987	969820	0
13	1	Response	2	971423	971257	4
13	1	Response	1	1017907	1017741	0
13	1	Response	2	1019267	1019100	0
13	1	Response	1	1038786	1038620	0
13	1	Response	2	1040067	1039900	0
13	1	Response	1	1192787	1192621	0
13	1	Response	2	1193987	1193821	0
13	1	Response	1	1210307	1210140	0
13	1	Response	2	1211747	1211580	0
13	1	Response	1	1342947	1342780	0
13	1	Response	2	1344547	1344380	0
13	1	Response	1	1407030	1406864	0
13	1	Response	2	1408628	1408461	0
13	1	Response	1	1457027	1456861	0
13	1	Response	2	1458707	1458541	0
13	1	Response	1	1486867	1486700	0
13	1	Response	2	1488147	1487980	0
13	1	Response	1	1550547	1550381	0
13	1	Response	2	1552070	1551904	0
13	1	Response	1	1611027	1610861	0
13	1	Response	2	1612627	1612461	0
13	1	Response	1	1636867	1636701	0
13	1	Response	2	1638227	1638061	0
13	1	Response	1	1693186	1693020	1
13	1	Response	2	1694787	1694621	0
13	1	Response	1	1712547	1712381	0
13	1	Response	2	1713587	1713421	0
13	2	Response	4	1932724	166051	0
13	3	Response	1	2217987	285136	0
13	3	Response	2	2227746	294896	0
13	3	Response	1	2240467	307616	0
13	3	Response	2	2250227	317376	0
13	3	Response	1	2273987	341137	0
13	3	Response	2	2284628	351778	0
13	3	Response	1	2298867	366017	0
13	3	Response	2	2307588	374737	0
13	3	Response	1	2322067	389217	0
13	3	Response	2	2330307	397457	0
13	3	Response	1	2383348	450498	0
13	3	Response	2	2394468	461617	0
13	3	Response	1	2412467	479617	0
13	3	Response	2	2413667	480817	0
13	3	Response	1	2466787	533937	0
13	3	Response	2	2475827	542977	0
13	3	Response	1	2489189	556339	0
13	3	Response	2	2497427	564577	0
13	3	Response	1	2540788	607937	0
13	3	Response	2	2549667	616817	0
13	3	Response	1	2656947	724097	0
13	3	Response	2	2669587	736737	0
13	3	Response	1	2741427	808577	0
13	3	Response	2	2754307	821457	0
13	3	Response	1	2828787	895937	0
13	3	Response	2	2873828	940978	0
13	3	Response	1	2917507	984657	0
13	3	Response	2	2928547	995697	0
13	3	Response	1	2952307	1019457	0
13	3	Response	2	2953267	1020417	0
13	4	Response	1	3206386	251663	0
13	4	Response	2	3231990	277267	0
13	4	Response	1	3249747	295024	0
13	4	Response	2	3267907	313184	0
13	4	Response	1	3282707	327984	0
13	4	Response	2	3304707	349984	0
13	4	Response	1	3318707	363983	0
13	4	Response	2	3335187	380464	0
13	4	Response	1	3351427	396704	0
13	4	Response	2	3384387	429664	0
13	4	Response	1	3400228	445504	0
13	4	Response	2	3432947	478224	0
13	4	Response	1	3450788	496064	0
13	4	Response	2	3461588	506865	0
13	4	Response	1	3480467	525744	0
13	4	Response	2	3481747	527024	0
13	4	Response	1	3630949	676225	0
13	4	Response	2	3643270	688547	0
13	4	Response	1	3661027	706304	0
13	4	Response	2	3671107	716384	0
13	4	Response	1	3691107	736384	0
13	4	Response	2	3705588	750864	0
13	4	Response	1	3723427	768704	0
13	4	Response	2	3732547	777824	0
13	4	Response	1	3753991	799267	0
13	4	Response	2	3776312	821588	0
13	4	Response	1	3789827	835104	0
13	4	Response	2	3790707	835984	0
13	5	Video	Vogels_1min	3844221	51951	1			0		other	0
13	6	Response	4	4504776	75938	0
13	7	Response	1	4800947	296014	0
13	7	Response	2	4825187	320254	0
13	7	Response	1	4851427	346494	0
13	7	Response	2	4859427	354494	0
13	7	Response	1	4873027	368094	0
13	7	Response	2	4883434	378500	0
13	7	Response	1	4894067	389134	0
13	7	Response	2	4910707	405774	0
13	7	Response	1	4922544	417611	2
13	7	Response	2	4931987	427054	0
13	7	Response	1	4947347	442414	0
13	7	Response	2	4955347	450414	0
13	7	Response	1	4974467	469534	0
13	7	Response	2	4975827	470894	0
13	7	Response	1	5023908	518974	0
13	7	Response	2	5032147	527214	0
13	7	Response	1	5046707	541774	0
13	7	Response	2	5054547	549614	0
13	7	Response	1	5069507	564573	0
13	7	Response	2	5076147	571214	0
13	7	Response	1	5087748	582814	0
13	7	Response	2	5096389	591456	0
13	7	Response	1	5112390	607457	0
13	7	Response	2	5116552	611619	0
13	7	Response	1	5132387	627454	0
13	7	Response	2	5133507	628574	0
13	8	Video	Whales_1min	5186626	51785	1			0		other	0
13	9	Response	4	5826694	45127	0
13	10	Response	1	6091507	264649	0
13	10	Response	2	6101427	274569	0
13	10	Response	1	6117827	290969	0
13	10	Response	2	6125272	298414	0
13	10	Response	1	6140307	313449	0
13	10	Response	2	6146467	319609	0
13	10	Response	1	6159107	332249	0
13	10	Response	2	6182552	355694	0
13	10	Response	1	6195907	369049	0
13	10	Response	2	6202388	375530	0
13	10	Response	1	6218387	391529	0
13	10	Response	2	6225747	398889	0
13	10	Response	1	6251507	424649	0
13	10	Response	2	6252787	425929	0
13	10	Response	1	6278467	451609	0
13	10	Response	2	6291027	464169	0
13	10	Response	1	6313027	486169	0
13	10	Response	2	6337667	510809	0
13	10	Response	1	6391027	564169	0
13	10	Response	2	6404867	578009	0
13	10	Response	1	6426867	600009	0
13	10	Response	2	6433827	606969	0
13	10	Response	1	6448467	621610	0
13	10	Response	2	6484227	657369	0
13	10	Response	1	6495428	668570	0
13	10	Response	2	6502467	675609	0
13	10	Response	1	6512467	685609	0
13	10	Response	2	6521987	695129	0
13	10	Response	1	6537188	710330	0
13	10	Response	2	6539507	712649	0
13	11	Response	4	6670569	131048	0
13	12	Picture	Start_fixation	6670732	0	3	80091	6	0	next	other	0
13	12	Picture	Start_basket	6750823	80091	4	80091	4	80000	next	other	0
13	12	Response	1	6877987	207256	0
13	12	Response	2	6884227	213495	0
13	12	Response	1	6897827	227095	0
13	12	Response	2	6899267	228535	0
13	13	Picture	Start_fixation	6901515	0	3	80091	4	0	next	other	0
13	13	Picture	C	6981606	80091	2	80091	2	80000	next	other	0
13	13	Response	1	7108467	206952	0
13	13	Response	2	7114547	213033	0
13	13	Response	1	7129507	227993	0
13	13	Response	2	7130786	229272	0
13	14	Picture	Start_fixation	7133297	0	3	80091	6	0	next	other	0
13	14	Picture	B	7213388	80091	3	80091	3	80000	next	other	0
13	14	Response	1	7349347	216050	0
13	14	Response	2	7350547	217250	0
13	15	Picture	Start_fixation	7353090	0	4	80091	6	0	next	other	0
13	15	Picture	D	7433182	80091	3	80091	3	80000	next	other	0
13	15	Response	1	7613107	260016	0
13	15	Response	2	7619349	266258	0
13	15	Response	1	7631107	278017	0
13	15	Response	2	7635514	282424	0
13	15	Response	1	7656947	303857	0
13	15	Response	2	7658307	305217	0
13	16	Picture	Start_fixation	7660801	0	2	80091	4	0	next	other	0
13	16	Picture	A	7740893	80091	3	80091	3	80000	next	other	0
13	16	Response	1	7851587	190786	0
13	16	Response	2	7861587	200786	0
13	16	Response	1	7886307	225506	0
13	16	Response	2	7887826	227025	0
13	17	Picture	Start_fixation	7890086	0	2	80091	5	0	next	other	0
13	17	Picture	F	7970177	80091	4	80091	4	80000	next	other	0
13	17	Response	1	8088787	198701	0
13	17	Response	2	8093667	203581	0
13	17	Response	1	8112787	222701	0
13	17	Response	2	8114227	224141	0
13	18	Picture	Start_fixation	8116540	0	4	80091	7	0	next	other	0
13	18	Picture	E	8196631	80091	4	80091	4	80000	next	other	0
13	18	Response	1	8322788	206248	0
13	18	Response	2	8338147	221607	0
13	18	Response	1	8357267	240727	0
13	18	Response	2	8358707	242167	0
13	19	Quit		14418139	6058494	NA


{
   "app": "Presentation Version 20.1 Build 12.04.17",
   "device": "Dell Inc. Latitude E5570",
   "experiment": "{C0439482-3854-4D07-8C8F-65BF0844279E}",
   "os": "Windows 10 64 bit",
   "package": "",
   "parameters": {
      "configuration": "Default configuration"
   },
   "scenario": "main.sce",
   "subject": "13",
   "timestamp": "2019/11/08 18:42:45 GMT"
}
