Scenario - 
Logfile written - 11/09/2019 16:12:47

Subject	Trial	Event Type	Code	Time	TTime	Uncertainty	Duration	Uncertainty	ReqTime	ReqDur	Stim Type	Pair Index

20	1	Response	4	119241	119075	0
20	1	Response	1	189749	189582	0
20	1	Response	2	199589	199423	0
20	1	Response	1	242870	242704	0
20	1	Response	2	266869	266703	0
20	1	Response	1	286470	286303	0
20	1	Response	2	312630	312463	0
20	1	Response	1	334789	334623	0
20	1	Response	2	349909	349743	0
20	1	Response	1	372069	371903	0
20	1	Response	2	381589	381423	0
20	1	Response	1	383109	382943	0
20	1	Response	2	384069	383903	0
20	1	Response	1	420635	420468	0
20	1	Response	2	432229	432063	0
20	1	Response	1	514789	514623	0
20	1	Response	2	552630	552463	0
20	1	Response	1	585749	585583	0
20	1	Response	2	605268	605101	1
20	1	Response	1	721109	720943	0
20	1	Response	2	722149	721983	0
20	1	Response	1	759429	759263	0
20	1	Response	2	770949	770783	0
20	1	Response	1	804470	804303	0
20	1	Response	2	814230	814063	0
20	1	Response	1	843430	843263	0
20	1	Response	2	870229	870063	0
20	1	Response	1	896789	896623	0
20	1	Response	2	912229	912063	0
20	1	Response	1	934229	934063	0
20	1	Response	2	943189	943023	0
20	1	Response	1	960796	960629	0
20	1	Response	2	974951	974785	0
20	1	Response	1	998149	997983	0
20	1	Response	2	1006629	1006463	0
20	1	Response	1	1048309	1048143	0
20	1	Response	2	1058069	1057903	0
20	1	Response	1	1084549	1084383	0
20	1	Response	2	1085829	1085663	0
20	1	Response	1	1172067	1171901	1
20	1	Response	2	1173509	1173343	0
20	1	Response	1	1257108	1256942	0
20	1	Response	2	1258069	1257903	0
20	1	Response	1	1276468	1276302	0
20	1	Response	2	1277349	1277182	0
20	1	Response	1	1362550	1362383	0
20	1	Response	2	1363589	1363423	0
20	1	Response	1	1412549	1412383	0
20	1	Response	2	1413829	1413663	0
20	1	Response	1	1457749	1457583	0
20	1	Response	2	1459189	1459023	0
20	1	Response	1	1510229	1510063	0
20	1	Response	2	1511430	1511263	0
20	1	Response	1	1540309	1540143	0
20	1	Response	2	1541429	1541262	0
20	1	Response	1	1589109	1588943	0
20	1	Response	2	1590149	1589982	0
20	1	Response	1	1684469	1684303	0
20	1	Response	2	1685669	1685503	0
20	1	Response	1	1740069	1739903	0
20	1	Response	2	1741589	1741423	0
20	1	Response	1	1797269	1797102	0
20	1	Response	2	1798389	1798223	0
20	1	Response	1	1810789	1810622	0
20	1	Response	2	1811509	1811342	0
20	1	Response	1	1860380	1860213	1128
20	1	Response	2	1862957	1862791	151
20	1	Response	1	1868298	1868131	411
20	1	Response	2	1869646	1869479	423
20	1	Response	1	1869646	1869479	1223
20	2	Response	2	1872309	1234	0
20	2	Response	4	1970081	99007	0
20	3	Response	1	2210388	240240	0
20	3	Response	2	2253429	283281	0
20	3	Response	1	2266629	296481	0
20	3	Response	2	2288469	318321	0
20	3	Response	1	2311429	341281	0
20	3	Response	2	2331109	360961	0
20	3	Response	1	2352629	382481	0
20	3	Response	2	2382389	412241	0
20	3	Response	1	2405829	435681	0
20	3	Response	2	2418069	447921	0
20	3	Response	1	2433828	463681	0
20	3	Response	2	2443429	473281	0
20	3	Response	1	2465348	495201	0
20	3	Response	2	2474229	504081	0
20	3	Response	1	2488469	518321	0
20	3	Response	2	2489668	519521	0
20	3	Response	1	2568709	598561	0
20	3	Response	2	2576149	606001	0
20	3	Response	1	2602629	632481	0
20	3	Response	2	2610469	640321	0
20	3	Response	1	2625749	655601	0
20	3	Response	2	2674948	704801	0
20	3	Response	1	2694469	724321	0
20	3	Response	2	2703909	733761	0
20	3	Response	1	2721988	751841	0
20	3	Response	2	2743028	772880	0
20	3	Response	1	2760309	790161	0
20	3	Response	2	2771828	801681	0
20	3	Response	1	2795428	825281	0
20	3	Response	2	2816869	846721	0
20	3	Response	1	2828069	857922	0
20	3	Response	2	2829508	859361	0
20	4	Response	1	3020068	189562	0
20	4	Response	2	3034388	203883	0
20	4	Response	1	3054068	223563	0
20	4	Response	2	3067989	237483	0
20	4	Response	1	3089428	258923	0
20	4	Response	2	3097988	267483	0
20	4	Response	1	3114148	283643	0
20	4	Response	2	3118388	287883	0
20	4	Response	1	3133508	303003	0
20	4	Response	2	3149669	319163	0
20	4	Response	1	3156392	325886	0
20	4	Response	2	3160788	330283	0
20	4	Response	1	3181029	350524	0
20	4	Response	2	3192388	361882	0
20	4	Response	1	3207748	377243	0
20	4	Response	2	3213588	383082	0
20	4	Response	1	3229188	398683	0
20	4	Response	2	3243348	412842	0
20	4	Response	1	3252310	421805	0
20	4	Response	2	3253748	423242	0
20	4	Response	1	3324148	493643	0
20	4	Response	2	3334628	504122	0
20	4	Response	1	3358874	528369	0
20	4	Response	2	3372708	542202	0
20	4	Response	1	3401508	571003	0
20	4	Response	2	3412628	582122	0
20	4	Response	1	3434708	604202	0
20	4	Response	2	3451748	621242	0
20	4	Response	1	3471508	641003	0
20	4	Response	2	3505908	675403	0
20	4	Response	1	3521348	690843	0
20	4	Response	2	3533588	703083	0
20	4	Response	1	3553588	723083	0
20	4	Response	2	3563987	733481	1
20	4	Response	1	3573988	743483	0
20	4	Response	2	3575428	744922	0
20	5	Video	Vogels_1min	3628755	52284	1			0		other	0
20	6	Response	4	4341711	128338	0
20	7	Response	1	4600307	258556	0
20	7	Response	2	4611108	269357	0
20	7	Response	1	4641833	300082	0
20	7	Response	2	4654948	313196	0
20	7	Response	1	4677508	335756	0
20	7	Response	2	4693268	351516	0
20	7	Response	1	4708468	366716	0
20	7	Response	2	4719346	377595	0
20	7	Response	1	4725827	384076	0
20	7	Response	2	4730227	388476	0
20	7	Response	1	4761268	419516	0
20	7	Response	2	4771587	429836	0
20	7	Response	1	4790548	448796	0
20	7	Response	2	4799268	457516	0
20	7	Response	1	4814948	473196	0
20	7	Response	2	4822227	480476	0
20	7	Response	1	4833027	491276	0
20	7	Response	2	4834067	492316	0
20	7	Response	1	4863828	522076	0
20	7	Response	2	4873268	531516	0
20	7	Response	1	4896228	554476	0
20	7	Response	2	4919187	577436	0
20	7	Response	1	4934067	592316	0
20	7	Response	2	4945907	604156	0
20	7	Response	1	4974147	632395	0
20	7	Response	2	4980947	639196	0
20	7	Response	1	4998467	656715	0
20	7	Response	2	5008149	666398	0
20	7	Response	1	5027427	685676	0
20	7	Response	2	5036547	694796	0
20	7	Response	1	5061273	719522	0
20	7	Response	2	5071107	729356	0
20	7	Response	1	5086228	744476	0
20	7	Response	2	5087107	745356	0
20	8	Video	Whales_1min	5140501	51785	1			0		other	0
20	9	Response	4	5776270	40662	0
20	10	Response	1	6023427	247024	0
20	10	Response	2	6049027	272624	0
20	10	Response	1	6069107	292704	0
20	10	Response	2	6078153	301750	0
20	10	Response	1	6095347	318944	0
20	10	Response	2	6104067	327664	0
20	10	Response	1	6120467	344064	0
20	10	Response	2	6131107	354704	0
20	10	Response	1	6149347	372944	0
20	10	Response	2	6158707	382305	0
20	10	Response	1	6180708	404305	0
20	10	Response	2	6192947	416544	0
20	10	Response	1	6209747	433344	0
20	10	Response	2	6210787	434384	0
20	10	Response	1	6240303	463901	4
20	10	Response	2	6253507	477104	0
20	10	Response	1	6282467	506064	0
20	10	Response	2	6300386	523983	0
20	10	Response	1	6314547	538144	0
20	10	Response	2	6318947	542544	0
20	10	Response	1	6361427	585024	0
20	10	Response	2	6370547	594144	0
20	10	Response	1	6382228	605825	0
20	10	Response	2	6390867	614464	0
20	10	Response	1	6410227	633824	0
20	10	Response	2	6419187	642784	0
20	10	Response	1	6435587	659184	0
20	10	Response	2	6445027	668624	0
20	10	Response	1	6460227	683824	0
20	10	Response	2	6467907	691504	0
20	10	Response	1	6484707	708304	0
20	10	Response	2	6485827	709424	0
20	11	Response	4	6595298	108230	0
20	12	Picture	Start_fixation	6595466	0	3	80091	6	0	next	other	0
20	12	Picture	Start_basket	6675558	80091	4	80091	4	80000	next	other	0
20	12	Response	1	6816547	221080	0
20	12	Response	2	6832386	236920	0
20	12	Response	1	6866546	271080	0
20	12	Response	2	6867507	272040	0
20	13	Picture	Start_fixation	6870541	0	3	80091	5	0	next	other	0
20	13	Picture	A	6950632	80091	2	80091	2	80000	next	other	0
20	13	Response	1	7058066	187526	0
20	13	Response	2	7065987	195446	0
20	13	Response	1	7081667	211126	0
20	13	Response	2	7082866	212325	0
20	14	Picture	Start_fixation	7085505	0	4	80091	7	0	next	other	0
20	14	Picture	E	7165597	80091	4	80091	4	80000	next	other	0
20	14	Response	1	7276626	191121	0
20	14	Response	2	7294307	208801	0
20	14	Response	1	7305586	220081	0
20	14	Response	2	7306706	221201	0
20	15	Picture	Start_fixation	7309462	0	3	80091	7	0	next	other	0
20	15	Picture	C	7389553	80091	4	80091	4	80000	next	other	0
20	15	Response	1	7493907	184445	0
20	15	Response	2	7504226	194765	0
20	15	Response	1	7518546	209085	0
20	15	Response	2	7519746	210285	0
20	16	Picture	Start_fixation	7522428	0	4	80091	7	0	next	other	0
20	16	Picture	B	7602519	80091	4	80091	4	80000	next	other	0
20	16	Response	1	7709666	187238	0
20	16	Response	2	7718627	196199	0
20	16	Response	1	7733907	211479	0
20	16	Response	2	7735026	212598	0
20	17	Picture	Start_fixation	7737892	0	4	80091	6	0	next	other	0
20	17	Picture	F	7817984	80091	3	80091	3	80000	next	other	0
20	17	Response	1	7928946	191054	0
20	17	Response	2	7948306	210414	0
20	17	Response	1	7969826	231934	0
20	17	Response	2	7976546	238654	0
20	17	Response	1	7990706	252814	0
20	17	Response	2	7992386	254494	0
20	18	Picture	Start_fixation	7994651	0	3	80091	6	0	next	other	0
20	18	Picture	D	8074742	80091	4	80091	4	80000	next	other	0
20	18	Response	1	8206546	211896	0
20	18	Response	2	8217106	222455	0
20	18	Response	1	8232146	237495	0
20	18	Response	2	8233266	238615	0
20	19	Quit		10055469	1820877	NA


{
   "app": "Presentation Version 20.1 Build 12.04.17",
   "device": "Dell Inc. Latitude E5570",
   "experiment": "{C0439482-3854-4D07-8C8F-65BF0844279E}",
   "os": "Windows 10 64 bit",
   "package": "",
   "parameters": {
      "configuration": "Default configuration"
   },
   "scenario": "main.sce",
   "subject": "20",
   "timestamp": "2019/11/09 14:55:45 GMT"
}
