Scenario - 
Logfile written - 11/09/2019 18:20:12

Subject	Trial	Event Type	Code	Time	TTime	Uncertainty	Duration	Uncertainty	ReqTime	ReqDur	Stim Type	Pair Index

29	1	Response	4	62755	62589	0
29	1	Response	1	120882	120715	0
29	1	Response	2	129442	129276	0
29	1	Response	1	154563	154396	0
29	1	Response	2	167522	167356	0
29	1	Response	1	191848	191681	0
29	1	Response	2	205122	204956	0
29	1	Response	1	227202	227036	0
29	1	Response	2	236722	236555	0
29	1	Response	1	276882	276716	0
29	1	Response	2	297603	297436	0
29	1	Response	1	317602	317436	0
29	1	Response	2	396403	396236	0
29	1	Response	1	513210	513043	0
29	1	Response	2	514963	514796	0
29	1	Response	1	544483	544316	0
29	1	Response	2	554008	553841	0
29	1	Response	1	563362	563196	0
29	1	Response	2	601683	601516	0
29	1	Response	1	637602	637436	1
29	1	Response	2	660162	659996	0
29	1	Response	1	692562	692396	0
29	1	Response	2	699603	699436	0
29	1	Response	1	728482	728316	0
29	1	Response	2	750963	750796	0
29	1	Response	1	778243	778076	0
29	1	Response	2	831443	831276	0
29	1	Response	4	863965	863799	0
29	1	Response	1	885283	885116	0
29	1	Response	2	887362	887196	0
29	1	Response	1	973043	972876	0
29	1	Response	2	974483	974317	0
29	1	Response	1	1099363	1099197	0
29	1	Response	2	1100803	1100636	0
29	1	Response	1	1112323	1112157	0
29	1	Response	2	1113523	1113357	0
29	1	Response	1	1154723	1154557	0
29	1	Response	2	1155923	1155757	0
29	1	Response	1	1180084	1179917	0
29	1	Response	2	1181523	1181356	0
29	1	Response	1	1571923	1571756	0
29	1	Response	2	1573360	1573194	3
29	1	Response	1	1651203	1651036	0
29	1	Response	2	1652723	1652557	0
29	1	Response	1	1728323	1728157	0
29	1	Response	2	1729603	1729437	0
29	1	Response	1	1842004	1841837	0
29	1	Response	2	1843444	1843277	0
29	1	Response	1	2040723	2040557	0
29	1	Response	2	2042324	2042157	0
29	1	Response	1	2172805	2172639	0
29	1	Response	2	2174244	2174078	0
29	1	Response	1	2234723	2234557	0
29	1	Response	2	2236003	2235837	0
29	1	Response	1	2285444	2285277	0
29	1	Response	2	2286885	2286719	0
29	1	Response	1	2346244	2346078	0
29	1	Response	2	2347924	2347758	0
29	1	Response	1	2391467	2391301	216
29	1	Response	2	2392877	2392710	327
29	2	Response	4	2555302	153390	0
29	3	Response	1	2833284	277850	0
29	3	Response	2	2860326	304892	0
29	3	Response	1	2889604	334170	0
29	3	Response	2	2901365	345931	0
29	3	Response	1	2928244	372810	0
29	3	Response	2	2968408	412974	0
29	3	Response	1	2985924	430490	0
29	3	Response	2	3031685	476251	0
29	3	Response	1	3059605	504170	0
29	3	Response	2	3087365	531931	0
29	3	Response	1	3114085	558651	0
29	3	Response	2	3115604	560170	0
29	3	Response	1	3193529	638095	0
29	3	Response	2	3202725	647290	0
29	3	Response	1	3209445	654011	0
29	3	Response	2	3234085	678651	0
29	3	Response	1	3277845	722411	0
29	3	Response	2	3288725	733291	0
29	3	Response	1	3315285	759851	0
29	3	Response	2	3324165	768731	0
29	3	Response	1	3374965	819531	0
29	3	Response	2	3383765	828331	0
29	3	Response	1	3407125	851691	0
29	3	Response	2	3421045	865611	0
29	3	Response	1	3561525	1006091	0
29	3	Response	2	3577445	1022011	0
29	3	Response	1	3618086	1062652	0
29	3	Response	2	3629205	1073771	0
29	3	Response	1	3648087	1092653	0
29	3	Response	2	3649285	1093851	0
29	4	Response	1	3845365	194792	0
29	4	Response	2	3854645	204072	0
29	4	Response	1	3899368	248795	0
29	4	Response	2	3915685	265113	0
29	4	Response	1	3935046	284473	0
29	4	Response	2	3968165	317593	0
29	4	Response	1	3996725	346153	0
29	4	Response	2	4012246	361673	0
29	4	Response	1	4033446	382873	0
29	4	Response	2	4040005	389433	0
29	4	Response	1	4313046	662473	0
29	4	Response	2	4314485	663913	0
29	4	Response	1	4385686	735113	0
29	4	Response	2	4395366	744793	0
29	4	Response	1	4411126	760553	0
29	4	Response	2	4418726	768153	0
29	4	Response	1	4441926	791353	0
29	4	Response	2	4450486	799913	0
29	4	Response	1	4480963	830390	2
29	4	Response	2	4490486	839913	0
29	4	Response	1	4535046	884474	0
29	4	Response	2	4547126	896553	0
29	4	Response	1	4573126	922553	0
29	4	Response	2	4574406	923833	0
29	5	Video	Vogels_1min	4627322	51785	1			0		other	0
29	6	Response	4	5255335	43394	0
29	7	Response	1	5549206	293806	1
29	7	Response	2	5568327	312927	0
29	7	Response	1	5596087	340687	0
29	7	Response	2	5612727	357328	0
29	7	Response	1	5639767	384367	0
29	7	Response	2	5663047	407648	0
29	7	Response	1	5677848	422449	0
29	7	Response	2	5691207	435808	0
29	7	Response	1	5738167	482768	0
29	7	Response	2	5751047	495648	0
29	7	Response	1	5802413	547014	0
29	7	Response	2	5803927	548527	0
29	7	Response	1	5852567	597167	0
29	7	Response	2	5880487	625087	0
29	7	Response	1	5898808	643409	0
29	7	Response	2	5905847	650448	0
29	7	Response	1	5928567	673168	0
29	7	Response	2	5941367	685968	0
29	7	Response	1	5987047	731648	0
29	7	Response	2	5994967	739568	0
29	7	Response	1	6015368	759969	0
29	7	Response	2	6024567	769168	0
29	7	Response	1	6038487	783088	0
29	7	Response	2	6046087	790688	0
29	7	Response	1	6066087	810688	0
29	7	Response	2	6072247	816847	0
29	7	Response	1	6096487	841088	0
29	7	Response	2	6097607	842207	0
29	8	Video	Whales_1min	6150726	51785	1			0		other	0
29	9	Response	4	6833296	87629	0
29	10	Response	1	7107207	273789	0
29	10	Response	2	7151048	317630	0
29	10	Response	1	7170408	336990	0
29	10	Response	2	7178328	344910	0
29	10	Response	1	7206328	372910	0
29	10	Response	2	7219929	386511	0
29	10	Response	1	7234968	401550	0
29	10	Response	2	7257049	423631	0
29	10	Response	1	7277209	443791	0
29	10	Response	2	7283689	450271	0
29	10	Response	1	7301848	468430	0
29	10	Response	2	7310569	477151	0
29	10	Response	1	7335768	502350	0
29	10	Response	2	7336888	503470	0
29	10	Response	1	7366969	533551	0
29	10	Response	2	7373937	540519	0
29	10	Response	1	7417049	583631	0
29	10	Response	2	7435928	602510	0
29	10	Response	1	7452007	618589	1
29	10	Response	2	7467608	634190	0
29	10	Response	1	7492656	659238	0
29	10	Response	2	7504329	670911	0
29	10	Response	1	7521368	687950	0
29	10	Response	2	7532649	699231	0
29	10	Response	1	7570488	737070	0
29	10	Response	2	7578576	745158	0
29	10	Response	1	7605053	771635	0
29	10	Response	2	7606249	772831	0
29	11	Response	4	7696527	89002	0
29	12	Picture	Start_fixation	7696608	0	4	80092	5	0	next	other	0
29	12	Picture	Start_basket	7776699	80092	2	80091	2	80000	next	other	0
29	12	Response	1	7962489	265882	0
29	12	Response	2	7970728	274121	0
29	12	Response	1	8006089	309481	0
29	12	Response	2	8023049	326441	0
29	12	Response	1	8060489	363882	0
29	12	Response	2	8061689	365081	0
29	13	Picture	Start_fixation	8064262	0	4	80092	7	0	next	other	0
29	13	Picture	B	8144354	80092	4	80091	4	80000	next	other	0
29	13	Response	1	8264889	200627	0
29	13	Response	2	8282089	217827	0
29	13	Response	1	8320650	256387	0
29	13	Response	2	8322249	257986	0
29	14	Picture	Start_fixation	8324352	0	2	80092	5	0	next	other	0
29	14	Picture	E	8404443	80092	4	80091	4	80000	next	other	0
29	14	Response	1	8550969	226618	0
29	14	Response	2	8552169	227818	0
29	15	Picture	Start_fixation	8554635	0	4	80092	7	0	next	other	0
29	15	Picture	F	8634727	80092	3	80091	3	80000	next	other	0
29	15	Response	1	8752810	198175	0
29	15	Response	2	8761850	207214	0
29	15	Response	1	8773690	219054	0
29	15	Response	2	8779210	224574	0
29	15	Response	1	8805610	250974	0
29	15	Response	2	8806729	252094	0
29	16	Picture	Start_fixation	8809563	0	2	80091	5	0	next	other	0
29	16	Picture	C	8889654	80091	4	80091	4	80000	next	other	0
29	16	Response	1	9005290	195727	0
29	16	Response	2	9017770	208207	0
29	16	Response	1	9043130	233568	0
29	16	Response	2	9044250	234687	0
29	17	Picture	Start_fixation	9046840	0	3	80091	6	0	next	other	0
29	17	Picture	D	9126931	80091	4	80092	4	80000	next	other	0
29	17	Response	1	9241211	194371	0
29	17	Response	2	9250570	203730	0
29	17	Response	1	9285850	239010	0
29	17	Response	2	9287130	240290	0
29	18	Picture	Start_fixation	9289779	0	2	80091	3	0	next	other	0
29	18	Picture	A	9369870	80091	2	80091	2	80000	next	other	0
29	18	Response	1	9482011	192232	0
29	18	Response	2	9497130	207352	0
29	18	Response	1	9523770	233992	0
29	18	Response	2	9524890	235112	0
29	19	Quit		13377476	3851253	NA


{
   "app": "Presentation Version 20.1 Build 12.04.17",
   "device": "Dell Inc. Latitude E5570",
   "experiment": "{C0439482-3854-4D07-8C8F-65BF0844279E}",
   "os": "Windows 10 64 bit",
   "package": "",
   "parameters": {
      "configuration": "Default configuration"
   },
   "scenario": "main.sce",
   "subject": "29",
   "timestamp": "2019/11/09 16:57:34 GMT"
}
