Scenario - 
Logfile written - 11/08/2019 16:12:21

Subject	Trial	Event Type	Code	Time	TTime	Uncertainty	Duration	Uncertainty	ReqTime	ReqDur	Stim Type	Pair Index

6	1	Response	4	165111	164945	0
6	1	Response	1	360341	360175	1
6	1	Response	2	367541	367375	0
6	1	Response	1	391941	391775	0
6	1	Response	2	412901	412734	0
6	1	Response	1	431461	431295	0
6	1	Response	2	460741	460575	0
6	1	Response	1	475301	475135	0
6	1	Response	2	486821	486655	0
6	1	Response	1	499141	498975	0
6	1	Response	2	522022	521856	0
6	1	Response	1	619541	619375	0
6	1	Response	2	637862	637695	0
6	1	Response	1	652662	652495	0
6	1	Response	2	661941	661775	0
6	1	Response	1	673301	673134	0
6	1	Response	2	674101	673934	0
6	1	Response	1	705941	705774	0
6	1	Response	2	717541	717375	0
6	1	Response	1	735541	735374	0
6	1	Response	2	744421	744254	0
6	1	Response	1	757621	757454	0
6	1	Response	2	766421	766255	0
6	1	Response	1	781461	781294	0
6	1	Response	2	786502	786335	0
6	1	Response	1	803141	802975	0
6	1	Response	2	811541	811375	0
6	1	Response	1	826981	826815	0
6	1	Response	2	838821	838655	0
6	1	Response	1	852261	852095	0
6	1	Response	2	853221	853055	0
6	1	Response	1	909701	909535	0
6	1	Response	2	910421	910254	0
6	1	Response	1	972021	971855	0
6	1	Response	2	972661	972495	0
6	1	Response	1	989061	988895	0
6	1	Response	2	989701	989535	0
6	1	Response	1	1077701	1077534	0
6	1	Response	2	1078421	1078254	0
6	1	Response	1	1154821	1154654	0
6	1	Response	2	1155781	1155614	0
6	1	Response	1	1326981	1326815	0
6	1	Response	2	1327701	1327535	0
6	1	Response	1	1376821	1376655	0
6	1	Response	2	1377781	1377615	0
6	1	Response	1	1436821	1436655	0
6	1	Response	2	1437701	1437534	0
6	1	Response	1	1503782	1503616	1
6	1	Response	2	1504661	1504495	0
6	1	Response	1	1560501	1560335	0
6	1	Response	2	1561461	1561295	0
6	1	Response	1	1606821	1606655	0
6	1	Response	2	1607621	1607455	0
6	1	Response	1	1613861	1613695	0
6	1	Response	2	1614661	1614495	0
6	2	Response	4	1769189	100923	0
6	3	Response	1	2080905	311567	1
6	3	Response	2	2081781	312444	0
6	3	Response	1	2120581	351244	0
6	3	Response	2	2121301	351964	0
6	3	Response	1	2207622	438284	0
6	3	Response	2	2208261	438924	0
6	3	Response	1	2273543	504205	0
6	3	Response	2	2274261	504924	0
6	3	Response	1	2283382	514045	0
6	3	Response	2	2284021	514684	0
6	3	Response	1	2304582	535244	0
6	3	Response	2	2305221	535884	0
6	3	Response	1	2324901	555564	0
6	3	Response	2	2325861	556524	0
6	3	Response	1	2343861	574524	0
6	3	Response	2	2344741	575404	0
6	3	Response	1	2360342	591005	0
6	3	Response	2	2361061	591724	0
6	3	Response	1	2414901	645564	0
6	3	Response	2	2415461	646124	0
6	3	Response	1	2424342	655004	0
6	3	Response	2	2425061	655724	0
6	3	Response	1	2463222	693885	0
6	3	Response	2	2464021	694684	0
6	3	Response	1	2560981	791644	0
6	3	Response	2	2561861	792524	0
6	3	Response	1	2577621	808284	0
6	3	Response	2	2578341	809004	0
6	3	Response	1	2605382	836045	0
6	3	Response	2	2606102	836765	0
6	3	Response	1	2633550	864212	0
6	3	Response	2	2634101	864764	0
6	4	Response	1	2838500	202477	1
6	4	Response	2	2839302	203279	0
6	4	Response	1	2871701	235678	0
6	4	Response	2	2872342	236319	0
6	4	Response	1	2892822	256799	0
6	4	Response	2	2893622	257599	0
6	4	Response	1	2915622	279599	0
6	4	Response	2	2916341	280319	0
6	4	Response	1	2926021	289999	0
6	4	Response	2	2926741	290718	0
6	4	Response	1	2944742	308719	0
6	4	Response	2	2945621	309598	0
6	4	Response	1	2963861	327839	0
6	4	Response	2	2964742	328720	0
6	4	Response	1	2971381	335358	0
6	4	Response	2	2972421	336398	0
6	4	Response	1	2976741	340719	0
6	4	Response	2	2977781	341758	0
6	4	Response	1	2979781	343758	0
6	4	Response	2	2980820	344798	0
6	4	Response	1	2983621	347598	0
6	4	Response	2	2984501	348478	0
6	4	Response	1	2987703	351680	0
6	4	Response	2	2988501	352478	0
6	4	Response	1	2991622	355599	0
6	4	Response	2	2992421	356398	0
6	4	Response	1	3001941	365918	0
6	4	Response	2	3002741	366718	0
6	4	Response	1	3007061	371039	0
6	4	Response	2	3007782	371759	0
6	4	Response	1	3021142	385119	0
6	4	Response	2	3021781	385758	0
6	4	Response	1	3051061	415039	0
6	4	Response	2	3051701	415679	0
6	4	Response	1	3066102	430079	0
6	4	Response	2	3066902	430879	0
6	4	Response	1	3079221	443199	0
6	4	Response	2	3080022	443999	0
6	4	Response	1	3111061	475038	0
6	4	Response	2	3112181	476159	0
6	4	Response	1	3123942	487919	0
6	4	Response	2	3126261	490239	0
6	4	Response	1	3144421	508398	0
6	4	Response	2	3145301	509279	0
6	4	Response	1	3154742	518719	0
6	4	Response	2	3155541	519518	0
6	5	Video	Vogels_1min	3208985	51785	1			0		other	0
6	6	Response	4	3837769	44167	0
6	7	Response	1	4106341	268447	0
6	7	Response	2	4108421	270528	0
6	7	Response	1	4125941	288048	0
6	7	Response	2	4126661	288768	0
6	7	Response	1	4144581	306688	0
6	7	Response	2	4145302	307408	0
6	7	Response	1	4165862	327968	0
6	7	Response	2	4166981	329088	0
6	7	Response	1	4180341	342448	0
6	7	Response	2	4183381	345488	0
6	7	Response	1	4208421	370528	0
6	7	Response	2	4209223	371330	0
6	7	Response	1	4228501	390608	0
6	7	Response	2	4229301	391408	0
6	7	Response	1	4258188	420294	0
6	7	Response	2	4260981	423088	0
6	7	Response	1	4308182	470288	0
6	7	Response	2	4309061	471168	0
6	7	Response	1	4314501	476608	0
6	7	Response	2	4315381	477488	0
6	7	Response	1	4320101	482208	0
6	7	Response	2	4322902	485008	0
6	7	Response	1	4342181	504288	0
6	7	Response	2	4343141	505248	0
6	7	Response	1	4347061	509168	0
6	7	Response	2	4347943	510049	0
6	7	Response	1	4354021	516128	0
6	7	Response	2	4354901	517008	0
6	7	Response	1	4382581	544688	0
6	7	Response	2	4383301	545408	0
6	7	Response	1	4386501	548607	0
6	7	Response	2	4387781	549888	0
6	7	Response	1	4403061	565168	0
6	7	Response	2	4406742	568848	0
6	7	Response	1	4419301	581407	0
6	7	Response	2	4422102	584209	0
6	7	Response	1	4426741	588848	0
6	7	Response	2	4427461	589568	0
6	8	Video	Whales_1min	4480956	51785	1			0		other	0
6	9	Response	4	5103236	27339	0
6	10	Response	1	5351700	248329	0
6	10	Response	2	5380341	276970	0
6	10	Response	1	5394581	291210	0
6	10	Response	2	5451301	347930	0
6	10	Response	1	5456982	353610	0
6	10	Response	2	5467061	363690	0
6	10	Response	1	5478821	375450	0
6	10	Response	2	5488821	385449	0
6	10	Response	1	5501221	397850	0
6	10	Response	2	5516506	413135	0
6	10	Response	1	5528665	425294	0
6	10	Response	2	5534501	431130	0
6	10	Response	1	5550022	446651	0
6	10	Response	2	5550821	447450	0
6	10	Response	1	5580421	477050	0
6	10	Response	2	5593621	490250	0
6	10	Response	1	5603621	500250	0
6	10	Response	2	5612181	508809	0
6	10	Response	1	5629541	526170	0
6	10	Response	2	5645387	542016	0
6	10	Response	1	5655461	552090	0
6	10	Response	2	5661142	557771	0
6	10	Response	1	5673142	569770	0
6	10	Response	2	5681541	578170	0
6	10	Response	1	5695301	591930	0
6	10	Response	2	5700669	597298	0
6	10	Response	1	5710901	607530	0
6	10	Response	2	5711781	608410	0
6	11	Response	4	5820291	106993	0
6	12	Picture	Start_fixation	5820364	0	2	80091	3	0	next	other	0
6	12	Picture	Start_basket	5900455	80091	2	80091	2	80000	next	other	0
6	12	Response	1	6029062	208698	0
6	12	Response	2	6036184	215820	0
6	12	Response	1	6056021	235657	0
6	12	Response	2	6056742	236378	0
6	13	Picture	Start_fixation	6059806	0	4	80091	6	0	next	other	0
6	13	Picture	E	6139897	80091	3	80091	3	80000	next	other	0
6	13	Response	1	6248983	189178	0
6	13	Response	2	6249621	189815	0
6	13	Response	1	6268822	209016	0
6	13	Response	2	6269381	209576	0
6	13	Response	1	6282501	222696	0
6	13	Response	2	6283221	223415	0
6	14	Picture	Start_fixation	6286426	0	3	80091	7	0	next	other	0
6	14	Picture	A	6366517	80091	4	80091	4	80000	next	other	0
6	14	Response	1	6485461	199035	0
6	14	Response	2	6487782	201355	0
6	14	Response	1	6525302	238876	0
6	14	Response	2	6525941	239515	0
6	15	Picture	Start_fixation	6529031	0	3	80091	6	0	next	other	0
6	15	Picture	F	6609123	80091	4	80091	4	80000	next	other	0
6	15	Response	1	6716742	187711	0
6	15	Response	2	6717382	188350	0
6	15	Response	1	6735781	206750	0
6	15	Response	2	6736421	207390	0
6	15	Response	1	6742581	213550	0
6	15	Response	2	6743302	214270	0
6	15	Response	1	6748741	219710	0
6	15	Response	2	6749542	220510	0
6	15	Response	1	6763142	234110	0
6	15	Response	2	6763941	234910	0
6	16	Picture	Start_fixation	6766808	0	2	80091	4	0	next	other	0
6	16	Picture	B	6846899	80091	3	80091	3	80000	next	other	0
6	16	Response	1	6950902	184094	0
6	16	Response	2	6956020	189212	0
6	16	Response	1	6970341	203533	0
6	16	Response	2	6971061	204253	0
6	17	Picture	Start_fixation	6974113	0	3	80091	5	0	next	other	0
6	17	Picture	D	7054205	80091	2	80091	2	80000	next	other	0
6	17	Response	1	7158741	184627	0
6	17	Response	2	7165462	191348	0
6	17	Response	1	7179621	205508	0
6	17	Response	2	7180421	206308	0
6	18	Picture	Start_fixation	7183583	0	3	80091	6	0	next	other	0
6	18	Picture	C	7263674	80091	4	80091	4	80000	next	other	0
6	18	Response	1	7366267	182684	0
6	18	Response	2	7369941	186358	0
6	18	Response	1	7386821	203238	0
6	18	Response	2	7387701	204118	0
6	19	Quit		7579321	190097	NA


{
   "app": "Presentation Version 20.1 Build 12.04.17",
   "device": "Dell Inc. Latitude E5570",
   "experiment": "{C0439482-3854-4D07-8C8F-65BF0844279E}",
   "os": "Windows 10 64 bit",
   "package": "",
   "parameters": {
      "configuration": "Default configuration"
   },
   "scenario": "main.sce",
   "subject": "6",
   "timestamp": "2019/11/08 14:58:09 GMT"
}
