Scenario - 
Logfile written - 11/08/2019 18:13:46

Subject	Trial	Event Type	Code	Time	TTime	Uncertainty	Duration	Uncertainty	ReqTime	ReqDur	Stim Type	Pair Index

9	1	Response	4	109160	108993	0
9	1	Response	1	142391	142225	2
9	1	Response	2	144069	143902	0
9	1	Response	1	169429	169263	0
9	1	Response	2	171108	170942	0
9	1	Response	1	176069	175902	0
9	1	Response	2	178229	178062	0
9	1	Response	1	186308	186142	0
9	1	Response	2	188389	188222	0
9	1	Response	1	201349	201182	0
9	1	Response	2	203029	202862	0
9	1	Response	1	229749	229582	0
9	1	Response	2	231509	231343	0
9	1	Response	1	241429	241262	0
9	1	Response	2	255589	255423	0
9	1	Response	1	265669	265502	0
9	1	Response	2	267188	267021	0
9	1	Response	1	284789	284622	0
9	1	Response	2	286069	285902	0
9	1	Response	1	306789	306622	0
9	1	Response	2	308148	307982	0
9	1	Response	1	319988	319822	0
9	1	Response	2	321668	321502	0
9	1	Response	1	345908	345742	0
9	1	Response	2	347589	347422	0
9	1	Response	1	352068	351902	0
9	1	Response	2	353589	353422	0
9	1	Response	1	362869	362702	0
9	1	Response	2	364548	364382	0
9	1	Response	1	371349	371183	0
9	1	Response	2	373029	372862	0
9	1	Response	1	381992	381826	0
9	1	Response	2	383669	383503	0
9	1	Response	1	422388	422222	0
9	1	Response	2	423908	423742	0
9	1	Response	1	460388	460222	0
9	1	Response	2	462068	461902	0
9	1	Response	1	465188	465022	0
9	1	Response	2	466869	466702	0
9	1	Response	1	484072	483905	0
9	1	Response	2	485668	485502	0
9	1	Response	1	496628	496462	0
9	1	Response	2	498388	498222	0
9	1	Response	1	589334	589168	0
9	1	Response	2	590948	590781	3
9	1	Response	1	609439	609272	0
9	1	Response	2	611035	610869	1
9	1	Response	1	638121	637955	1
9	1	Response	2	639739	639573	0
9	1	Response	1	710288	710122	1
9	1	Response	2	711907	711741	0
9	1	Response	1	746908	746741	1
9	1	Response	2	748519	748353	1
9	1	Response	1	756500	756334	1
9	1	Response	2	758104	757938	1
9	1	Response	1	772620	772453	0
9	1	Response	2	774234	774068	0
9	1	Response	1	809937	809770	0
9	1	Response	2	811543	811377	1
9	1	Response	1	826376	826210	0
9	1	Response	2	828021	827854	1
9	1	Response	1	855234	855068	0
9	1	Response	2	856827	856660	1
9	1	Response	1	894923	894757	0
9	1	Response	2	896527	896360	1
9	1	Response	1	933169	933002	1
9	1	Response	2	934787	934621	0
9	1	Response	1	965471	965305	1
9	1	Response	2	967150	966984	1
9	1	Response	1	1007927	1007761	0
9	1	Response	2	1009545	1009378	1
9	1	Response	1	1017029	1016862	0
9	1	Response	2	1018642	1018475	1
9	1	Response	1	1030659	1030493	1
9	1	Response	2	1032257	1032090	0
9	2	Response	4	1140150	54503	0
9	3	Response	1	1357752	217491	0
9	3	Response	2	1359393	219131	4
9	3	Response	1	1368325	228064	0
9	3	Response	2	1369944	229682	0
9	3	Response	1	1390805	250543	1
9	3	Response	2	1392416	252154	0
9	3	Response	1	1424155	283894	0
9	3	Response	2	1425764	285502	0
9	3	Response	1	1443746	303484	0
9	3	Response	2	1445344	305082	0
9	3	Response	1	1463312	323050	0
9	3	Response	2	1464928	324667	0
9	3	Response	1	1476437	336175	0
9	3	Response	2	1478069	337807	1
9	3	Response	1	1513619	373357	0
9	3	Response	2	1515239	374977	0
9	3	Response	1	1544369	404107	1
9	3	Response	2	1545959	405697	0
9	3	Response	1	1566571	426310	1
9	3	Response	2	1568179	427918	0
9	3	Response	1	1580916	440655	0
9	3	Response	2	1582563	442301	0
9	3	Response	1	1608199	467937	0
9	3	Response	2	1609824	469563	2
9	3	Response	1	1634060	493798	0
9	3	Response	2	1635670	495408	0
9	3	Response	1	1652919	512658	1
9	3	Response	2	1654534	514272	0
9	3	Response	1	1670624	530362	0
9	3	Response	2	1672239	531977	1
9	3	Response	1	1688956	548694	0
9	3	Response	2	1690576	550315	0
9	4	Response	1	1881155	189744	1
9	4	Response	2	1882797	191386	1
9	4	Response	1	1898644	207233	0
9	4	Response	2	1900291	208881	1
9	4	Response	1	1904516	213106	0
9	4	Response	2	1906137	214726	0
9	4	Response	1	1928668	237258	0
9	4	Response	2	1930254	238844	0
9	4	Response	1	1964392	272982	1
9	4	Response	2	1966009	274599	0
9	4	Response	1	1993724	302314	0
9	4	Response	2	1995340	303929	0
9	4	Response	1	2013568	322158	0
9	4	Response	2	2015188	323777	0
9	4	Response	1	2056596	365186	0
9	4	Response	2	2058200	366789	0
9	4	Response	1	2067062	375651	2
9	4	Response	2	2068680	377270	0
9	4	Response	1	2076425	385015	0
9	4	Response	2	2078036	386626	0
9	4	Response	1	2098893	407483	0
9	4	Response	2	2100503	409092	0
9	4	Response	1	2128071	436661	1
9	4	Response	2	2129693	438282	1
9	4	Response	1	2136716	445306	0
9	4	Response	2	2138302	446892	0
9	4	Response	1	2157402	465992	0
9	4	Response	2	2159056	467646	0
9	4	Response	1	2206970	515560	0
9	4	Response	2	2208584	517174	0
9	4	Response	1	2232172	540762	0
9	4	Response	2	2233782	542371	0
9	4	Response	1	2248222	556811	0
9	4	Response	2	2249873	558462	0
9	4	Response	1	2273708	582297	1
9	4	Response	2	2275325	583915	1
9	4	Response	1	2330069	638659	0
9	4	Response	2	2331690	640280	1
9	4	Response	1	2346299	654889	1
9	4	Response	2	2347908	656497	0
9	5	Video	Vogels_1min	2400577	51785	1			0		other	0
9	6	Response	3	3027256	42061	0
9	6	Response	4	3047833	62638	0
9	7	Response	1	3293529	245560	1
9	7	Response	2	3295146	247176	0
9	7	Response	1	3312089	264120	1
9	7	Response	2	3313694	265725	1
9	7	Response	1	3330036	282067	0
9	7	Response	2	3331661	283692	1
9	7	Response	1	3347260	299291	0
9	7	Response	2	3354835	306866	0
9	7	Response	1	3357721	309752	0
9	7	Response	2	3359334	311365	0
9	7	Response	1	3370811	322842	0
9	7	Response	2	3372427	324458	0
9	7	Response	1	3394584	346614	0
9	7	Response	2	3396229	348260	1
9	7	Response	1	3406302	358333	1
9	7	Response	2	3415029	367060	0
9	7	Response	1	3446314	398345	0
9	7	Response	2	3447928	399959	0
9	7	Response	1	3530076	482107	0
9	7	Response	2	3531674	483705	0
9	7	Response	1	3558600	510631	0
9	7	Response	2	3560204	512235	0
9	7	Response	1	3577565	529596	0
9	7	Response	2	3579164	531195	1
9	7	Response	1	3595520	547551	0
9	7	Response	2	3600155	552186	0
9	7	Response	1	3604361	556392	0
9	7	Response	2	3606013	558044	0
9	7	Response	1	3620820	572851	0
9	7	Response	2	3622440	574471	0
9	7	Response	1	3637695	589726	0
9	7	Response	2	3639309	591339	1
9	7	Response	1	3656147	608178	0
9	7	Response	2	3657733	609764	0
9	7	Response	1	3678202	630232	0
9	7	Response	2	3679817	631848	0
9	7	Response	1	3686926	638957	0
9	7	Response	2	3688536	640567	1
9	7	Response	1	3704135	656166	0
9	7	Response	2	3705742	657773	0
9	8	Video	Whales_1min	3758302	51785	1			0		other	0
9	9	Response	4	4392658	39249	0
9	10	Response	1	4642779	250073	1
9	10	Response	2	4644404	251698	0
9	10	Response	1	4664333	271628	0
9	10	Response	2	4665959	273254	0
9	10	Response	1	4681900	289194	0
9	10	Response	2	4683502	290797	0
9	10	Response	1	4699732	307026	1
9	10	Response	2	4701350	308644	0
9	10	Response	1	4728917	336212	1
9	10	Response	2	4730512	337806	0
9	10	Response	1	4745731	353025	0
9	10	Response	2	4747337	354631	0
9	10	Response	1	4756462	363757	0
9	10	Response	2	4758056	365351	0
9	10	Response	1	4773041	380335	0
9	10	Response	2	4774644	381938	0
9	10	Response	1	4815137	422432	0
9	10	Response	2	4816753	424048	0
9	10	Response	1	4840766	448061	0
9	10	Response	2	4842382	449676	0
9	10	Response	1	4864957	472251	0
9	10	Response	2	4866566	473860	0
9	10	Response	1	4879553	486847	0
9	10	Response	2	4881195	488489	1
9	10	Response	1	4900413	507708	0
9	10	Response	2	4902050	509345	1
9	10	Response	1	4909105	516400	0
9	10	Response	2	4911467	518761	0
9	10	Response	1	4911594	518888	0
9	10	Response	2	4911731	519025	1
9	10	Response	1	4932449	539744	0
9	10	Response	2	4934066	541361	0
9	10	Response	1	4956779	564073	0
9	10	Response	2	4958386	565681	1
9	10	Response	1	4959763	567058	0
9	10	Response	2	4961379	568674	0
9	10	Response	1	5005233	612527	0
9	10	Response	2	5006861	614155	0
9	10	Response	1	5063473	670767	0
9	10	Response	2	5065098	672393	0
9	11	Response	4	5132891	66985	0
9	12	Picture	Start_fixation	5133010	0	4	80091	5	0	next	other	0
9	12	Picture	Start_basket	5213101	80091	2	80091	2	80000	next	other	0
9	12	Response	1	5323371	190362	0
9	12	Response	2	5324986	191976	0
9	12	Response	1	5344526	211516	1
9	12	Response	2	5346140	213131	0
9	13	Picture	Start_fixation	5348474	0	3	80091	4	0	next	other	0
9	13	Picture	C	5428565	80091	2	80091	2	80000	next	other	0
9	13	Response	1	5520443	171969	0
9	13	Response	2	5527685	179211	0
9	13	Response	1	5534891	186417	0
9	13	Response	2	5536487	188013	1
9	13	Response	1	5557903	209429	0
9	13	Response	2	5559521	211047	0
9	14	Picture	Start_fixation	5561774	0	2	80091	4	0	next	other	0
9	14	Picture	A	5641865	80091	3	80091	3	80000	next	other	0
9	14	Response	1	5749033	187260	0
9	14	Response	2	5750648	188875	0
9	14	Response	1	5763108	201334	0
9	14	Response	2	5764742	202969	0
9	14	Response	1	5782583	220809	0
9	14	Response	2	5784190	222416	0
9	15	Picture	Start_fixation	5786562	0	2	80091	3	0	next	other	0
9	15	Picture	D	5866654	80091	2	80091	2	80000	next	other	0
9	15	Response	1	5981313	194751	0
9	15	Response	2	5982932	196369	0
9	15	Response	1	5999744	213182	0
9	15	Response	2	6001384	214822	0
9	16	Picture	Start_fixation	6003692	0	3	80091	6	0	next	other	0
9	16	Picture	B	6083783	80091	3	80091	3	80000	next	other	0
9	16	Response	1	6183903	180211	1
9	16	Response	2	6185486	181794	0
9	16	Response	1	6197249	193557	0
9	16	Response	2	6198864	195173	1
9	16	Response	1	6210464	206772	0
9	16	Response	2	6212064	208373	0
9	16	Response	1	6247868	244176	1
9	16	Response	2	6249519	245828	0
9	17	Picture	Start_fixation	6251792	0	3	80091	5	0	next	other	0
9	17	Picture	E	6331883	80091	2	80091	2	80000	next	other	0
9	17	Response	1	6444113	192321	3
9	17	Response	2	6445740	193948	1
9	17	Response	1	6455224	203432	0
9	17	Response	2	6456827	205035	0
9	17	Response	1	6462557	210765	0
9	17	Response	2	6464175	212383	0
9	17	Response	1	6471824	220032	0
9	17	Response	2	6473439	221647	0
9	17	Response	1	6487673	235881	0
9	17	Response	2	6489245	237453	0
9	18	Picture	Start_fixation	6491567	0	3	80091	6	0	next	other	0
9	18	Picture	F	6571658	80091	4	80091	4	80000	next	other	0
9	18	Response	1	6685966	194399	0
9	18	Response	2	6687555	195988	0
9	18	Response	1	6701392	209826	0
9	18	Response	2	6703002	211436	0


{
   "app": "Presentation Version 20.1 Build 12.04.17",
   "device": "Dell Inc. Latitude E5570",
   "experiment": "{C0439482-3854-4D07-8C8F-65BF0844279E}",
   "os": "Windows 10 64 bit",
   "package": "",
   "parameters": {
      "configuration": "Default configuration"
   },
   "scenario": "main.sce",
   "subject": "9",
   "timestamp": "2019/11/08 16:45:52 GMT"
}
